<?xml version="1.0" encoding="UTF-8"?>
<!-- Generated by org.testng.reporters.JUnitReportReporter -->
<testsuite hostname="DESKTOP-AD1H9CQ" failures="0" tests="9" name="NYKAA_TestNG.Parallel_Chrome" time="75.366" errors="3" timestamp="2023-05-23T12:13:29 IST" skipped="0">
  <testcase classname="NYKAA_TestNG.Parallel_Chrome" name="browser_Launch" time="7.783"/>
  <system-out/>
  <testcase classname="NYKAA_TestNG.Parallel_Chrome" name="log_In" time="19.553"/>
  <system-out/>
  <testcase classname="NYKAA_TestNG.Parallel_Chrome" name="Makeup_Product" time="20.755"/>
  <system-out/>
  <testcase classname="NYKAA_TestNG.Parallel_Chrome" name="Makeup_Remover_Product" time="3.981"/>
  <system-out/>
  <testcase classname="NYKAA_TestNG.Parallel_Chrome" name="product_Click" time="3.848"/>
  <system-out/>
  <testcase classname="NYKAA_TestNG.Parallel_Chrome" name="Product_Page_TO_Cart" time="10.514">
    <error message="no such element: Unable to locate element: {&quot;method&quot;:&quot;xpath&quot;,&quot;selector&quot;:&quot;//span[.=&#039;Proceed&#039;]&quot;}
  (Session info: chrome=113.0.5672.127)
For documentation on this error, please visit: https://www.seleniumhq.org/exceptions/no_such_element.html
Build info: version: &#039;3.141.59&#039;, revision: &#039;e82be7d358&#039;, time: &#039;2018-11-14T08:17:03&#039;
System info: host: &#039;DESKTOP-AD1H9CQ&#039;, ip: &#039;192.168.43.130&#039;, os.name: &#039;Windows 10&#039;, os.arch: &#039;amd64&#039;, os.version: &#039;10.0&#039;, java.version: &#039;17.0.4&#039;
Driver info: org.openqa.selenium.chrome.ChromeDriver
Capabilities {acceptInsecureCerts: false, browserName: chrome, browserVersion: 113.0.5672.127, chrome: {chromedriverVersion: 113.0.5672.63 (0e1a4471d5ae..., userDataDir: C:\Users\Javed\AppData\Loca...}, goog:chromeOptions: {debuggerAddress: localhost:65401}, javascriptEnabled: true, networkConnectionEnabled: false, pageLoadStrategy: normal, platform: WINDOWS, platformName: WINDOWS, proxy: Proxy(), setWindowRect: true, strictFileInteractability: false, timeouts: {implicit: 0, pageLoad: 300000, script: 30000}, unhandledPromptBehavior: dismiss and notify, webauthn:extension:credBlob: true, webauthn:extension:largeBlob: true, webauthn:extension:minPinLength: true, webauthn:extension:prf: true, webauthn:virtualAuthenticators: true}
Session ID: 71b5c14e448432cf05b7337bcfc5cf58
*** Element info: {Using=xpath, value=//span[.=&#039;Proceed&#039;]}" type="org.openqa.selenium.NoSuchElementException">
      <![CDATA[org.openqa.selenium.NoSuchElementException: no such element: Unable to locate element: {"method":"xpath","selector":"//span[.='Proceed']"}
  (Session info: chrome=113.0.5672.127)
For documentation on this error, please visit: https://www.seleniumhq.org/exceptions/no_such_element.html
Build info: version: '3.141.59', revision: 'e82be7d358', time: '2018-11-14T08:17:03'
System info: host: 'DESKTOP-AD1H9CQ', ip: '192.168.43.130', os.name: 'Windows 10', os.arch: 'amd64', os.version: '10.0', java.version: '17.0.4'
Driver info: org.openqa.selenium.chrome.ChromeDriver
Capabilities {acceptInsecureCerts: false, browserName: chrome, browserVersion: 113.0.5672.127, chrome: {chromedriverVersion: 113.0.5672.63 (0e1a4471d5ae..., userDataDir: C:\Users\Javed\AppData\Loca...}, goog:chromeOptions: {debuggerAddress: localhost:65401}, javascriptEnabled: true, networkConnectionEnabled: false, pageLoadStrategy: normal, platform: WINDOWS, platformName: WINDOWS, proxy: Proxy(), setWindowRect: true, strictFileInteractability: false, timeouts: {implicit: 0, pageLoad: 300000, script: 30000}, unhandledPromptBehavior: dismiss and notify, webauthn:extension:credBlob: true, webauthn:extension:largeBlob: true, webauthn:extension:minPinLength: true, webauthn:extension:prf: true, webauthn:virtualAuthenticators: true}
Session ID: 71b5c14e448432cf05b7337bcfc5cf58
*** Element info: {Using=xpath, value=//span[.='Proceed']}
at java.base/jdk.internal.reflect.NativeConstructorAccessorImpl.newInstance0(Native Method)
at java.base/jdk.internal.reflect.NativeConstructorAccessorImpl.newInstance(NativeConstructorAccessorImpl.java:77)
at java.base/jdk.internal.reflect.DelegatingConstructorAccessorImpl.newInstance(DelegatingConstructorAccessorImpl.java:45)
at java.base/java.lang.reflect.Constructor.newInstanceWithCaller(Constructor.java:499)
at java.base/java.lang.reflect.Constructor.newInstance(Constructor.java:480)
at org.openqa.selenium.remote.http.W3CHttpResponseCodec.createException(W3CHttpResponseCodec.java:187)
at org.openqa.selenium.remote.http.W3CHttpResponseCodec.decode(W3CHttpResponseCodec.java:122)
at org.openqa.selenium.remote.http.W3CHttpResponseCodec.decode(W3CHttpResponseCodec.java:49)
at org.openqa.selenium.remote.HttpCommandExecutor.execute(HttpCommandExecutor.java:158)
at org.openqa.selenium.remote.service.DriverCommandExecutor.execute(DriverCommandExecutor.java:83)
at org.openqa.selenium.remote.RemoteWebDriver.execute(RemoteWebDriver.java:552)
at org.openqa.selenium.remote.RemoteWebDriver.findElement(RemoteWebDriver.java:323)
at org.openqa.selenium.remote.RemoteWebDriver.findElementByXPath(RemoteWebDriver.java:428)
at org.openqa.selenium.By$ByXPath.findElement(By.java:353)
at org.openqa.selenium.remote.RemoteWebDriver.findElement(RemoteWebDriver.java:315)
at org.openqa.selenium.support.pagefactory.DefaultElementLocator.findElement(DefaultElementLocator.java:69)
at org.openqa.selenium.support.pagefactory.internal.LocatingElementHandler.invoke(LocatingElementHandler.java:38)
at jdk.proxy2/jdk.proxy2.$Proxy11.click(Unknown Source)
at NEW_PROJECT_Nykaa.Base_Class.click(Base_Class.java:114)
at NYKAA_TestNG.Parallel_Chrome.Product_Page_TO_Cart(Parallel_Chrome.java:141)
at java.base/jdk.internal.reflect.NativeMethodAccessorImpl.invoke0(Native Method)
at java.base/jdk.internal.reflect.NativeMethodAccessorImpl.invoke(NativeMethodAccessorImpl.java:77)
at java.base/jdk.internal.reflect.DelegatingMethodAccessorImpl.invoke(DelegatingMethodAccessorImpl.java:43)
at java.base/java.lang.reflect.Method.invoke(Method.java:568)
at org.testng.internal.MethodInvocationHelper.invokeMethod(MethodInvocationHelper.java:133)
at org.testng.internal.TestInvoker.invokeMethod(TestInvoker.java:598)
at org.testng.internal.TestInvoker.invokeTestMethod(TestInvoker.java:173)
at org.testng.internal.MethodRunner.runInSequence(MethodRunner.java:46)
at org.testng.internal.TestInvoker$MethodInvocationAgent.invoke(TestInvoker.java:824)
at org.testng.internal.TestInvoker.invokeTestMethods(TestInvoker.java:146)
at org.testng.internal.TestMethodWorker.invokeTestMethods(TestMethodWorker.java:146)
at org.testng.internal.TestMethodWorker.run(TestMethodWorker.java:128)
at java.base/java.util.ArrayList.forEach(ArrayList.java:1511)
at org.testng.TestRunner.privateRun(TestRunner.java:794)
at org.testng.TestRunner.run(TestRunner.java:596)
at org.testng.SuiteRunner.runTest(SuiteRunner.java:377)
at org.testng.SuiteRunner.access$000(SuiteRunner.java:28)
at org.testng.SuiteRunner$SuiteWorker.run(SuiteRunner.java:418)
at org.testng.internal.thread.ThreadUtil.lambda$execute$0(ThreadUtil.java:64)
at java.base/java.util.concurrent.FutureTask.run(FutureTask.java:264)
at java.base/java.util.concurrent.ThreadPoolExecutor.runWorker(ThreadPoolExecutor.java:1136)
at java.base/java.util.concurrent.ThreadPoolExecutor$Worker.run(ThreadPoolExecutor.java:635)
at java.base/java.lang.Thread.run(Thread.java:833)
]]>
    </error>
  </testcase> <!-- Product_Page_TO_Cart -->
  <system-out/>
  <testcase classname="NYKAA_TestNG.Parallel_Chrome" name="browser_quit" time="0.038">
    <error type="java.lang.StackOverflowError">
      <![CDATA[java.lang.StackOverflowError
at NYKAA_TestNG.Parallel_Chrome.browser_quit(Parallel_Chrome.java:194)
at NYKAA_TestNG.Parallel_Chrome.browser_quit(Parallel_Chrome.java:194)
at NYKAA_TestNG.Parallel_Chrome.browser_quit(Parallel_Chrome.java:194)
at NYKAA_TestNG.Parallel_Chrome.browser_quit(Parallel_Chrome.java:194)
at NYKAA_TestNG.Parallel_Chrome.browser_quit(Parallel_Chrome.java:194)
at NYKAA_TestNG.Parallel_Chrome.browser_quit(Parallel_Chrome.java:194)
at NYKAA_TestNG.Parallel_Chrome.browser_quit(Parallel_Chrome.java:194)
at NYKAA_TestNG.Parallel_Chrome.browser_quit(Parallel_Chrome.java:194)
at NYKAA_TestNG.Parallel_Chrome.browser_quit(Parallel_Chrome.java:194)
at NYKAA_TestNG.Parallel_Chrome.browser_quit(Parallel_Chrome.java:194)
at NYKAA_TestNG.Parallel_Chrome.browser_quit(Parallel_Chrome.java:194)
at NYKAA_TestNG.Parallel_Chrome.browser_quit(Parallel_Chrome.java:194)
at NYKAA_TestNG.Parallel_Chrome.browser_quit(Parallel_Chrome.java:194)
at NYKAA_TestNG.Parallel_Chrome.browser_quit(Parallel_Chrome.java:194)
at NYKAA_TestNG.Parallel_Chrome.browser_quit(Parallel_Chrome.java:194)
at NYKAA_TestNG.Parallel_Chrome.browser_quit(Parallel_Chrome.java:194)
at NYKAA_TestNG.Parallel_Chrome.browser_quit(Parallel_Chrome.java:194)
at NYKAA_TestNG.Parallel_Chrome.browser_quit(Parallel_Chrome.java:194)
at NYKAA_TestNG.Parallel_Chrome.browser_quit(Parallel_Chrome.java:194)
at NYKAA_TestNG.Parallel_Chrome.browser_quit(Parallel_Chrome.java:194)
at NYKAA_TestNG.Parallel_Chrome.browser_quit(Parallel_Chrome.java:194)
at NYKAA_TestNG.Parallel_Chrome.browser_quit(Parallel_Chrome.java:194)
at NYKAA_TestNG.Parallel_Chrome.browser_quit(Parallel_Chrome.java:194)
at NYKAA_TestNG.Parallel_Chrome.browser_quit(Parallel_Chrome.java:194)
at NYKAA_TestNG.Parallel_Chrome.browser_quit(Parallel_Chrome.java:194)
at NYKAA_TestNG.Parallel_Chrome.browser_quit(Parallel_Chrome.java:194)
at NYKAA_TestNG.Parallel_Chrome.browser_quit(Parallel_Chrome.java:194)
at NYKAA_TestNG.Parallel_Chrome.browser_quit(Parallel_Chrome.java:194)
at NYKAA_TestNG.Parallel_Chrome.browser_quit(Parallel_Chrome.java:194)
at NYKAA_TestNG.Parallel_Chrome.browser_quit(Parallel_Chrome.java:194)
at NYKAA_TestNG.Parallel_Chrome.browser_quit(Parallel_Chrome.java:194)
at NYKAA_TestNG.Parallel_Chrome.browser_quit(Parallel_Chrome.java:194)
at NYKAA_TestNG.Parallel_Chrome.browser_quit(Parallel_Chrome.java:194)
at NYKAA_TestNG.Parallel_Chrome.browser_quit(Parallel_Chrome.java:194)
at NYKAA_TestNG.Parallel_Chrome.browser_quit(Parallel_Chrome.java:194)
at NYKAA_TestNG.Parallel_Chrome.browser_quit(Parallel_Chrome.java:194)
at NYKAA_TestNG.Parallel_Chrome.browser_quit(Parallel_Chrome.java:194)
at NYKAA_TestNG.Parallel_Chrome.browser_quit(Parallel_Chrome.java:194)
at NYKAA_TestNG.Parallel_Chrome.browser_quit(Parallel_Chrome.java:194)
at NYKAA_TestNG.Parallel_Chrome.browser_quit(Parallel_Chrome.java:194)
at NYKAA_TestNG.Parallel_Chrome.browser_quit(Parallel_Chrome.java:194)
at NYKAA_TestNG.Parallel_Chrome.browser_quit(Parallel_Chrome.java:194)
at NYKAA_TestNG.Parallel_Chrome.browser_quit(Parallel_Chrome.java:194)
at NYKAA_TestNG.Parallel_Chrome.browser_quit(Parallel_Chrome.java:194)
at NYKAA_TestNG.Parallel_Chrome.browser_quit(Parallel_Chrome.java:194)
at NYKAA_TestNG.Parallel_Chrome.browser_quit(Parallel_Chrome.java:194)
at NYKAA_TestNG.Parallel_Chrome.browser_quit(Parallel_Chrome.java:194)
at NYKAA_TestNG.Parallel_Chrome.browser_quit(Parallel_Chrome.java:194)
at NYKAA_TestNG.Parallel_Chrome.browser_quit(Parallel_Chrome.java:194)
at NYKAA_TestNG.Parallel_Chrome.browser_quit(Parallel_Chrome.java:194)
at NYKAA_TestNG.Parallel_Chrome.browser_quit(Parallel_Chrome.java:194)
at NYKAA_TestNG.Parallel_Chrome.browser_quit(Parallel_Chrome.java:194)
at NYKAA_TestNG.Parallel_Chrome.browser_quit(Parallel_Chrome.java:194)
at NYKAA_TestNG.Parallel_Chrome.browser_quit(Parallel_Chrome.java:194)
at NYKAA_TestNG.Parallel_Chrome.browser_quit(Parallel_Chrome.java:194)
at NYKAA_TestNG.Parallel_Chrome.browser_quit(Parallel_Chrome.java:194)
at NYKAA_TestNG.Parallel_Chrome.browser_quit(Parallel_Chrome.java:194)
at NYKAA_TestNG.Parallel_Chrome.browser_quit(Parallel_Chrome.java:194)
at NYKAA_TestNG.Parallel_Chrome.browser_quit(Parallel_Chrome.java:194)
at NYKAA_TestNG.Parallel_Chrome.browser_quit(Parallel_Chrome.java:194)
at NYKAA_TestNG.Parallel_Chrome.browser_quit(Parallel_Chrome.java:194)
at NYKAA_TestNG.Parallel_Chrome.browser_quit(Parallel_Chrome.java:194)
at NYKAA_TestNG.Parallel_Chrome.browser_quit(Parallel_Chrome.java:194)
at NYKAA_TestNG.Parallel_Chrome.browser_quit(Parallel_Chrome.java:194)
at NYKAA_TestNG.Parallel_Chrome.browser_quit(Parallel_Chrome.java:194)
at NYKAA_TestNG.Parallel_Chrome.browser_quit(Parallel_Chrome.java:194)
at NYKAA_TestNG.Parallel_Chrome.browser_quit(Parallel_Chrome.java:194)
at NYKAA_TestNG.Parallel_Chrome.browser_quit(Parallel_Chrome.java:194)
at NYKAA_TestNG.Parallel_Chrome.browser_quit(Parallel_Chrome.java:194)
at NYKAA_TestNG.Parallel_Chrome.browser_quit(Parallel_Chrome.java:194)
at NYKAA_TestNG.Parallel_Chrome.browser_quit(Parallel_Chrome.java:194)
at NYKAA_TestNG.Parallel_Chrome.browser_quit(Parallel_Chrome.java:194)
at NYKAA_TestNG.Parallel_Chrome.browser_quit(Parallel_Chrome.java:194)
at NYKAA_TestNG.Parallel_Chrome.browser_quit(Parallel_Chrome.java:194)
at NYKAA_TestNG.Parallel_Chrome.browser_quit(Parallel_Chrome.java:194)
at NYKAA_TestNG.Parallel_Chrome.browser_quit(Parallel_Chrome.java:194)
at NYKAA_TestNG.Parallel_Chrome.browser_quit(Parallel_Chrome.java:194)
at NYKAA_TestNG.Parallel_Chrome.browser_quit(Parallel_Chrome.java:194)
at NYKAA_TestNG.Parallel_Chrome.browser_quit(Parallel_Chrome.java:194)
at NYKAA_TestNG.Parallel_Chrome.browser_quit(Parallel_Chrome.java:194)
at NYKAA_TestNG.Parallel_Chrome.browser_quit(Parallel_Chrome.java:194)
at NYKAA_TestNG.Parallel_Chrome.browser_quit(Parallel_Chrome.java:194)
at NYKAA_TestNG.Parallel_Chrome.browser_quit(Parallel_Chrome.java:194)
at NYKAA_TestNG.Parallel_Chrome.browser_quit(Parallel_Chrome.java:194)
at NYKAA_TestNG.Parallel_Chrome.browser_quit(Parallel_Chrome.java:194)
at NYKAA_TestNG.Parallel_Chrome.browser_quit(Parallel_Chrome.java:194)
at NYKAA_TestNG.Parallel_Chrome.browser_quit(Parallel_Chrome.java:194)
at NYKAA_TestNG.Parallel_Chrome.browser_quit(Parallel_Chrome.java:194)
at NYKAA_TestNG.Parallel_Chrome.browser_quit(Parallel_Chrome.java:194)
at NYKAA_TestNG.Parallel_Chrome.browser_quit(Parallel_Chrome.java:194)
at NYKAA_TestNG.Parallel_Chrome.browser_quit(Parallel_Chrome.java:194)
at NYKAA_TestNG.Parallel_Chrome.browser_quit(Parallel_Chrome.java:194)
at NYKAA_TestNG.Parallel_Chrome.browser_quit(Parallel_Chrome.java:194)
at NYKAA_TestNG.Parallel_Chrome.browser_quit(Parallel_Chrome.java:194)
at NYKAA_TestNG.Parallel_Chrome.browser_quit(Parallel_Chrome.java:194)
at NYKAA_TestNG.Parallel_Chrome.browser_quit(Parallel_Chrome.java:194)
at NYKAA_TestNG.Parallel_Chrome.browser_quit(Parallel_Chrome.java:194)
at NYKAA_TestNG.Parallel_Chrome.browser_quit(Parallel_Chrome.java:194)
at NYKAA_TestNG.Parallel_Chrome.browser_quit(Parallel_Chrome.java:194)
at NYKAA_TestNG.Parallel_Chrome.browser_quit(Parallel_Chrome.java:194)
at NYKAA_TestNG.Parallel_Chrome.browser_quit(Parallel_Chrome.java:194)
at NYKAA_TestNG.Parallel_Chrome.browser_quit(Parallel_Chrome.java:194)
at NYKAA_TestNG.Parallel_Chrome.browser_quit(Parallel_Chrome.java:194)
at NYKAA_TestNG.Parallel_Chrome.browser_quit(Parallel_Chrome.java:194)
at NYKAA_TestNG.Parallel_Chrome.browser_quit(Parallel_Chrome.java:194)
at NYKAA_TestNG.Parallel_Chrome.browser_quit(Parallel_Chrome.java:194)
at NYKAA_TestNG.Parallel_Chrome.browser_quit(Parallel_Chrome.java:194)
at NYKAA_TestNG.Parallel_Chrome.browser_quit(Parallel_Chrome.java:194)
at NYKAA_TestNG.Parallel_Chrome.browser_quit(Parallel_Chrome.java:194)
at NYKAA_TestNG.Parallel_Chrome.browser_quit(Parallel_Chrome.java:194)
at NYKAA_TestNG.Parallel_Chrome.browser_quit(Parallel_Chrome.java:194)
at NYKAA_TestNG.Parallel_Chrome.browser_quit(Parallel_Chrome.java:194)
at NYKAA_TestNG.Parallel_Chrome.browser_quit(Parallel_Chrome.java:194)
at NYKAA_TestNG.Parallel_Chrome.browser_quit(Parallel_Chrome.java:194)
at NYKAA_TestNG.Parallel_Chrome.browser_quit(Parallel_Chrome.java:194)
at NYKAA_TestNG.Parallel_Chrome.browser_quit(Parallel_Chrome.java:194)
at NYKAA_TestNG.Parallel_Chrome.browser_quit(Parallel_Chrome.java:194)
at NYKAA_TestNG.Parallel_Chrome.browser_quit(Parallel_Chrome.java:194)
at NYKAA_TestNG.Parallel_Chrome.browser_quit(Parallel_Chrome.java:194)
at NYKAA_TestNG.Parallel_Chrome.browser_quit(Parallel_Chrome.java:194)
at NYKAA_TestNG.Parallel_Chrome.browser_quit(Parallel_Chrome.java:194)
at NYKAA_TestNG.Parallel_Chrome.browser_quit(Parallel_Chrome.java:194)
at NYKAA_TestNG.Parallel_Chrome.browser_quit(Parallel_Chrome.java:194)
at NYKAA_TestNG.Parallel_Chrome.browser_quit(Parallel_Chrome.java:194)
at NYKAA_TestNG.Parallel_Chrome.browser_quit(Parallel_Chrome.java:194)
at NYKAA_TestNG.Parallel_Chrome.browser_quit(Parallel_Chrome.java:194)
at NYKAA_TestNG.Parallel_Chrome.browser_quit(Parallel_Chrome.java:194)
at NYKAA_TestNG.Parallel_Chrome.browser_quit(Parallel_Chrome.java:194)
at NYKAA_TestNG.Parallel_Chrome.browser_quit(Parallel_Chrome.java:194)
at NYKAA_TestNG.Parallel_Chrome.browser_quit(Parallel_Chrome.java:194)
at NYKAA_TestNG.Parallel_Chrome.browser_quit(Parallel_Chrome.java:194)
at NYKAA_TestNG.Parallel_Chrome.browser_quit(Parallel_Chrome.java:194)
at NYKAA_TestNG.Parallel_Chrome.browser_quit(Parallel_Chrome.java:194)
at NYKAA_TestNG.Parallel_Chrome.browser_quit(Parallel_Chrome.java:194)
at NYKAA_TestNG.Parallel_Chrome.browser_quit(Parallel_Chrome.java:194)
at NYKAA_TestNG.Parallel_Chrome.browser_quit(Parallel_Chrome.java:194)
at NYKAA_TestNG.Parallel_Chrome.browser_quit(Parallel_Chrome.java:194)
at NYKAA_TestNG.Parallel_Chrome.browser_quit(Parallel_Chrome.java:194)
at NYKAA_TestNG.Parallel_Chrome.browser_quit(Parallel_Chrome.java:194)
at NYKAA_TestNG.Parallel_Chrome.browser_quit(Parallel_Chrome.java:194)
at NYKAA_TestNG.Parallel_Chrome.browser_quit(Parallel_Chrome.java:194)
at NYKAA_TestNG.Parallel_Chrome.browser_quit(Parallel_Chrome.java:194)
at NYKAA_TestNG.Parallel_Chrome.browser_quit(Parallel_Chrome.java:194)
at NYKAA_TestNG.Parallel_Chrome.browser_quit(Parallel_Chrome.java:194)
at NYKAA_TestNG.Parallel_Chrome.browser_quit(Parallel_Chrome.java:194)
at NYKAA_TestNG.Parallel_Chrome.browser_quit(Parallel_Chrome.java:194)
at NYKAA_TestNG.Parallel_Chrome.browser_quit(Parallel_Chrome.java:194)
at NYKAA_TestNG.Parallel_Chrome.browser_quit(Parallel_Chrome.java:194)
at NYKAA_TestNG.Parallel_Chrome.browser_quit(Parallel_Chrome.java:194)
at NYKAA_TestNG.Parallel_Chrome.browser_quit(Parallel_Chrome.java:194)
at NYKAA_TestNG.Parallel_Chrome.browser_quit(Parallel_Chrome.java:194)
at NYKAA_TestNG.Parallel_Chrome.browser_quit(Parallel_Chrome.java:194)
at NYKAA_TestNG.Parallel_Chrome.browser_quit(Parallel_Chrome.java:194)
at NYKAA_TestNG.Parallel_Chrome.browser_quit(Parallel_Chrome.java:194)
at NYKAA_TestNG.Parallel_Chrome.browser_quit(Parallel_Chrome.java:194)
at NYKAA_TestNG.Parallel_Chrome.browser_quit(Parallel_Chrome.java:194)
at NYKAA_TestNG.Parallel_Chrome.browser_quit(Parallel_Chrome.java:194)
at NYKAA_TestNG.Parallel_Chrome.browser_quit(Parallel_Chrome.java:194)
at NYKAA_TestNG.Parallel_Chrome.browser_quit(Parallel_Chrome.java:194)
at NYKAA_TestNG.Parallel_Chrome.browser_quit(Parallel_Chrome.java:194)
at NYKAA_TestNG.Parallel_Chrome.browser_quit(Parallel_Chrome.java:194)
at NYKAA_TestNG.Parallel_Chrome.browser_quit(Parallel_Chrome.java:194)
at NYKAA_TestNG.Parallel_Chrome.browser_quit(Parallel_Chrome.java:194)
at NYKAA_TestNG.Parallel_Chrome.browser_quit(Parallel_Chrome.java:194)
at NYKAA_TestNG.Parallel_Chrome.browser_quit(Parallel_Chrome.java:194)
at NYKAA_TestNG.Parallel_Chrome.browser_quit(Parallel_Chrome.java:194)
at NYKAA_TestNG.Parallel_Chrome.browser_quit(Parallel_Chrome.java:194)
at NYKAA_TestNG.Parallel_Chrome.browser_quit(Parallel_Chrome.java:194)
at NYKAA_TestNG.Parallel_Chrome.browser_quit(Parallel_Chrome.java:194)
at NYKAA_TestNG.Parallel_Chrome.browser_quit(Parallel_Chrome.java:194)
at NYKAA_TestNG.Parallel_Chrome.browser_quit(Parallel_Chrome.java:194)
at NYKAA_TestNG.Parallel_Chrome.browser_quit(Parallel_Chrome.java:194)
at NYKAA_TestNG.Parallel_Chrome.browser_quit(Parallel_Chrome.java:194)
at NYKAA_TestNG.Parallel_Chrome.browser_quit(Parallel_Chrome.java:194)
at NYKAA_TestNG.Parallel_Chrome.browser_quit(Parallel_Chrome.java:194)
at NYKAA_TestNG.Parallel_Chrome.browser_quit(Parallel_Chrome.java:194)
at NYKAA_TestNG.Parallel_Chrome.browser_quit(Parallel_Chrome.java:194)
at NYKAA_TestNG.Parallel_Chrome.browser_quit(Parallel_Chrome.java:194)
at NYKAA_TestNG.Parallel_Chrome.browser_quit(Parallel_Chrome.java:194)
at NYKAA_TestNG.Parallel_Chrome.browser_quit(Parallel_Chrome.java:194)
at NYKAA_TestNG.Parallel_Chrome.browser_quit(Parallel_Chrome.java:194)
at NYKAA_TestNG.Parallel_Chrome.browser_quit(Parallel_Chrome.java:194)
at NYKAA_TestNG.Parallel_Chrome.browser_quit(Parallel_Chrome.java:194)
at NYKAA_TestNG.Parallel_Chrome.browser_quit(Parallel_Chrome.java:194)
at NYKAA_TestNG.Parallel_Chrome.browser_quit(Parallel_Chrome.java:194)
at NYKAA_TestNG.Parallel_Chrome.browser_quit(Parallel_Chrome.java:194)
at NYKAA_TestNG.Parallel_Chrome.browser_quit(Parallel_Chrome.java:194)
at NYKAA_TestNG.Parallel_Chrome.browser_quit(Parallel_Chrome.java:194)
at NYKAA_TestNG.Parallel_Chrome.browser_quit(Parallel_Chrome.java:194)
at NYKAA_TestNG.Parallel_Chrome.browser_quit(Parallel_Chrome.java:194)
at NYKAA_TestNG.Parallel_Chrome.browser_quit(Parallel_Chrome.java:194)
at NYKAA_TestNG.Parallel_Chrome.browser_quit(Parallel_Chrome.java:194)
at NYKAA_TestNG.Parallel_Chrome.browser_quit(Parallel_Chrome.java:194)
at NYKAA_TestNG.Parallel_Chrome.browser_quit(Parallel_Chrome.java:194)
at NYKAA_TestNG.Parallel_Chrome.browser_quit(Parallel_Chrome.java:194)
at NYKAA_TestNG.Parallel_Chrome.browser_quit(Parallel_Chrome.java:194)
at NYKAA_TestNG.Parallel_Chrome.browser_quit(Parallel_Chrome.java:194)
at NYKAA_TestNG.Parallel_Chrome.browser_quit(Parallel_Chrome.java:194)
at NYKAA_TestNG.Parallel_Chrome.browser_quit(Parallel_Chrome.java:194)
at NYKAA_TestNG.Parallel_Chrome.browser_quit(Parallel_Chrome.java:194)
at NYKAA_TestNG.Parallel_Chrome.browser_quit(Parallel_Chrome.java:194)
at NYKAA_TestNG.Parallel_Chrome.browser_quit(Parallel_Chrome.java:194)
at NYKAA_TestNG.Parallel_Chrome.browser_quit(Parallel_Chrome.java:194)
at NYKAA_TestNG.Parallel_Chrome.browser_quit(Parallel_Chrome.java:194)
at NYKAA_TestNG.Parallel_Chrome.browser_quit(Parallel_Chrome.java:194)
at NYKAA_TestNG.Parallel_Chrome.browser_quit(Parallel_Chrome.java:194)
at NYKAA_TestNG.Parallel_Chrome.browser_quit(Parallel_Chrome.java:194)
at NYKAA_TestNG.Parallel_Chrome.browser_quit(Parallel_Chrome.java:194)
at NYKAA_TestNG.Parallel_Chrome.browser_quit(Parallel_Chrome.java:194)
at NYKAA_TestNG.Parallel_Chrome.browser_quit(Parallel_Chrome.java:194)
at NYKAA_TestNG.Parallel_Chrome.browser_quit(Parallel_Chrome.java:194)
at NYKAA_TestNG.Parallel_Chrome.browser_quit(Parallel_Chrome.java:194)
at NYKAA_TestNG.Parallel_Chrome.browser_quit(Parallel_Chrome.java:194)
at NYKAA_TestNG.Parallel_Chrome.browser_quit(Parallel_Chrome.java:194)
at NYKAA_TestNG.Parallel_Chrome.browser_quit(Parallel_Chrome.java:194)
at NYKAA_TestNG.Parallel_Chrome.browser_quit(Parallel_Chrome.java:194)
at NYKAA_TestNG.Parallel_Chrome.browser_quit(Parallel_Chrome.java:194)
at NYKAA_TestNG.Parallel_Chrome.browser_quit(Parallel_Chrome.java:194)
at NYKAA_TestNG.Parallel_Chrome.browser_quit(Parallel_Chrome.java:194)
at NYKAA_TestNG.Parallel_Chrome.browser_quit(Parallel_Chrome.java:194)
at NYKAA_TestNG.Parallel_Chrome.browser_quit(Parallel_Chrome.java:194)
at NYKAA_TestNG.Parallel_Chrome.browser_quit(Parallel_Chrome.java:194)
at NYKAA_TestNG.Parallel_Chrome.browser_quit(Parallel_Chrome.java:194)
at NYKAA_TestNG.Parallel_Chrome.browser_quit(Parallel_Chrome.java:194)
at NYKAA_TestNG.Parallel_Chrome.browser_quit(Parallel_Chrome.java:194)
at NYKAA_TestNG.Parallel_Chrome.browser_quit(Parallel_Chrome.java:194)
at NYKAA_TestNG.Parallel_Chrome.browser_quit(Parallel_Chrome.java:194)
at NYKAA_TestNG.Parallel_Chrome.browser_quit(Parallel_Chrome.java:194)
at NYKAA_TestNG.Parallel_Chrome.browser_quit(Parallel_Chrome.java:194)
at NYKAA_TestNG.Parallel_Chrome.browser_quit(Parallel_Chrome.java:194)
at NYKAA_TestNG.Parallel_Chrome.browser_quit(Parallel_Chrome.java:194)
at NYKAA_TestNG.Parallel_Chrome.browser_quit(Parallel_Chrome.java:194)
at NYKAA_TestNG.Parallel_Chrome.browser_quit(Parallel_Chrome.java:194)
at NYKAA_TestNG.Parallel_Chrome.browser_quit(Parallel_Chrome.java:194)
at NYKAA_TestNG.Parallel_Chrome.browser_quit(Parallel_Chrome.java:194)
at NYKAA_TestNG.Parallel_Chrome.browser_quit(Parallel_Chrome.java:194)
at NYKAA_TestNG.Parallel_Chrome.browser_quit(Parallel_Chrome.java:194)
at NYKAA_TestNG.Parallel_Chrome.browser_quit(Parallel_Chrome.java:194)
at NYKAA_TestNG.Parallel_Chrome.browser_quit(Parallel_Chrome.java:194)
at NYKAA_TestNG.Parallel_Chrome.browser_quit(Parallel_Chrome.java:194)
at NYKAA_TestNG.Parallel_Chrome.browser_quit(Parallel_Chrome.java:194)
at NYKAA_TestNG.Parallel_Chrome.browser_quit(Parallel_Chrome.java:194)
at NYKAA_TestNG.Parallel_Chrome.browser_quit(Parallel_Chrome.java:194)
at NYKAA_TestNG.Parallel_Chrome.browser_quit(Parallel_Chrome.java:194)
at NYKAA_TestNG.Parallel_Chrome.browser_quit(Parallel_Chrome.java:194)
at NYKAA_TestNG.Parallel_Chrome.browser_quit(Parallel_Chrome.java:194)
at NYKAA_TestNG.Parallel_Chrome.browser_quit(Parallel_Chrome.java:194)
at NYKAA_TestNG.Parallel_Chrome.browser_quit(Parallel_Chrome.java:194)
at NYKAA_TestNG.Parallel_Chrome.browser_quit(Parallel_Chrome.java:194)
at NYKAA_TestNG.Parallel_Chrome.browser_quit(Parallel_Chrome.java:194)
at NYKAA_TestNG.Parallel_Chrome.browser_quit(Parallel_Chrome.java:194)
at NYKAA_TestNG.Parallel_Chrome.browser_quit(Parallel_Chrome.java:194)
at NYKAA_TestNG.Parallel_Chrome.browser_quit(Parallel_Chrome.java:194)
at NYKAA_TestNG.Parallel_Chrome.browser_quit(Parallel_Chrome.java:194)
at NYKAA_TestNG.Parallel_Chrome.browser_quit(Parallel_Chrome.java:194)
at NYKAA_TestNG.Parallel_Chrome.browser_quit(Parallel_Chrome.java:194)
at NYKAA_TestNG.Parallel_Chrome.browser_quit(Parallel_Chrome.java:194)
at NYKAA_TestNG.Parallel_Chrome.browser_quit(Parallel_Chrome.java:194)
at NYKAA_TestNG.Parallel_Chrome.browser_quit(Parallel_Chrome.java:194)
at NYKAA_TestNG.Parallel_Chrome.browser_quit(Parallel_Chrome.java:194)
at NYKAA_TestNG.Parallel_Chrome.browser_quit(Parallel_Chrome.java:194)
at NYKAA_TestNG.Parallel_Chrome.browser_quit(Parallel_Chrome.java:194)
at NYKAA_TestNG.Parallel_Chrome.browser_quit(Parallel_Chrome.java:194)
at NYKAA_TestNG.Parallel_Chrome.browser_quit(Parallel_Chrome.java:194)
at NYKAA_TestNG.Parallel_Chrome.browser_quit(Parallel_Chrome.java:194)
at NYKAA_TestNG.Parallel_Chrome.browser_quit(Parallel_Chrome.java:194)
at NYKAA_TestNG.Parallel_Chrome.browser_quit(Parallel_Chrome.java:194)
at NYKAA_TestNG.Parallel_Chrome.browser_quit(Parallel_Chrome.java:194)
at NYKAA_TestNG.Parallel_Chrome.browser_quit(Parallel_Chrome.java:194)
at NYKAA_TestNG.Parallel_Chrome.browser_quit(Parallel_Chrome.java:194)
at NYKAA_TestNG.Parallel_Chrome.browser_quit(Parallel_Chrome.java:194)
at NYKAA_TestNG.Parallel_Chrome.browser_quit(Parallel_Chrome.java:194)
at NYKAA_TestNG.Parallel_Chrome.browser_quit(Parallel_Chrome.java:194)
at NYKAA_TestNG.Parallel_Chrome.browser_quit(Parallel_Chrome.java:194)
at NYKAA_TestNG.Parallel_Chrome.browser_quit(Parallel_Chrome.java:194)
at NYKAA_TestNG.Parallel_Chrome.browser_quit(Parallel_Chrome.java:194)
at NYKAA_TestNG.Parallel_Chrome.browser_quit(Parallel_Chrome.java:194)
at NYKAA_TestNG.Parallel_Chrome.browser_quit(Parallel_Chrome.java:194)
at NYKAA_TestNG.Parallel_Chrome.browser_quit(Parallel_Chrome.java:194)
at NYKAA_TestNG.Parallel_Chrome.browser_quit(Parallel_Chrome.java:194)
at NYKAA_TestNG.Parallel_Chrome.browser_quit(Parallel_Chrome.java:194)
at NYKAA_TestNG.Parallel_Chrome.browser_quit(Parallel_Chrome.java:194)
at NYKAA_TestNG.Parallel_Chrome.browser_quit(Parallel_Chrome.java:194)
at NYKAA_TestNG.Parallel_Chrome.browser_quit(Parallel_Chrome.java:194)
at NYKAA_TestNG.Parallel_Chrome.browser_quit(Parallel_Chrome.java:194)
at NYKAA_TestNG.Parallel_Chrome.browser_quit(Parallel_Chrome.java:194)
at NYKAA_TestNG.Parallel_Chrome.browser_quit(Parallel_Chrome.java:194)
at NYKAA_TestNG.Parallel_Chrome.browser_quit(Parallel_Chrome.java:194)
at NYKAA_TestNG.Parallel_Chrome.browser_quit(Parallel_Chrome.java:194)
at NYKAA_TestNG.Parallel_Chrome.browser_quit(Parallel_Chrome.java:194)
at NYKAA_TestNG.Parallel_Chrome.browser_quit(Parallel_Chrome.java:194)
at NYKAA_TestNG.Parallel_Chrome.browser_quit(Parallel_Chrome.java:194)
at NYKAA_TestNG.Parallel_Chrome.browser_quit(Parallel_Chrome.java:194)
at NYKAA_TestNG.Parallel_Chrome.browser_quit(Parallel_Chrome.java:194)
at NYKAA_TestNG.Parallel_Chrome.browser_quit(Parallel_Chrome.java:194)
at NYKAA_TestNG.Parallel_Chrome.browser_quit(Parallel_Chrome.java:194)
at NYKAA_TestNG.Parallel_Chrome.browser_quit(Parallel_Chrome.java:194)
at NYKAA_TestNG.Parallel_Chrome.browser_quit(Parallel_Chrome.java:194)
at NYKAA_TestNG.Parallel_Chrome.browser_quit(Parallel_Chrome.java:194)
at NYKAA_TestNG.Parallel_Chrome.browser_quit(Parallel_Chrome.java:194)
at NYKAA_TestNG.Parallel_Chrome.browser_quit(Parallel_Chrome.java:194)
at NYKAA_TestNG.Parallel_Chrome.browser_quit(Parallel_Chrome.java:194)
at NYKAA_TestNG.Parallel_Chrome.browser_quit(Parallel_Chrome.java:194)
at NYKAA_TestNG.Parallel_Chrome.browser_quit(Parallel_Chrome.java:194)
at NYKAA_TestNG.Parallel_Chrome.browser_quit(Parallel_Chrome.java:194)
at NYKAA_TestNG.Parallel_Chrome.browser_quit(Parallel_Chrome.java:194)
at NYKAA_TestNG.Parallel_Chrome.browser_quit(Parallel_Chrome.java:194)
at NYKAA_TestNG.Parallel_Chrome.browser_quit(Parallel_Chrome.java:194)
at NYKAA_TestNG.Parallel_Chrome.browser_quit(Parallel_Chrome.java:194)
at NYKAA_TestNG.Parallel_Chrome.browser_quit(Parallel_Chrome.java:194)
at NYKAA_TestNG.Parallel_Chrome.browser_quit(Parallel_Chrome.java:194)
at NYKAA_TestNG.Parallel_Chrome.browser_quit(Parallel_Chrome.java:194)
at NYKAA_TestNG.Parallel_Chrome.browser_quit(Parallel_Chrome.java:194)
at NYKAA_TestNG.Parallel_Chrome.browser_quit(Parallel_Chrome.java:194)
at NYKAA_TestNG.Parallel_Chrome.browser_quit(Parallel_Chrome.java:194)
at NYKAA_TestNG.Parallel_Chrome.browser_quit(Parallel_Chrome.java:194)
at NYKAA_TestNG.Parallel_Chrome.browser_quit(Parallel_Chrome.java:194)
at NYKAA_TestNG.Parallel_Chrome.browser_quit(Parallel_Chrome.java:194)
at NYKAA_TestNG.Parallel_Chrome.browser_quit(Parallel_Chrome.java:194)
at NYKAA_TestNG.Parallel_Chrome.browser_quit(Parallel_Chrome.java:194)
at NYKAA_TestNG.Parallel_Chrome.browser_quit(Parallel_Chrome.java:194)
at NYKAA_TestNG.Parallel_Chrome.browser_quit(Parallel_Chrome.java:194)
at NYKAA_TestNG.Parallel_Chrome.browser_quit(Parallel_Chrome.java:194)
at NYKAA_TestNG.Parallel_Chrome.browser_quit(Parallel_Chrome.java:194)
at NYKAA_TestNG.Parallel_Chrome.browser_quit(Parallel_Chrome.java:194)
at NYKAA_TestNG.Parallel_Chrome.browser_quit(Parallel_Chrome.java:194)
at NYKAA_TestNG.Parallel_Chrome.browser_quit(Parallel_Chrome.java:194)
at NYKAA_TestNG.Parallel_Chrome.browser_quit(Parallel_Chrome.java:194)
at NYKAA_TestNG.Parallel_Chrome.browser_quit(Parallel_Chrome.java:194)
at NYKAA_TestNG.Parallel_Chrome.browser_quit(Parallel_Chrome.java:194)
at NYKAA_TestNG.Parallel_Chrome.browser_quit(Parallel_Chrome.java:194)
at NYKAA_TestNG.Parallel_Chrome.browser_quit(Parallel_Chrome.java:194)
at NYKAA_TestNG.Parallel_Chrome.browser_quit(Parallel_Chrome.java:194)
at NYKAA_TestNG.Parallel_Chrome.browser_quit(Parallel_Chrome.java:194)
at NYKAA_TestNG.Parallel_Chrome.browser_quit(Parallel_Chrome.java:194)
at NYKAA_TestNG.Parallel_Chrome.browser_quit(Parallel_Chrome.java:194)
at NYKAA_TestNG.Parallel_Chrome.browser_quit(Parallel_Chrome.java:194)
at NYKAA_TestNG.Parallel_Chrome.browser_quit(Parallel_Chrome.java:194)
at NYKAA_TestNG.Parallel_Chrome.browser_quit(Parallel_Chrome.java:194)
at NYKAA_TestNG.Parallel_Chrome.browser_quit(Parallel_Chrome.java:194)
at NYKAA_TestNG.Parallel_Chrome.browser_quit(Parallel_Chrome.java:194)
at NYKAA_TestNG.Parallel_Chrome.browser_quit(Parallel_Chrome.java:194)
at NYKAA_TestNG.Parallel_Chrome.browser_quit(Parallel_Chrome.java:194)
at NYKAA_TestNG.Parallel_Chrome.browser_quit(Parallel_Chrome.java:194)
at NYKAA_TestNG.Parallel_Chrome.browser_quit(Parallel_Chrome.java:194)
at NYKAA_TestNG.Parallel_Chrome.browser_quit(Parallel_Chrome.java:194)
at NYKAA_TestNG.Parallel_Chrome.browser_quit(Parallel_Chrome.java:194)
at NYKAA_TestNG.Parallel_Chrome.browser_quit(Parallel_Chrome.java:194)
at NYKAA_TestNG.Parallel_Chrome.browser_quit(Parallel_Chrome.java:194)
at NYKAA_TestNG.Parallel_Chrome.browser_quit(Parallel_Chrome.java:194)
at NYKAA_TestNG.Parallel_Chrome.browser_quit(Parallel_Chrome.java:194)
at NYKAA_TestNG.Parallel_Chrome.browser_quit(Parallel_Chrome.java:194)
at NYKAA_TestNG.Parallel_Chrome.browser_quit(Parallel_Chrome.java:194)
at NYKAA_TestNG.Parallel_Chrome.browser_quit(Parallel_Chrome.java:194)
at NYKAA_TestNG.Parallel_Chrome.browser_quit(Parallel_Chrome.java:194)
at NYKAA_TestNG.Parallel_Chrome.browser_quit(Parallel_Chrome.java:194)
at NYKAA_TestNG.Parallel_Chrome.browser_quit(Parallel_Chrome.java:194)
at NYKAA_TestNG.Parallel_Chrome.browser_quit(Parallel_Chrome.java:194)
at NYKAA_TestNG.Parallel_Chrome.browser_quit(Parallel_Chrome.java:194)
at NYKAA_TestNG.Parallel_Chrome.browser_quit(Parallel_Chrome.java:194)
at NYKAA_TestNG.Parallel_Chrome.browser_quit(Parallel_Chrome.java:194)
at NYKAA_TestNG.Parallel_Chrome.browser_quit(Parallel_Chrome.java:194)
at NYKAA_TestNG.Parallel_Chrome.browser_quit(Parallel_Chrome.java:194)
at NYKAA_TestNG.Parallel_Chrome.browser_quit(Parallel_Chrome.java:194)
at NYKAA_TestNG.Parallel_Chrome.browser_quit(Parallel_Chrome.java:194)
at NYKAA_TestNG.Parallel_Chrome.browser_quit(Parallel_Chrome.java:194)
at NYKAA_TestNG.Parallel_Chrome.browser_quit(Parallel_Chrome.java:194)
at NYKAA_TestNG.Parallel_Chrome.browser_quit(Parallel_Chrome.java:194)
at NYKAA_TestNG.Parallel_Chrome.browser_quit(Parallel_Chrome.java:194)
at NYKAA_TestNG.Parallel_Chrome.browser_quit(Parallel_Chrome.java:194)
at NYKAA_TestNG.Parallel_Chrome.browser_quit(Parallel_Chrome.java:194)
at NYKAA_TestNG.Parallel_Chrome.browser_quit(Parallel_Chrome.java:194)
at NYKAA_TestNG.Parallel_Chrome.browser_quit(Parallel_Chrome.java:194)
at NYKAA_TestNG.Parallel_Chrome.browser_quit(Parallel_Chrome.java:194)
at NYKAA_TestNG.Parallel_Chrome.browser_quit(Parallel_Chrome.java:194)
at NYKAA_TestNG.Parallel_Chrome.browser_quit(Parallel_Chrome.java:194)
at NYKAA_TestNG.Parallel_Chrome.browser_quit(Parallel_Chrome.java:194)
at NYKAA_TestNG.Parallel_Chrome.browser_quit(Parallel_Chrome.java:194)
at NYKAA_TestNG.Parallel_Chrome.browser_quit(Parallel_Chrome.java:194)
at NYKAA_TestNG.Parallel_Chrome.browser_quit(Parallel_Chrome.java:194)
at NYKAA_TestNG.Parallel_Chrome.browser_quit(Parallel_Chrome.java:194)
at NYKAA_TestNG.Parallel_Chrome.browser_quit(Parallel_Chrome.java:194)
at NYKAA_TestNG.Parallel_Chrome.browser_quit(Parallel_Chrome.java:194)
at NYKAA_TestNG.Parallel_Chrome.browser_quit(Parallel_Chrome.java:194)
at NYKAA_TestNG.Parallel_Chrome.browser_quit(Parallel_Chrome.java:194)
at NYKAA_TestNG.Parallel_Chrome.browser_quit(Parallel_Chrome.java:194)
at NYKAA_TestNG.Parallel_Chrome.browser_quit(Parallel_Chrome.java:194)
at NYKAA_TestNG.Parallel_Chrome.browser_quit(Parallel_Chrome.java:194)
at NYKAA_TestNG.Parallel_Chrome.browser_quit(Parallel_Chrome.java:194)
at NYKAA_TestNG.Parallel_Chrome.browser_quit(Parallel_Chrome.java:194)
at NYKAA_TestNG.Parallel_Chrome.browser_quit(Parallel_Chrome.java:194)
at NYKAA_TestNG.Parallel_Chrome.browser_quit(Parallel_Chrome.java:194)
at NYKAA_TestNG.Parallel_Chrome.browser_quit(Parallel_Chrome.java:194)
at NYKAA_TestNG.Parallel_Chrome.browser_quit(Parallel_Chrome.java:194)
at NYKAA_TestNG.Parallel_Chrome.browser_quit(Parallel_Chrome.java:194)
at NYKAA_TestNG.Parallel_Chrome.browser_quit(Parallel_Chrome.java:194)
at NYKAA_TestNG.Parallel_Chrome.browser_quit(Parallel_Chrome.java:194)
at NYKAA_TestNG.Parallel_Chrome.browser_quit(Parallel_Chrome.java:194)
at NYKAA_TestNG.Parallel_Chrome.browser_quit(Parallel_Chrome.java:194)
at NYKAA_TestNG.Parallel_Chrome.browser_quit(Parallel_Chrome.java:194)
at NYKAA_TestNG.Parallel_Chrome.browser_quit(Parallel_Chrome.java:194)
at NYKAA_TestNG.Parallel_Chrome.browser_quit(Parallel_Chrome.java:194)
at NYKAA_TestNG.Parallel_Chrome.browser_quit(Parallel_Chrome.java:194)
at NYKAA_TestNG.Parallel_Chrome.browser_quit(Parallel_Chrome.java:194)
at NYKAA_TestNG.Parallel_Chrome.browser_quit(Parallel_Chrome.java:194)
at NYKAA_TestNG.Parallel_Chrome.browser_quit(Parallel_Chrome.java:194)
at NYKAA_TestNG.Parallel_Chrome.browser_quit(Parallel_Chrome.java:194)
at NYKAA_TestNG.Parallel_Chrome.browser_quit(Parallel_Chrome.java:194)
at NYKAA_TestNG.Parallel_Chrome.browser_quit(Parallel_Chrome.java:194)
at NYKAA_TestNG.Parallel_Chrome.browser_quit(Parallel_Chrome.java:194)
at NYKAA_TestNG.Parallel_Chrome.browser_quit(Parallel_Chrome.java:194)
at NYKAA_TestNG.Parallel_Chrome.browser_quit(Parallel_Chrome.java:194)
at NYKAA_TestNG.Parallel_Chrome.browser_quit(Parallel_Chrome.java:194)
at NYKAA_TestNG.Parallel_Chrome.browser_quit(Parallel_Chrome.java:194)
at NYKAA_TestNG.Parallel_Chrome.browser_quit(Parallel_Chrome.java:194)
at NYKAA_TestNG.Parallel_Chrome.browser_quit(Parallel_Chrome.java:194)
at NYKAA_TestNG.Parallel_Chrome.browser_quit(Parallel_Chrome.java:194)
at NYKAA_TestNG.Parallel_Chrome.browser_quit(Parallel_Chrome.java:194)
at NYKAA_TestNG.Parallel_Chrome.browser_quit(Parallel_Chrome.java:194)
at NYKAA_TestNG.Parallel_Chrome.browser_quit(Parallel_Chrome.java:194)
at NYKAA_TestNG.Parallel_Chrome.browser_quit(Parallel_Chrome.java:194)
at NYKAA_TestNG.Parallel_Chrome.browser_quit(Parallel_Chrome.java:194)
at NYKAA_TestNG.Parallel_Chrome.browser_quit(Parallel_Chrome.java:194)
at NYKAA_TestNG.Parallel_Chrome.browser_quit(Parallel_Chrome.java:194)
at NYKAA_TestNG.Parallel_Chrome.browser_quit(Parallel_Chrome.java:194)
at NYKAA_TestNG.Parallel_Chrome.browser_quit(Parallel_Chrome.java:194)
at NYKAA_TestNG.Parallel_Chrome.browser_quit(Parallel_Chrome.java:194)
at NYKAA_TestNG.Parallel_Chrome.browser_quit(Parallel_Chrome.java:194)
at NYKAA_TestNG.Parallel_Chrome.browser_quit(Parallel_Chrome.java:194)
at NYKAA_TestNG.Parallel_Chrome.browser_quit(Parallel_Chrome.java:194)
at NYKAA_TestNG.Parallel_Chrome.browser_quit(Parallel_Chrome.java:194)
at NYKAA_TestNG.Parallel_Chrome.browser_quit(Parallel_Chrome.java:194)
at NYKAA_TestNG.Parallel_Chrome.browser_quit(Parallel_Chrome.java:194)
at NYKAA_TestNG.Parallel_Chrome.browser_quit(Parallel_Chrome.java:194)
at NYKAA_TestNG.Parallel_Chrome.browser_quit(Parallel_Chrome.java:194)
at NYKAA_TestNG.Parallel_Chrome.browser_quit(Parallel_Chrome.java:194)
at NYKAA_TestNG.Parallel_Chrome.browser_quit(Parallel_Chrome.java:194)
at NYKAA_TestNG.Parallel_Chrome.browser_quit(Parallel_Chrome.java:194)
at NYKAA_TestNG.Parallel_Chrome.browser_quit(Parallel_Chrome.java:194)
at NYKAA_TestNG.Parallel_Chrome.browser_quit(Parallel_Chrome.java:194)
at NYKAA_TestNG.Parallel_Chrome.browser_quit(Parallel_Chrome.java:194)
at NYKAA_TestNG.Parallel_Chrome.browser_quit(Parallel_Chrome.java:194)
at NYKAA_TestNG.Parallel_Chrome.browser_quit(Parallel_Chrome.java:194)
at NYKAA_TestNG.Parallel_Chrome.browser_quit(Parallel_Chrome.java:194)
at NYKAA_TestNG.Parallel_Chrome.browser_quit(Parallel_Chrome.java:194)
at NYKAA_TestNG.Parallel_Chrome.browser_quit(Parallel_Chrome.java:194)
at NYKAA_TestNG.Parallel_Chrome.browser_quit(Parallel_Chrome.java:194)
at NYKAA_TestNG.Parallel_Chrome.browser_quit(Parallel_Chrome.java:194)
at NYKAA_TestNG.Parallel_Chrome.browser_quit(Parallel_Chrome.java:194)
at NYKAA_TestNG.Parallel_Chrome.browser_quit(Parallel_Chrome.java:194)
at NYKAA_TestNG.Parallel_Chrome.browser_quit(Parallel_Chrome.java:194)
at NYKAA_TestNG.Parallel_Chrome.browser_quit(Parallel_Chrome.java:194)
at NYKAA_TestNG.Parallel_Chrome.browser_quit(Parallel_Chrome.java:194)
at NYKAA_TestNG.Parallel_Chrome.browser_quit(Parallel_Chrome.java:194)
at NYKAA_TestNG.Parallel_Chrome.browser_quit(Parallel_Chrome.java:194)
at NYKAA_TestNG.Parallel_Chrome.browser_quit(Parallel_Chrome.java:194)
at NYKAA_TestNG.Parallel_Chrome.browser_quit(Parallel_Chrome.java:194)
at NYKAA_TestNG.Parallel_Chrome.browser_quit(Parallel_Chrome.java:194)
at NYKAA_TestNG.Parallel_Chrome.browser_quit(Parallel_Chrome.java:194)
at NYKAA_TestNG.Parallel_Chrome.browser_quit(Parallel_Chrome.java:194)
at NYKAA_TestNG.Parallel_Chrome.browser_quit(Parallel_Chrome.java:194)
at NYKAA_TestNG.Parallel_Chrome.browser_quit(Parallel_Chrome.java:194)
at NYKAA_TestNG.Parallel_Chrome.browser_quit(Parallel_Chrome.java:194)
at NYKAA_TestNG.Parallel_Chrome.browser_quit(Parallel_Chrome.java:194)
at NYKAA_TestNG.Parallel_Chrome.browser_quit(Parallel_Chrome.java:194)
at NYKAA_TestNG.Parallel_Chrome.browser_quit(Parallel_Chrome.java:194)
at NYKAA_TestNG.Parallel_Chrome.browser_quit(Parallel_Chrome.java:194)
at NYKAA_TestNG.Parallel_Chrome.browser_quit(Parallel_Chrome.java:194)
at NYKAA_TestNG.Parallel_Chrome.browser_quit(Parallel_Chrome.java:194)
at NYKAA_TestNG.Parallel_Chrome.browser_quit(Parallel_Chrome.java:194)
at NYKAA_TestNG.Parallel_Chrome.browser_quit(Parallel_Chrome.java:194)
at NYKAA_TestNG.Parallel_Chrome.browser_quit(Parallel_Chrome.java:194)
at NYKAA_TestNG.Parallel_Chrome.browser_quit(Parallel_Chrome.java:194)
at NYKAA_TestNG.Parallel_Chrome.browser_quit(Parallel_Chrome.java:194)
at NYKAA_TestNG.Parallel_Chrome.browser_quit(Parallel_Chrome.java:194)
at NYKAA_TestNG.Parallel_Chrome.browser_quit(Parallel_Chrome.java:194)
at NYKAA_TestNG.Parallel_Chrome.browser_quit(Parallel_Chrome.java:194)
at NYKAA_TestNG.Parallel_Chrome.browser_quit(Parallel_Chrome.java:194)
at NYKAA_TestNG.Parallel_Chrome.browser_quit(Parallel_Chrome.java:194)
at NYKAA_TestNG.Parallel_Chrome.browser_quit(Parallel_Chrome.java:194)
at NYKAA_TestNG.Parallel_Chrome.browser_quit(Parallel_Chrome.java:194)
at NYKAA_TestNG.Parallel_Chrome.browser_quit(Parallel_Chrome.java:194)
at NYKAA_TestNG.Parallel_Chrome.browser_quit(Parallel_Chrome.java:194)
at NYKAA_TestNG.Parallel_Chrome.browser_quit(Parallel_Chrome.java:194)
at NYKAA_TestNG.Parallel_Chrome.browser_quit(Parallel_Chrome.java:194)
at NYKAA_TestNG.Parallel_Chrome.browser_quit(Parallel_Chrome.java:194)
at NYKAA_TestNG.Parallel_Chrome.browser_quit(Parallel_Chrome.java:194)
at NYKAA_TestNG.Parallel_Chrome.browser_quit(Parallel_Chrome.java:194)
at NYKAA_TestNG.Parallel_Chrome.browser_quit(Parallel_Chrome.java:194)
at NYKAA_TestNG.Parallel_Chrome.browser_quit(Parallel_Chrome.java:194)
at NYKAA_TestNG.Parallel_Chrome.browser_quit(Parallel_Chrome.java:194)
at NYKAA_TestNG.Parallel_Chrome.browser_quit(Parallel_Chrome.java:194)
at NYKAA_TestNG.Parallel_Chrome.browser_quit(Parallel_Chrome.java:194)
at NYKAA_TestNG.Parallel_Chrome.browser_quit(Parallel_Chrome.java:194)
at NYKAA_TestNG.Parallel_Chrome.browser_quit(Parallel_Chrome.java:194)
at NYKAA_TestNG.Parallel_Chrome.browser_quit(Parallel_Chrome.java:194)
at NYKAA_TestNG.Parallel_Chrome.browser_quit(Parallel_Chrome.java:194)
at NYKAA_TestNG.Parallel_Chrome.browser_quit(Parallel_Chrome.java:194)
at NYKAA_TestNG.Parallel_Chrome.browser_quit(Parallel_Chrome.java:194)
at NYKAA_TestNG.Parallel_Chrome.browser_quit(Parallel_Chrome.java:194)
at NYKAA_TestNG.Parallel_Chrome.browser_quit(Parallel_Chrome.java:194)
at NYKAA_TestNG.Parallel_Chrome.browser_quit(Parallel_Chrome.java:194)
at NYKAA_TestNG.Parallel_Chrome.browser_quit(Parallel_Chrome.java:194)
at NYKAA_TestNG.Parallel_Chrome.browser_quit(Parallel_Chrome.java:194)
at NYKAA_TestNG.Parallel_Chrome.browser_quit(Parallel_Chrome.java:194)
at NYKAA_TestNG.Parallel_Chrome.browser_quit(Parallel_Chrome.java:194)
at NYKAA_TestNG.Parallel_Chrome.browser_quit(Parallel_Chrome.java:194)
at NYKAA_TestNG.Parallel_Chrome.browser_quit(Parallel_Chrome.java:194)
at NYKAA_TestNG.Parallel_Chrome.browser_quit(Parallel_Chrome.java:194)
at NYKAA_TestNG.Parallel_Chrome.browser_quit(Parallel_Chrome.java:194)
at NYKAA_TestNG.Parallel_Chrome.browser_quit(Parallel_Chrome.java:194)
at NYKAA_TestNG.Parallel_Chrome.browser_quit(Parallel_Chrome.java:194)
at NYKAA_TestNG.Parallel_Chrome.browser_quit(Parallel_Chrome.java:194)
at NYKAA_TestNG.Parallel_Chrome.browser_quit(Parallel_Chrome.java:194)
at NYKAA_TestNG.Parallel_Chrome.browser_quit(Parallel_Chrome.java:194)
at NYKAA_TestNG.Parallel_Chrome.browser_quit(Parallel_Chrome.java:194)
at NYKAA_TestNG.Parallel_Chrome.browser_quit(Parallel_Chrome.java:194)
at NYKAA_TestNG.Parallel_Chrome.browser_quit(Parallel_Chrome.java:194)
at NYKAA_TestNG.Parallel_Chrome.browser_quit(Parallel_Chrome.java:194)
at NYKAA_TestNG.Parallel_Chrome.browser_quit(Parallel_Chrome.java:194)
at NYKAA_TestNG.Parallel_Chrome.browser_quit(Parallel_Chrome.java:194)
at NYKAA_TestNG.Parallel_Chrome.browser_quit(Parallel_Chrome.java:194)
at NYKAA_TestNG.Parallel_Chrome.browser_quit(Parallel_Chrome.java:194)
at NYKAA_TestNG.Parallel_Chrome.browser_quit(Parallel_Chrome.java:194)
at NYKAA_TestNG.Parallel_Chrome.browser_quit(Parallel_Chrome.java:194)
at NYKAA_TestNG.Parallel_Chrome.browser_quit(Parallel_Chrome.java:194)
at NYKAA_TestNG.Parallel_Chrome.browser_quit(Parallel_Chrome.java:194)
at NYKAA_TestNG.Parallel_Chrome.browser_quit(Parallel_Chrome.java:194)
at NYKAA_TestNG.Parallel_Chrome.browser_quit(Parallel_Chrome.java:194)
at NYKAA_TestNG.Parallel_Chrome.browser_quit(Parallel_Chrome.java:194)
at NYKAA_TestNG.Parallel_Chrome.browser_quit(Parallel_Chrome.java:194)
at NYKAA_TestNG.Parallel_Chrome.browser_quit(Parallel_Chrome.java:194)
at NYKAA_TestNG.Parallel_Chrome.browser_quit(Parallel_Chrome.java:194)
at NYKAA_TestNG.Parallel_Chrome.browser_quit(Parallel_Chrome.java:194)
at NYKAA_TestNG.Parallel_Chrome.browser_quit(Parallel_Chrome.java:194)
at NYKAA_TestNG.Parallel_Chrome.browser_quit(Parallel_Chrome.java:194)
at NYKAA_TestNG.Parallel_Chrome.browser_quit(Parallel_Chrome.java:194)
at NYKAA_TestNG.Parallel_Chrome.browser_quit(Parallel_Chrome.java:194)
at NYKAA_TestNG.Parallel_Chrome.browser_quit(Parallel_Chrome.java:194)
at NYKAA_TestNG.Parallel_Chrome.browser_quit(Parallel_Chrome.java:194)
at NYKAA_TestNG.Parallel_Chrome.browser_quit(Parallel_Chrome.java:194)
at NYKAA_TestNG.Parallel_Chrome.browser_quit(Parallel_Chrome.java:194)
at NYKAA_TestNG.Parallel_Chrome.browser_quit(Parallel_Chrome.java:194)
at NYKAA_TestNG.Parallel_Chrome.browser_quit(Parallel_Chrome.java:194)
at NYKAA_TestNG.Parallel_Chrome.browser_quit(Parallel_Chrome.java:194)
at NYKAA_TestNG.Parallel_Chrome.browser_quit(Parallel_Chrome.java:194)
at NYKAA_TestNG.Parallel_Chrome.browser_quit(Parallel_Chrome.java:194)
at NYKAA_TestNG.Parallel_Chrome.browser_quit(Parallel_Chrome.java:194)
at NYKAA_TestNG.Parallel_Chrome.browser_quit(Parallel_Chrome.java:194)
at NYKAA_TestNG.Parallel_Chrome.browser_quit(Parallel_Chrome.java:194)
at NYKAA_TestNG.Parallel_Chrome.browser_quit(Parallel_Chrome.java:194)
at NYKAA_TestNG.Parallel_Chrome.browser_quit(Parallel_Chrome.java:194)
at NYKAA_TestNG.Parallel_Chrome.browser_quit(Parallel_Chrome.java:194)
at NYKAA_TestNG.Parallel_Chrome.browser_quit(Parallel_Chrome.java:194)
at NYKAA_TestNG.Parallel_Chrome.browser_quit(Parallel_Chrome.java:194)
at NYKAA_TestNG.Parallel_Chrome.browser_quit(Parallel_Chrome.java:194)
at NYKAA_TestNG.Parallel_Chrome.browser_quit(Parallel_Chrome.java:194)
at NYKAA_TestNG.Parallel_Chrome.browser_quit(Parallel_Chrome.java:194)
at NYKAA_TestNG.Parallel_Chrome.browser_quit(Parallel_Chrome.java:194)
at NYKAA_TestNG.Parallel_Chrome.browser_quit(Parallel_Chrome.java:194)
at NYKAA_TestNG.Parallel_Chrome.browser_quit(Parallel_Chrome.java:194)
at NYKAA_TestNG.Parallel_Chrome.browser_quit(Parallel_Chrome.java:194)
at NYKAA_TestNG.Parallel_Chrome.browser_quit(Parallel_Chrome.java:194)
at NYKAA_TestNG.Parallel_Chrome.browser_quit(Parallel_Chrome.java:194)
at NYKAA_TestNG.Parallel_Chrome.browser_quit(Parallel_Chrome.java:194)
at NYKAA_TestNG.Parallel_Chrome.browser_quit(Parallel_Chrome.java:194)
at NYKAA_TestNG.Parallel_Chrome.browser_quit(Parallel_Chrome.java:194)
at NYKAA_TestNG.Parallel_Chrome.browser_quit(Parallel_Chrome.java:194)
at NYKAA_TestNG.Parallel_Chrome.browser_quit(Parallel_Chrome.java:194)
at NYKAA_TestNG.Parallel_Chrome.browser_quit(Parallel_Chrome.java:194)
at NYKAA_TestNG.Parallel_Chrome.browser_quit(Parallel_Chrome.java:194)
at NYKAA_TestNG.Parallel_Chrome.browser_quit(Parallel_Chrome.java:194)
at NYKAA_TestNG.Parallel_Chrome.browser_quit(Parallel_Chrome.java:194)
at NYKAA_TestNG.Parallel_Chrome.browser_quit(Parallel_Chrome.java:194)
at NYKAA_TestNG.Parallel_Chrome.browser_quit(Parallel_Chrome.java:194)
at NYKAA_TestNG.Parallel_Chrome.browser_quit(Parallel_Chrome.java:194)
at NYKAA_TestNG.Parallel_Chrome.browser_quit(Parallel_Chrome.java:194)
at NYKAA_TestNG.Parallel_Chrome.browser_quit(Parallel_Chrome.java:194)
at NYKAA_TestNG.Parallel_Chrome.browser_quit(Parallel_Chrome.java:194)
at NYKAA_TestNG.Parallel_Chrome.browser_quit(Parallel_Chrome.java:194)
at NYKAA_TestNG.Parallel_Chrome.browser_quit(Parallel_Chrome.java:194)
at NYKAA_TestNG.Parallel_Chrome.browser_quit(Parallel_Chrome.java:194)
at NYKAA_TestNG.Parallel_Chrome.browser_quit(Parallel_Chrome.java:194)
at NYKAA_TestNG.Parallel_Chrome.browser_quit(Parallel_Chrome.java:194)
at NYKAA_TestNG.Parallel_Chrome.browser_quit(Parallel_Chrome.java:194)
at NYKAA_TestNG.Parallel_Chrome.browser_quit(Parallel_Chrome.java:194)
at NYKAA_TestNG.Parallel_Chrome.browser_quit(Parallel_Chrome.java:194)
at NYKAA_TestNG.Parallel_Chrome.browser_quit(Parallel_Chrome.java:194)
at NYKAA_TestNG.Parallel_Chrome.browser_quit(Parallel_Chrome.java:194)
at NYKAA_TestNG.Parallel_Chrome.browser_quit(Parallel_Chrome.java:194)
at NYKAA_TestNG.Parallel_Chrome.browser_quit(Parallel_Chrome.java:194)
at NYKAA_TestNG.Parallel_Chrome.browser_quit(Parallel_Chrome.java:194)
at NYKAA_TestNG.Parallel_Chrome.browser_quit(Parallel_Chrome.java:194)
at NYKAA_TestNG.Parallel_Chrome.browser_quit(Parallel_Chrome.java:194)
at NYKAA_TestNG.Parallel_Chrome.browser_quit(Parallel_Chrome.java:194)
at NYKAA_TestNG.Parallel_Chrome.browser_quit(Parallel_Chrome.java:194)
at NYKAA_TestNG.Parallel_Chrome.browser_quit(Parallel_Chrome.java:194)
at NYKAA_TestNG.Parallel_Chrome.browser_quit(Parallel_Chrome.java:194)
at NYKAA_TestNG.Parallel_Chrome.browser_quit(Parallel_Chrome.java:194)
at NYKAA_TestNG.Parallel_Chrome.browser_quit(Parallel_Chrome.java:194)
at NYKAA_TestNG.Parallel_Chrome.browser_quit(Parallel_Chrome.java:194)
at NYKAA_TestNG.Parallel_Chrome.browser_quit(Parallel_Chrome.java:194)
at NYKAA_TestNG.Parallel_Chrome.browser_quit(Parallel_Chrome.java:194)
at NYKAA_TestNG.Parallel_Chrome.browser_quit(Parallel_Chrome.java:194)
at NYKAA_TestNG.Parallel_Chrome.browser_quit(Parallel_Chrome.java:194)
at NYKAA_TestNG.Parallel_Chrome.browser_quit(Parallel_Chrome.java:194)
at NYKAA_TestNG.Parallel_Chrome.browser_quit(Parallel_Chrome.java:194)
at NYKAA_TestNG.Parallel_Chrome.browser_quit(Parallel_Chrome.java:194)
at NYKAA_TestNG.Parallel_Chrome.browser_quit(Parallel_Chrome.java:194)
at NYKAA_TestNG.Parallel_Chrome.browser_quit(Parallel_Chrome.java:194)
at NYKAA_TestNG.Parallel_Chrome.browser_quit(Parallel_Chrome.java:194)
at NYKAA_TestNG.Parallel_Chrome.browser_quit(Parallel_Chrome.java:194)
at NYKAA_TestNG.Parallel_Chrome.browser_quit(Parallel_Chrome.java:194)
at NYKAA_TestNG.Parallel_Chrome.browser_quit(Parallel_Chrome.java:194)
at NYKAA_TestNG.Parallel_Chrome.browser_quit(Parallel_Chrome.java:194)
at NYKAA_TestNG.Parallel_Chrome.browser_quit(Parallel_Chrome.java:194)
at NYKAA_TestNG.Parallel_Chrome.browser_quit(Parallel_Chrome.java:194)
at NYKAA_TestNG.Parallel_Chrome.browser_quit(Parallel_Chrome.java:194)
at NYKAA_TestNG.Parallel_Chrome.browser_quit(Parallel_Chrome.java:194)
at NYKAA_TestNG.Parallel_Chrome.browser_quit(Parallel_Chrome.java:194)
at NYKAA_TestNG.Parallel_Chrome.browser_quit(Parallel_Chrome.java:194)
at NYKAA_TestNG.Parallel_Chrome.browser_quit(Parallel_Chrome.java:194)
at NYKAA_TestNG.Parallel_Chrome.browser_quit(Parallel_Chrome.java:194)
at NYKAA_TestNG.Parallel_Chrome.browser_quit(Parallel_Chrome.java:194)
at NYKAA_TestNG.Parallel_Chrome.browser_quit(Parallel_Chrome.java:194)
at NYKAA_TestNG.Parallel_Chrome.browser_quit(Parallel_Chrome.java:194)
at NYKAA_TestNG.Parallel_Chrome.browser_quit(Parallel_Chrome.java:194)
at NYKAA_TestNG.Parallel_Chrome.browser_quit(Parallel_Chrome.java:194)
at NYKAA_TestNG.Parallel_Chrome.browser_quit(Parallel_Chrome.java:194)
at NYKAA_TestNG.Parallel_Chrome.browser_quit(Parallel_Chrome.java:194)
at NYKAA_TestNG.Parallel_Chrome.browser_quit(Parallel_Chrome.java:194)
at NYKAA_TestNG.Parallel_Chrome.browser_quit(Parallel_Chrome.java:194)
at NYKAA_TestNG.Parallel_Chrome.browser_quit(Parallel_Chrome.java:194)
at NYKAA_TestNG.Parallel_Chrome.browser_quit(Parallel_Chrome.java:194)
at NYKAA_TestNG.Parallel_Chrome.browser_quit(Parallel_Chrome.java:194)
at NYKAA_TestNG.Parallel_Chrome.browser_quit(Parallel_Chrome.java:194)
at NYKAA_TestNG.Parallel_Chrome.browser_quit(Parallel_Chrome.java:194)
at NYKAA_TestNG.Parallel_Chrome.browser_quit(Parallel_Chrome.java:194)
at NYKAA_TestNG.Parallel_Chrome.browser_quit(Parallel_Chrome.java:194)
at NYKAA_TestNG.Parallel_Chrome.browser_quit(Parallel_Chrome.java:194)
at NYKAA_TestNG.Parallel_Chrome.browser_quit(Parallel_Chrome.java:194)
at NYKAA_TestNG.Parallel_Chrome.browser_quit(Parallel_Chrome.java:194)
at NYKAA_TestNG.Parallel_Chrome.browser_quit(Parallel_Chrome.java:194)
at NYKAA_TestNG.Parallel_Chrome.browser_quit(Parallel_Chrome.java:194)
at NYKAA_TestNG.Parallel_Chrome.browser_quit(Parallel_Chrome.java:194)
at NYKAA_TestNG.Parallel_Chrome.browser_quit(Parallel_Chrome.java:194)
at NYKAA_TestNG.Parallel_Chrome.browser_quit(Parallel_Chrome.java:194)
at NYKAA_TestNG.Parallel_Chrome.browser_quit(Parallel_Chrome.java:194)
at NYKAA_TestNG.Parallel_Chrome.browser_quit(Parallel_Chrome.java:194)
at NYKAA_TestNG.Parallel_Chrome.browser_quit(Parallel_Chrome.java:194)
at NYKAA_TestNG.Parallel_Chrome.browser_quit(Parallel_Chrome.java:194)
at NYKAA_TestNG.Parallel_Chrome.browser_quit(Parallel_Chrome.java:194)
at NYKAA_TestNG.Parallel_Chrome.browser_quit(Parallel_Chrome.java:194)
at NYKAA_TestNG.Parallel_Chrome.browser_quit(Parallel_Chrome.java:194)
at NYKAA_TestNG.Parallel_Chrome.browser_quit(Parallel_Chrome.java:194)
at NYKAA_TestNG.Parallel_Chrome.browser_quit(Parallel_Chrome.java:194)
at NYKAA_TestNG.Parallel_Chrome.browser_quit(Parallel_Chrome.java:194)
at NYKAA_TestNG.Parallel_Chrome.browser_quit(Parallel_Chrome.java:194)
at NYKAA_TestNG.Parallel_Chrome.browser_quit(Parallel_Chrome.java:194)
at NYKAA_TestNG.Parallel_Chrome.browser_quit(Parallel_Chrome.java:194)
at NYKAA_TestNG.Parallel_Chrome.browser_quit(Parallel_Chrome.java:194)
at NYKAA_TestNG.Parallel_Chrome.browser_quit(Parallel_Chrome.java:194)
at NYKAA_TestNG.Parallel_Chrome.browser_quit(Parallel_Chrome.java:194)
at NYKAA_TestNG.Parallel_Chrome.browser_quit(Parallel_Chrome.java:194)
at NYKAA_TestNG.Parallel_Chrome.browser_quit(Parallel_Chrome.java:194)
at NYKAA_TestNG.Parallel_Chrome.browser_quit(Parallel_Chrome.java:194)
at NYKAA_TestNG.Parallel_Chrome.browser_quit(Parallel_Chrome.java:194)
at NYKAA_TestNG.Parallel_Chrome.browser_quit(Parallel_Chrome.java:194)
at NYKAA_TestNG.Parallel_Chrome.browser_quit(Parallel_Chrome.java:194)
at NYKAA_TestNG.Parallel_Chrome.browser_quit(Parallel_Chrome.java:194)
at NYKAA_TestNG.Parallel_Chrome.browser_quit(Parallel_Chrome.java:194)
at NYKAA_TestNG.Parallel_Chrome.browser_quit(Parallel_Chrome.java:194)
at NYKAA_TestNG.Parallel_Chrome.browser_quit(Parallel_Chrome.java:194)
at NYKAA_TestNG.Parallel_Chrome.browser_quit(Parallel_Chrome.java:194)
at NYKAA_TestNG.Parallel_Chrome.browser_quit(Parallel_Chrome.java:194)
at NYKAA_TestNG.Parallel_Chrome.browser_quit(Parallel_Chrome.java:194)
at NYKAA_TestNG.Parallel_Chrome.browser_quit(Parallel_Chrome.java:194)
at NYKAA_TestNG.Parallel_Chrome.browser_quit(Parallel_Chrome.java:194)
at NYKAA_TestNG.Parallel_Chrome.browser_quit(Parallel_Chrome.java:194)
at NYKAA_TestNG.Parallel_Chrome.browser_quit(Parallel_Chrome.java:194)
at NYKAA_TestNG.Parallel_Chrome.browser_quit(Parallel_Chrome.java:194)
at NYKAA_TestNG.Parallel_Chrome.browser_quit(Parallel_Chrome.java:194)
at NYKAA_TestNG.Parallel_Chrome.browser_quit(Parallel_Chrome.java:194)
at NYKAA_TestNG.Parallel_Chrome.browser_quit(Parallel_Chrome.java:194)
at NYKAA_TestNG.Parallel_Chrome.browser_quit(Parallel_Chrome.java:194)
at NYKAA_TestNG.Parallel_Chrome.browser_quit(Parallel_Chrome.java:194)
at NYKAA_TestNG.Parallel_Chrome.browser_quit(Parallel_Chrome.java:194)
at NYKAA_TestNG.Parallel_Chrome.browser_quit(Parallel_Chrome.java:194)
at NYKAA_TestNG.Parallel_Chrome.browser_quit(Parallel_Chrome.java:194)
at NYKAA_TestNG.Parallel_Chrome.browser_quit(Parallel_Chrome.java:194)
at NYKAA_TestNG.Parallel_Chrome.browser_quit(Parallel_Chrome.java:194)
at NYKAA_TestNG.Parallel_Chrome.browser_quit(Parallel_Chrome.java:194)
at NYKAA_TestNG.Parallel_Chrome.browser_quit(Parallel_Chrome.java:194)
at NYKAA_TestNG.Parallel_Chrome.browser_quit(Parallel_Chrome.java:194)
at NYKAA_TestNG.Parallel_Chrome.browser_quit(Parallel_Chrome.java:194)
at NYKAA_TestNG.Parallel_Chrome.browser_quit(Parallel_Chrome.java:194)
at NYKAA_TestNG.Parallel_Chrome.browser_quit(Parallel_Chrome.java:194)
at NYKAA_TestNG.Parallel_Chrome.browser_quit(Parallel_Chrome.java:194)
at NYKAA_TestNG.Parallel_Chrome.browser_quit(Parallel_Chrome.java:194)
at NYKAA_TestNG.Parallel_Chrome.browser_quit(Parallel_Chrome.java:194)
at NYKAA_TestNG.Parallel_Chrome.browser_quit(Parallel_Chrome.java:194)
at NYKAA_TestNG.Parallel_Chrome.browser_quit(Parallel_Chrome.java:194)
at NYKAA_TestNG.Parallel_Chrome.browser_quit(Parallel_Chrome.java:194)
at NYKAA_TestNG.Parallel_Chrome.browser_quit(Parallel_Chrome.java:194)
at NYKAA_TestNG.Parallel_Chrome.browser_quit(Parallel_Chrome.java:194)
at NYKAA_TestNG.Parallel_Chrome.browser_quit(Parallel_Chrome.java:194)
at NYKAA_TestNG.Parallel_Chrome.browser_quit(Parallel_Chrome.java:194)
at NYKAA_TestNG.Parallel_Chrome.browser_quit(Parallel_Chrome.java:194)
at NYKAA_TestNG.Parallel_Chrome.browser_quit(Parallel_Chrome.java:194)
at NYKAA_TestNG.Parallel_Chrome.browser_quit(Parallel_Chrome.java:194)
at NYKAA_TestNG.Parallel_Chrome.browser_quit(Parallel_Chrome.java:194)
at NYKAA_TestNG.Parallel_Chrome.browser_quit(Parallel_Chrome.java:194)
at NYKAA_TestNG.Parallel_Chrome.browser_quit(Parallel_Chrome.java:194)
at NYKAA_TestNG.Parallel_Chrome.browser_quit(Parallel_Chrome.java:194)
at NYKAA_TestNG.Parallel_Chrome.browser_quit(Parallel_Chrome.java:194)
at NYKAA_TestNG.Parallel_Chrome.browser_quit(Parallel_Chrome.java:194)
at NYKAA_TestNG.Parallel_Chrome.browser_quit(Parallel_Chrome.java:194)
at NYKAA_TestNG.Parallel_Chrome.browser_quit(Parallel_Chrome.java:194)
at NYKAA_TestNG.Parallel_Chrome.browser_quit(Parallel_Chrome.java:194)
at NYKAA_TestNG.Parallel_Chrome.browser_quit(Parallel_Chrome.java:194)
at NYKAA_TestNG.Parallel_Chrome.browser_quit(Parallel_Chrome.java:194)
at NYKAA_TestNG.Parallel_Chrome.browser_quit(Parallel_Chrome.java:194)
at NYKAA_TestNG.Parallel_Chrome.browser_quit(Parallel_Chrome.java:194)
at NYKAA_TestNG.Parallel_Chrome.browser_quit(Parallel_Chrome.java:194)
at NYKAA_TestNG.Parallel_Chrome.browser_quit(Parallel_Chrome.java:194)
at NYKAA_TestNG.Parallel_Chrome.browser_quit(Parallel_Chrome.java:194)
at NYKAA_TestNG.Parallel_Chrome.browser_quit(Parallel_Chrome.java:194)
at NYKAA_TestNG.Parallel_Chrome.browser_quit(Parallel_Chrome.java:194)
at NYKAA_TestNG.Parallel_Chrome.browser_quit(Parallel_Chrome.java:194)
at NYKAA_TestNG.Parallel_Chrome.browser_quit(Parallel_Chrome.java:194)
at NYKAA_TestNG.Parallel_Chrome.browser_quit(Parallel_Chrome.java:194)
at NYKAA_TestNG.Parallel_Chrome.browser_quit(Parallel_Chrome.java:194)
at NYKAA_TestNG.Parallel_Chrome.browser_quit(Parallel_Chrome.java:194)
at NYKAA_TestNG.Parallel_Chrome.browser_quit(Parallel_Chrome.java:194)
at NYKAA_TestNG.Parallel_Chrome.browser_quit(Parallel_Chrome.java:194)
at NYKAA_TestNG.Parallel_Chrome.browser_quit(Parallel_Chrome.java:194)
at NYKAA_TestNG.Parallel_Chrome.browser_quit(Parallel_Chrome.java:194)
at NYKAA_TestNG.Parallel_Chrome.browser_quit(Parallel_Chrome.java:194)
at NYKAA_TestNG.Parallel_Chrome.browser_quit(Parallel_Chrome.java:194)
at NYKAA_TestNG.Parallel_Chrome.browser_quit(Parallel_Chrome.java:194)
at NYKAA_TestNG.Parallel_Chrome.browser_quit(Parallel_Chrome.java:194)
at NYKAA_TestNG.Parallel_Chrome.browser_quit(Parallel_Chrome.java:194)
at NYKAA_TestNG.Parallel_Chrome.browser_quit(Parallel_Chrome.java:194)
at NYKAA_TestNG.Parallel_Chrome.browser_quit(Parallel_Chrome.java:194)
at NYKAA_TestNG.Parallel_Chrome.browser_quit(Parallel_Chrome.java:194)
at NYKAA_TestNG.Parallel_Chrome.browser_quit(Parallel_Chrome.java:194)
at NYKAA_TestNG.Parallel_Chrome.browser_quit(Parallel_Chrome.java:194)
at NYKAA_TestNG.Parallel_Chrome.browser_quit(Parallel_Chrome.java:194)
at NYKAA_TestNG.Parallel_Chrome.browser_quit(Parallel_Chrome.java:194)
at NYKAA_TestNG.Parallel_Chrome.browser_quit(Parallel_Chrome.java:194)
at NYKAA_TestNG.Parallel_Chrome.browser_quit(Parallel_Chrome.java:194)
at NYKAA_TestNG.Parallel_Chrome.browser_quit(Parallel_Chrome.java:194)
at NYKAA_TestNG.Parallel_Chrome.browser_quit(Parallel_Chrome.java:194)
at NYKAA_TestNG.Parallel_Chrome.browser_quit(Parallel_Chrome.java:194)
at NYKAA_TestNG.Parallel_Chrome.browser_quit(Parallel_Chrome.java:194)
at NYKAA_TestNG.Parallel_Chrome.browser_quit(Parallel_Chrome.java:194)
at NYKAA_TestNG.Parallel_Chrome.browser_quit(Parallel_Chrome.java:194)
at NYKAA_TestNG.Parallel_Chrome.browser_quit(Parallel_Chrome.java:194)
at NYKAA_TestNG.Parallel_Chrome.browser_quit(Parallel_Chrome.java:194)
at NYKAA_TestNG.Parallel_Chrome.browser_quit(Parallel_Chrome.java:194)
at NYKAA_TestNG.Parallel_Chrome.browser_quit(Parallel_Chrome.java:194)
at NYKAA_TestNG.Parallel_Chrome.browser_quit(Parallel_Chrome.java:194)
at NYKAA_TestNG.Parallel_Chrome.browser_quit(Parallel_Chrome.java:194)
at NYKAA_TestNG.Parallel_Chrome.browser_quit(Parallel_Chrome.java:194)
at NYKAA_TestNG.Parallel_Chrome.browser_quit(Parallel_Chrome.java:194)
at NYKAA_TestNG.Parallel_Chrome.browser_quit(Parallel_Chrome.java:194)
at NYKAA_TestNG.Parallel_Chrome.browser_quit(Parallel_Chrome.java:194)
at NYKAA_TestNG.Parallel_Chrome.browser_quit(Parallel_Chrome.java:194)
at NYKAA_TestNG.Parallel_Chrome.browser_quit(Parallel_Chrome.java:194)
at NYKAA_TestNG.Parallel_Chrome.browser_quit(Parallel_Chrome.java:194)
at NYKAA_TestNG.Parallel_Chrome.browser_quit(Parallel_Chrome.java:194)
at NYKAA_TestNG.Parallel_Chrome.browser_quit(Parallel_Chrome.java:194)
at NYKAA_TestNG.Parallel_Chrome.browser_quit(Parallel_Chrome.java:194)
at NYKAA_TestNG.Parallel_Chrome.browser_quit(Parallel_Chrome.java:194)
at NYKAA_TestNG.Parallel_Chrome.browser_quit(Parallel_Chrome.java:194)
at NYKAA_TestNG.Parallel_Chrome.browser_quit(Parallel_Chrome.java:194)
at NYKAA_TestNG.Parallel_Chrome.browser_quit(Parallel_Chrome.java:194)
at NYKAA_TestNG.Parallel_Chrome.browser_quit(Parallel_Chrome.java:194)
at NYKAA_TestNG.Parallel_Chrome.browser_quit(Parallel_Chrome.java:194)
at NYKAA_TestNG.Parallel_Chrome.browser_quit(Parallel_Chrome.java:194)
at NYKAA_TestNG.Parallel_Chrome.browser_quit(Parallel_Chrome.java:194)
at NYKAA_TestNG.Parallel_Chrome.browser_quit(Parallel_Chrome.java:194)
at NYKAA_TestNG.Parallel_Chrome.browser_quit(Parallel_Chrome.java:194)
at NYKAA_TestNG.Parallel_Chrome.browser_quit(Parallel_Chrome.java:194)
at NYKAA_TestNG.Parallel_Chrome.browser_quit(Parallel_Chrome.java:194)
at NYKAA_TestNG.Parallel_Chrome.browser_quit(Parallel_Chrome.java:194)
at NYKAA_TestNG.Parallel_Chrome.browser_quit(Parallel_Chrome.java:194)
at NYKAA_TestNG.Parallel_Chrome.browser_quit(Parallel_Chrome.java:194)
at NYKAA_TestNG.Parallel_Chrome.browser_quit(Parallel_Chrome.java:194)
at NYKAA_TestNG.Parallel_Chrome.browser_quit(Parallel_Chrome.java:194)
at NYKAA_TestNG.Parallel_Chrome.browser_quit(Parallel_Chrome.java:194)
at NYKAA_TestNG.Parallel_Chrome.browser_quit(Parallel_Chrome.java:194)
at NYKAA_TestNG.Parallel_Chrome.browser_quit(Parallel_Chrome.java:194)
at NYKAA_TestNG.Parallel_Chrome.browser_quit(Parallel_Chrome.java:194)
at NYKAA_TestNG.Parallel_Chrome.browser_quit(Parallel_Chrome.java:194)
at NYKAA_TestNG.Parallel_Chrome.browser_quit(Parallel_Chrome.java:194)
at NYKAA_TestNG.Parallel_Chrome.browser_quit(Parallel_Chrome.java:194)
at NYKAA_TestNG.Parallel_Chrome.browser_quit(Parallel_Chrome.java:194)
at NYKAA_TestNG.Parallel_Chrome.browser_quit(Parallel_Chrome.java:194)
at NYKAA_TestNG.Parallel_Chrome.browser_quit(Parallel_Chrome.java:194)
at NYKAA_TestNG.Parallel_Chrome.browser_quit(Parallel_Chrome.java:194)
at NYKAA_TestNG.Parallel_Chrome.browser_quit(Parallel_Chrome.java:194)
at NYKAA_TestNG.Parallel_Chrome.browser_quit(Parallel_Chrome.java:194)
at NYKAA_TestNG.Parallel_Chrome.browser_quit(Parallel_Chrome.java:194)
at NYKAA_TestNG.Parallel_Chrome.browser_quit(Parallel_Chrome.java:194)
at NYKAA_TestNG.Parallel_Chrome.browser_quit(Parallel_Chrome.java:194)
at NYKAA_TestNG.Parallel_Chrome.browser_quit(Parallel_Chrome.java:194)
at NYKAA_TestNG.Parallel_Chrome.browser_quit(Parallel_Chrome.java:194)
at NYKAA_TestNG.Parallel_Chrome.browser_quit(Parallel_Chrome.java:194)
at NYKAA_TestNG.Parallel_Chrome.browser_quit(Parallel_Chrome.java:194)
at NYKAA_TestNG.Parallel_Chrome.browser_quit(Parallel_Chrome.java:194)
at NYKAA_TestNG.Parallel_Chrome.browser_quit(Parallel_Chrome.java:194)
at NYKAA_TestNG.Parallel_Chrome.browser_quit(Parallel_Chrome.java:194)
at NYKAA_TestNG.Parallel_Chrome.browser_quit(Parallel_Chrome.java:194)
at NYKAA_TestNG.Parallel_Chrome.browser_quit(Parallel_Chrome.java:194)
at NYKAA_TestNG.Parallel_Chrome.browser_quit(Parallel_Chrome.java:194)
at NYKAA_TestNG.Parallel_Chrome.browser_quit(Parallel_Chrome.java:194)
at NYKAA_TestNG.Parallel_Chrome.browser_quit(Parallel_Chrome.java:194)
at NYKAA_TestNG.Parallel_Chrome.browser_quit(Parallel_Chrome.java:194)
at NYKAA_TestNG.Parallel_Chrome.browser_quit(Parallel_Chrome.java:194)
at NYKAA_TestNG.Parallel_Chrome.browser_quit(Parallel_Chrome.java:194)
at NYKAA_TestNG.Parallel_Chrome.browser_quit(Parallel_Chrome.java:194)
at NYKAA_TestNG.Parallel_Chrome.browser_quit(Parallel_Chrome.java:194)
at NYKAA_TestNG.Parallel_Chrome.browser_quit(Parallel_Chrome.java:194)
at NYKAA_TestNG.Parallel_Chrome.browser_quit(Parallel_Chrome.java:194)
at NYKAA_TestNG.Parallel_Chrome.browser_quit(Parallel_Chrome.java:194)
at NYKAA_TestNG.Parallel_Chrome.browser_quit(Parallel_Chrome.java:194)
at NYKAA_TestNG.Parallel_Chrome.browser_quit(Parallel_Chrome.java:194)
at NYKAA_TestNG.Parallel_Chrome.browser_quit(Parallel_Chrome.java:194)
at NYKAA_TestNG.Parallel_Chrome.browser_quit(Parallel_Chrome.java:194)
at NYKAA_TestNG.Parallel_Chrome.browser_quit(Parallel_Chrome.java:194)
at NYKAA_TestNG.Parallel_Chrome.browser_quit(Parallel_Chrome.java:194)
at NYKAA_TestNG.Parallel_Chrome.browser_quit(Parallel_Chrome.java:194)
at NYKAA_TestNG.Parallel_Chrome.browser_quit(Parallel_Chrome.java:194)
at NYKAA_TestNG.Parallel_Chrome.browser_quit(Parallel_Chrome.java:194)
at NYKAA_TestNG.Parallel_Chrome.browser_quit(Parallel_Chrome.java:194)
at NYKAA_TestNG.Parallel_Chrome.browser_quit(Parallel_Chrome.java:194)
at NYKAA_TestNG.Parallel_Chrome.browser_quit(Parallel_Chrome.java:194)
at NYKAA_TestNG.Parallel_Chrome.browser_quit(Parallel_Chrome.java:194)
at NYKAA_TestNG.Parallel_Chrome.browser_quit(Parallel_Chrome.java:194)
at NYKAA_TestNG.Parallel_Chrome.browser_quit(Parallel_Chrome.java:194)
at NYKAA_TestNG.Parallel_Chrome.browser_quit(Parallel_Chrome.java:194)
at NYKAA_TestNG.Parallel_Chrome.browser_quit(Parallel_Chrome.java:194)
at NYKAA_TestNG.Parallel_Chrome.browser_quit(Parallel_Chrome.java:194)
at NYKAA_TestNG.Parallel_Chrome.browser_quit(Parallel_Chrome.java:194)
at NYKAA_TestNG.Parallel_Chrome.browser_quit(Parallel_Chrome.java:194)
at NYKAA_TestNG.Parallel_Chrome.browser_quit(Parallel_Chrome.java:194)
at NYKAA_TestNG.Parallel_Chrome.browser_quit(Parallel_Chrome.java:194)
at NYKAA_TestNG.Parallel_Chrome.browser_quit(Parallel_Chrome.java:194)
at NYKAA_TestNG.Parallel_Chrome.browser_quit(Parallel_Chrome.java:194)
at NYKAA_TestNG.Parallel_Chrome.browser_quit(Parallel_Chrome.java:194)
at NYKAA_TestNG.Parallel_Chrome.browser_quit(Parallel_Chrome.java:194)
at NYKAA_TestNG.Parallel_Chrome.browser_quit(Parallel_Chrome.java:194)
at NYKAA_TestNG.Parallel_Chrome.browser_quit(Parallel_Chrome.java:194)
at NYKAA_TestNG.Parallel_Chrome.browser_quit(Parallel_Chrome.java:194)
at NYKAA_TestNG.Parallel_Chrome.browser_quit(Parallel_Chrome.java:194)
at NYKAA_TestNG.Parallel_Chrome.browser_quit(Parallel_Chrome.java:194)
at NYKAA_TestNG.Parallel_Chrome.browser_quit(Parallel_Chrome.java:194)
at NYKAA_TestNG.Parallel_Chrome.browser_quit(Parallel_Chrome.java:194)
at NYKAA_TestNG.Parallel_Chrome.browser_quit(Parallel_Chrome.java:194)
at NYKAA_TestNG.Parallel_Chrome.browser_quit(Parallel_Chrome.java:194)
at NYKAA_TestNG.Parallel_Chrome.browser_quit(Parallel_Chrome.java:194)
at NYKAA_TestNG.Parallel_Chrome.browser_quit(Parallel_Chrome.java:194)
at NYKAA_TestNG.Parallel_Chrome.browser_quit(Parallel_Chrome.java:194)
at NYKAA_TestNG.Parallel_Chrome.browser_quit(Parallel_Chrome.java:194)
at NYKAA_TestNG.Parallel_Chrome.browser_quit(Parallel_Chrome.java:194)
at NYKAA_TestNG.Parallel_Chrome.browser_quit(Parallel_Chrome.java:194)
at NYKAA_TestNG.Parallel_Chrome.browser_quit(Parallel_Chrome.java:194)
at NYKAA_TestNG.Parallel_Chrome.browser_quit(Parallel_Chrome.java:194)
at NYKAA_TestNG.Parallel_Chrome.browser_quit(Parallel_Chrome.java:194)
at NYKAA_TestNG.Parallel_Chrome.browser_quit(Parallel_Chrome.java:194)
at NYKAA_TestNG.Parallel_Chrome.browser_quit(Parallel_Chrome.java:194)
at NYKAA_TestNG.Parallel_Chrome.browser_quit(Parallel_Chrome.java:194)
at NYKAA_TestNG.Parallel_Chrome.browser_quit(Parallel_Chrome.java:194)
at NYKAA_TestNG.Parallel_Chrome.browser_quit(Parallel_Chrome.java:194)
at NYKAA_TestNG.Parallel_Chrome.browser_quit(Parallel_Chrome.java:194)
at NYKAA_TestNG.Parallel_Chrome.browser_quit(Parallel_Chrome.java:194)
at NYKAA_TestNG.Parallel_Chrome.browser_quit(Parallel_Chrome.java:194)
at NYKAA_TestNG.Parallel_Chrome.browser_quit(Parallel_Chrome.java:194)
at NYKAA_TestNG.Parallel_Chrome.browser_quit(Parallel_Chrome.java:194)
at NYKAA_TestNG.Parallel_Chrome.browser_quit(Parallel_Chrome.java:194)
at NYKAA_TestNG.Parallel_Chrome.browser_quit(Parallel_Chrome.java:194)
at NYKAA_TestNG.Parallel_Chrome.browser_quit(Parallel_Chrome.java:194)
at NYKAA_TestNG.Parallel_Chrome.browser_quit(Parallel_Chrome.java:194)
at NYKAA_TestNG.Parallel_Chrome.browser_quit(Parallel_Chrome.java:194)
at NYKAA_TestNG.Parallel_Chrome.browser_quit(Parallel_Chrome.java:194)
at NYKAA_TestNG.Parallel_Chrome.browser_quit(Parallel_Chrome.java:194)
at NYKAA_TestNG.Parallel_Chrome.browser_quit(Parallel_Chrome.java:194)
at NYKAA_TestNG.Parallel_Chrome.browser_quit(Parallel_Chrome.java:194)
at NYKAA_TestNG.Parallel_Chrome.browser_quit(Parallel_Chrome.java:194)
at NYKAA_TestNG.Parallel_Chrome.browser_quit(Parallel_Chrome.java:194)
at NYKAA_TestNG.Parallel_Chrome.browser_quit(Parallel_Chrome.java:194)
at NYKAA_TestNG.Parallel_Chrome.browser_quit(Parallel_Chrome.java:194)
at NYKAA_TestNG.Parallel_Chrome.browser_quit(Parallel_Chrome.java:194)
at NYKAA_TestNG.Parallel_Chrome.browser_quit(Parallel_Chrome.java:194)
at NYKAA_TestNG.Parallel_Chrome.browser_quit(Parallel_Chrome.java:194)
at NYKAA_TestNG.Parallel_Chrome.browser_quit(Parallel_Chrome.java:194)
at NYKAA_TestNG.Parallel_Chrome.browser_quit(Parallel_Chrome.java:194)
at NYKAA_TestNG.Parallel_Chrome.browser_quit(Parallel_Chrome.java:194)
at NYKAA_TestNG.Parallel_Chrome.browser_quit(Parallel_Chrome.java:194)
at NYKAA_TestNG.Parallel_Chrome.browser_quit(Parallel_Chrome.java:194)
at NYKAA_TestNG.Parallel_Chrome.browser_quit(Parallel_Chrome.java:194)
at NYKAA_TestNG.Parallel_Chrome.browser_quit(Parallel_Chrome.java:194)
at NYKAA_TestNG.Parallel_Chrome.browser_quit(Parallel_Chrome.java:194)
at NYKAA_TestNG.Parallel_Chrome.browser_quit(Parallel_Chrome.java:194)
at NYKAA_TestNG.Parallel_Chrome.browser_quit(Parallel_Chrome.java:194)
at NYKAA_TestNG.Parallel_Chrome.browser_quit(Parallel_Chrome.java:194)
at NYKAA_TestNG.Parallel_Chrome.browser_quit(Parallel_Chrome.java:194)
at NYKAA_TestNG.Parallel_Chrome.browser_quit(Parallel_Chrome.java:194)
at NYKAA_TestNG.Parallel_Chrome.browser_quit(Parallel_Chrome.java:194)
at NYKAA_TestNG.Parallel_Chrome.browser_quit(Parallel_Chrome.java:194)
at NYKAA_TestNG.Parallel_Chrome.browser_quit(Parallel_Chrome.java:194)
at NYKAA_TestNG.Parallel_Chrome.browser_quit(Parallel_Chrome.java:194)
at NYKAA_TestNG.Parallel_Chrome.browser_quit(Parallel_Chrome.java:194)
at NYKAA_TestNG.Parallel_Chrome.browser_quit(Parallel_Chrome.java:194)
at NYKAA_TestNG.Parallel_Chrome.browser_quit(Parallel_Chrome.java:194)
at NYKAA_TestNG.Parallel_Chrome.browser_quit(Parallel_Chrome.java:194)
at NYKAA_TestNG.Parallel_Chrome.browser_quit(Parallel_Chrome.java:194)
at NYKAA_TestNG.Parallel_Chrome.browser_quit(Parallel_Chrome.java:194)
at NYKAA_TestNG.Parallel_Chrome.browser_quit(Parallel_Chrome.java:194)
at NYKAA_TestNG.Parallel_Chrome.browser_quit(Parallel_Chrome.java:194)
at NYKAA_TestNG.Parallel_Chrome.browser_quit(Parallel_Chrome.java:194)
at NYKAA_TestNG.Parallel_Chrome.browser_quit(Parallel_Chrome.java:194)
at NYKAA_TestNG.Parallel_Chrome.browser_quit(Parallel_Chrome.java:194)
at NYKAA_TestNG.Parallel_Chrome.browser_quit(Parallel_Chrome.java:194)
at NYKAA_TestNG.Parallel_Chrome.browser_quit(Parallel_Chrome.java:194)
at NYKAA_TestNG.Parallel_Chrome.browser_quit(Parallel_Chrome.java:194)
at NYKAA_TestNG.Parallel_Chrome.browser_quit(Parallel_Chrome.java:194)
at NYKAA_TestNG.Parallel_Chrome.browser_quit(Parallel_Chrome.java:194)
at NYKAA_TestNG.Parallel_Chrome.browser_quit(Parallel_Chrome.java:194)
at NYKAA_TestNG.Parallel_Chrome.browser_quit(Parallel_Chrome.java:194)
at NYKAA_TestNG.Parallel_Chrome.browser_quit(Parallel_Chrome.java:194)
at NYKAA_TestNG.Parallel_Chrome.browser_quit(Parallel_Chrome.java:194)
at NYKAA_TestNG.Parallel_Chrome.browser_quit(Parallel_Chrome.java:194)
at NYKAA_TestNG.Parallel_Chrome.browser_quit(Parallel_Chrome.java:194)
at NYKAA_TestNG.Parallel_Chrome.browser_quit(Parallel_Chrome.java:194)
at NYKAA_TestNG.Parallel_Chrome.browser_quit(Parallel_Chrome.java:194)
at NYKAA_TestNG.Parallel_Chrome.browser_quit(Parallel_Chrome.java:194)
at NYKAA_TestNG.Parallel_Chrome.browser_quit(Parallel_Chrome.java:194)
at NYKAA_TestNG.Parallel_Chrome.browser_quit(Parallel_Chrome.java:194)
at NYKAA_TestNG.Parallel_Chrome.browser_quit(Parallel_Chrome.java:194)
at NYKAA_TestNG.Parallel_Chrome.browser_quit(Parallel_Chrome.java:194)
at NYKAA_TestNG.Parallel_Chrome.browser_quit(Parallel_Chrome.java:194)
at NYKAA_TestNG.Parallel_Chrome.browser_quit(Parallel_Chrome.java:194)
at NYKAA_TestNG.Parallel_Chrome.browser_quit(Parallel_Chrome.java:194)
at NYKAA_TestNG.Parallel_Chrome.browser_quit(Parallel_Chrome.java:194)
at NYKAA_TestNG.Parallel_Chrome.browser_quit(Parallel_Chrome.java:194)
at NYKAA_TestNG.Parallel_Chrome.browser_quit(Parallel_Chrome.java:194)
at NYKAA_TestNG.Parallel_Chrome.browser_quit(Parallel_Chrome.java:194)
at NYKAA_TestNG.Parallel_Chrome.browser_quit(Parallel_Chrome.java:194)
at NYKAA_TestNG.Parallel_Chrome.browser_quit(Parallel_Chrome.java:194)
at NYKAA_TestNG.Parallel_Chrome.browser_quit(Parallel_Chrome.java:194)
at NYKAA_TestNG.Parallel_Chrome.browser_quit(Parallel_Chrome.java:194)
at NYKAA_TestNG.Parallel_Chrome.browser_quit(Parallel_Chrome.java:194)
at NYKAA_TestNG.Parallel_Chrome.browser_quit(Parallel_Chrome.java:194)
at NYKAA_TestNG.Parallel_Chrome.browser_quit(Parallel_Chrome.java:194)
at NYKAA_TestNG.Parallel_Chrome.browser_quit(Parallel_Chrome.java:194)
at NYKAA_TestNG.Parallel_Chrome.browser_quit(Parallel_Chrome.java:194)
at NYKAA_TestNG.Parallel_Chrome.browser_quit(Parallel_Chrome.java:194)
at NYKAA_TestNG.Parallel_Chrome.browser_quit(Parallel_Chrome.java:194)
at NYKAA_TestNG.Parallel_Chrome.browser_quit(Parallel_Chrome.java:194)
at NYKAA_TestNG.Parallel_Chrome.browser_quit(Parallel_Chrome.java:194)
at NYKAA_TestNG.Parallel_Chrome.browser_quit(Parallel_Chrome.java:194)
at NYKAA_TestNG.Parallel_Chrome.browser_quit(Parallel_Chrome.java:194)
at NYKAA_TestNG.Parallel_Chrome.browser_quit(Parallel_Chrome.java:194)
at NYKAA_TestNG.Parallel_Chrome.browser_quit(Parallel_Chrome.java:194)
at NYKAA_TestNG.Parallel_Chrome.browser_quit(Parallel_Chrome.java:194)
at NYKAA_TestNG.Parallel_Chrome.browser_quit(Parallel_Chrome.java:194)
at NYKAA_TestNG.Parallel_Chrome.browser_quit(Parallel_Chrome.java:194)
at NYKAA_TestNG.Parallel_Chrome.browser_quit(Parallel_Chrome.java:194)
at NYKAA_TestNG.Parallel_Chrome.browser_quit(Parallel_Chrome.java:194)
at NYKAA_TestNG.Parallel_Chrome.browser_quit(Parallel_Chrome.java:194)
at NYKAA_TestNG.Parallel_Chrome.browser_quit(Parallel_Chrome.java:194)
at NYKAA_TestNG.Parallel_Chrome.browser_quit(Parallel_Chrome.java:194)
at NYKAA_TestNG.Parallel_Chrome.browser_quit(Parallel_Chrome.java:194)
at NYKAA_TestNG.Parallel_Chrome.browser_quit(Parallel_Chrome.java:194)
at NYKAA_TestNG.Parallel_Chrome.browser_quit(Parallel_Chrome.java:194)
at NYKAA_TestNG.Parallel_Chrome.browser_quit(Parallel_Chrome.java:194)
at NYKAA_TestNG.Parallel_Chrome.browser_quit(Parallel_Chrome.java:194)
at NYKAA_TestNG.Parallel_Chrome.browser_quit(Parallel_Chrome.java:194)
at NYKAA_TestNG.Parallel_Chrome.browser_quit(Parallel_Chrome.java:194)
at NYKAA_TestNG.Parallel_Chrome.browser_quit(Parallel_Chrome.java:194)
at NYKAA_TestNG.Parallel_Chrome.browser_quit(Parallel_Chrome.java:194)
at NYKAA_TestNG.Parallel_Chrome.browser_quit(Parallel_Chrome.java:194)
at NYKAA_TestNG.Parallel_Chrome.browser_quit(Parallel_Chrome.java:194)
at NYKAA_TestNG.Parallel_Chrome.browser_quit(Parallel_Chrome.java:194)
at NYKAA_TestNG.Parallel_Chrome.browser_quit(Parallel_Chrome.java:194)
at NYKAA_TestNG.Parallel_Chrome.browser_quit(Parallel_Chrome.java:194)
at NYKAA_TestNG.Parallel_Chrome.browser_quit(Parallel_Chrome.java:194)
at NYKAA_TestNG.Parallel_Chrome.browser_quit(Parallel_Chrome.java:194)
at NYKAA_TestNG.Parallel_Chrome.browser_quit(Parallel_Chrome.java:194)
at NYKAA_TestNG.Parallel_Chrome.browser_quit(Parallel_Chrome.java:194)
at NYKAA_TestNG.Parallel_Chrome.browser_quit(Parallel_Chrome.java:194)
at NYKAA_TestNG.Parallel_Chrome.browser_quit(Parallel_Chrome.java:194)
at NYKAA_TestNG.Parallel_Chrome.browser_quit(Parallel_Chrome.java:194)
at NYKAA_TestNG.Parallel_Chrome.browser_quit(Parallel_Chrome.java:194)
at NYKAA_TestNG.Parallel_Chrome.browser_quit(Parallel_Chrome.java:194)
at NYKAA_TestNG.Parallel_Chrome.browser_quit(Parallel_Chrome.java:194)
at NYKAA_TestNG.Parallel_Chrome.browser_quit(Parallel_Chrome.java:194)
at NYKAA_TestNG.Parallel_Chrome.browser_quit(Parallel_Chrome.java:194)
at NYKAA_TestNG.Parallel_Chrome.browser_quit(Parallel_Chrome.java:194)
at NYKAA_TestNG.Parallel_Chrome.browser_quit(Parallel_Chrome.java:194)
at NYKAA_TestNG.Parallel_Chrome.browser_quit(Parallel_Chrome.java:194)
at NYKAA_TestNG.Parallel_Chrome.browser_quit(Parallel_Chrome.java:194)
at NYKAA_TestNG.Parallel_Chrome.browser_quit(Parallel_Chrome.java:194)
at NYKAA_TestNG.Parallel_Chrome.browser_quit(Parallel_Chrome.java:194)
at NYKAA_TestNG.Parallel_Chrome.browser_quit(Parallel_Chrome.java:194)
at NYKAA_TestNG.Parallel_Chrome.browser_quit(Parallel_Chrome.java:194)
at NYKAA_TestNG.Parallel_Chrome.browser_quit(Parallel_Chrome.java:194)
at NYKAA_TestNG.Parallel_Chrome.browser_quit(Parallel_Chrome.java:194)
at NYKAA_TestNG.Parallel_Chrome.browser_quit(Parallel_Chrome.java:194)
at NYKAA_TestNG.Parallel_Chrome.browser_quit(Parallel_Chrome.java:194)
at NYKAA_TestNG.Parallel_Chrome.browser_quit(Parallel_Chrome.java:194)
at NYKAA_TestNG.Parallel_Chrome.browser_quit(Parallel_Chrome.java:194)
at NYKAA_TestNG.Parallel_Chrome.browser_quit(Parallel_Chrome.java:194)
at NYKAA_TestNG.Parallel_Chrome.browser_quit(Parallel_Chrome.java:194)
at NYKAA_TestNG.Parallel_Chrome.browser_quit(Parallel_Chrome.java:194)
at NYKAA_TestNG.Parallel_Chrome.browser_quit(Parallel_Chrome.java:194)
at NYKAA_TestNG.Parallel_Chrome.browser_quit(Parallel_Chrome.java:194)
at NYKAA_TestNG.Parallel_Chrome.browser_quit(Parallel_Chrome.java:194)
at NYKAA_TestNG.Parallel_Chrome.browser_quit(Parallel_Chrome.java:194)
at NYKAA_TestNG.Parallel_Chrome.browser_quit(Parallel_Chrome.java:194)
at NYKAA_TestNG.Parallel_Chrome.browser_quit(Parallel_Chrome.java:194)
at NYKAA_TestNG.Parallel_Chrome.browser_quit(Parallel_Chrome.java:194)
]]>
    </error>
  </testcase> <!-- browser_quit -->
  <system-out/>
  <testcase classname="NYKAA_TestNG.Parallel_Chrome" name="Payment_Method" time="3.357">
    <error message="no such element: Unable to locate element: {&quot;method&quot;:&quot;xpath&quot;,&quot;selector&quot;:&quot;//p[text()=&#039;Add New Address&#039;]//parent::div&quot;}
  (Session info: chrome=113.0.5672.127)
For documentation on this error, please visit: https://www.seleniumhq.org/exceptions/no_such_element.html
Build info: version: &#039;3.141.59&#039;, revision: &#039;e82be7d358&#039;, time: &#039;2018-11-14T08:17:03&#039;
System info: host: &#039;DESKTOP-AD1H9CQ&#039;, ip: &#039;192.168.43.130&#039;, os.name: &#039;Windows 10&#039;, os.arch: &#039;amd64&#039;, os.version: &#039;10.0&#039;, java.version: &#039;17.0.4&#039;
Driver info: org.openqa.selenium.chrome.ChromeDriver
Capabilities {acceptInsecureCerts: false, browserName: chrome, browserVersion: 113.0.5672.127, chrome: {chromedriverVersion: 113.0.5672.63 (0e1a4471d5ae..., userDataDir: C:\Users\Javed\AppData\Loca...}, goog:chromeOptions: {debuggerAddress: localhost:65401}, javascriptEnabled: true, networkConnectionEnabled: false, pageLoadStrategy: normal, platform: WINDOWS, platformName: WINDOWS, proxy: Proxy(), setWindowRect: true, strictFileInteractability: false, timeouts: {implicit: 0, pageLoad: 300000, script: 30000}, unhandledPromptBehavior: dismiss and notify, webauthn:extension:credBlob: true, webauthn:extension:largeBlob: true, webauthn:extension:minPinLength: true, webauthn:extension:prf: true, webauthn:virtualAuthenticators: true}
Session ID: 71b5c14e448432cf05b7337bcfc5cf58
*** Element info: {Using=xpath, value=//p[text()=&#039;Add New Address&#039;]//parent::div}" type="org.openqa.selenium.NoSuchElementException">
      <![CDATA[org.openqa.selenium.NoSuchElementException: no such element: Unable to locate element: {"method":"xpath","selector":"//p[text()='Add New Address']//parent::div"}
  (Session info: chrome=113.0.5672.127)
For documentation on this error, please visit: https://www.seleniumhq.org/exceptions/no_such_element.html
Build info: version: '3.141.59', revision: 'e82be7d358', time: '2018-11-14T08:17:03'
System info: host: 'DESKTOP-AD1H9CQ', ip: '192.168.43.130', os.name: 'Windows 10', os.arch: 'amd64', os.version: '10.0', java.version: '17.0.4'
Driver info: org.openqa.selenium.chrome.ChromeDriver
Capabilities {acceptInsecureCerts: false, browserName: chrome, browserVersion: 113.0.5672.127, chrome: {chromedriverVersion: 113.0.5672.63 (0e1a4471d5ae..., userDataDir: C:\Users\Javed\AppData\Loca...}, goog:chromeOptions: {debuggerAddress: localhost:65401}, javascriptEnabled: true, networkConnectionEnabled: false, pageLoadStrategy: normal, platform: WINDOWS, platformName: WINDOWS, proxy: Proxy(), setWindowRect: true, strictFileInteractability: false, timeouts: {implicit: 0, pageLoad: 300000, script: 30000}, unhandledPromptBehavior: dismiss and notify, webauthn:extension:credBlob: true, webauthn:extension:largeBlob: true, webauthn:extension:minPinLength: true, webauthn:extension:prf: true, webauthn:virtualAuthenticators: true}
Session ID: 71b5c14e448432cf05b7337bcfc5cf58
*** Element info: {Using=xpath, value=//p[text()='Add New Address']//parent::div}
at java.base/jdk.internal.reflect.NativeConstructorAccessorImpl.newInstance0(Native Method)
at java.base/jdk.internal.reflect.NativeConstructorAccessorImpl.newInstance(NativeConstructorAccessorImpl.java:77)
at java.base/jdk.internal.reflect.DelegatingConstructorAccessorImpl.newInstance(DelegatingConstructorAccessorImpl.java:45)
at java.base/java.lang.reflect.Constructor.newInstanceWithCaller(Constructor.java:499)
at java.base/java.lang.reflect.Constructor.newInstance(Constructor.java:480)
at org.openqa.selenium.remote.http.W3CHttpResponseCodec.createException(W3CHttpResponseCodec.java:187)
at org.openqa.selenium.remote.http.W3CHttpResponseCodec.decode(W3CHttpResponseCodec.java:122)
at org.openqa.selenium.remote.http.W3CHttpResponseCodec.decode(W3CHttpResponseCodec.java:49)
at org.openqa.selenium.remote.HttpCommandExecutor.execute(HttpCommandExecutor.java:158)
at org.openqa.selenium.remote.service.DriverCommandExecutor.execute(DriverCommandExecutor.java:83)
at org.openqa.selenium.remote.RemoteWebDriver.execute(RemoteWebDriver.java:552)
at org.openqa.selenium.remote.RemoteWebDriver.findElement(RemoteWebDriver.java:323)
at org.openqa.selenium.remote.RemoteWebDriver.findElementByXPath(RemoteWebDriver.java:428)
at org.openqa.selenium.By$ByXPath.findElement(By.java:353)
at org.openqa.selenium.remote.RemoteWebDriver.findElement(RemoteWebDriver.java:315)
at org.openqa.selenium.support.pagefactory.DefaultElementLocator.findElement(DefaultElementLocator.java:69)
at org.openqa.selenium.support.pagefactory.internal.LocatingElementHandler.invoke(LocatingElementHandler.java:38)
at jdk.proxy2/jdk.proxy2.$Proxy11.click(Unknown Source)
at NEW_PROJECT_Nykaa.Base_Class.click(Base_Class.java:114)
at NYKAA_TestNG.Parallel_Chrome.Payment_Method(Parallel_Chrome.java:149)
at java.base/jdk.internal.reflect.NativeMethodAccessorImpl.invoke0(Native Method)
at java.base/jdk.internal.reflect.NativeMethodAccessorImpl.invoke(NativeMethodAccessorImpl.java:77)
at java.base/jdk.internal.reflect.DelegatingMethodAccessorImpl.invoke(DelegatingMethodAccessorImpl.java:43)
at java.base/java.lang.reflect.Method.invoke(Method.java:568)
at org.testng.internal.MethodInvocationHelper.invokeMethod(MethodInvocationHelper.java:133)
at org.testng.internal.TestInvoker.invokeMethod(TestInvoker.java:598)
at org.testng.internal.TestInvoker.invokeTestMethod(TestInvoker.java:173)
at org.testng.internal.MethodRunner.runInSequence(MethodRunner.java:46)
at org.testng.internal.TestInvoker$MethodInvocationAgent.invoke(TestInvoker.java:824)
at org.testng.internal.TestInvoker.invokeTestMethods(TestInvoker.java:146)
at org.testng.internal.TestMethodWorker.invokeTestMethods(TestMethodWorker.java:146)
at org.testng.internal.TestMethodWorker.run(TestMethodWorker.java:128)
at java.base/java.util.ArrayList.forEach(ArrayList.java:1511)
at org.testng.TestRunner.privateRun(TestRunner.java:794)
at org.testng.TestRunner.run(TestRunner.java:596)
at org.testng.SuiteRunner.runTest(SuiteRunner.java:377)
at org.testng.SuiteRunner.access$000(SuiteRunner.java:28)
at org.testng.SuiteRunner$SuiteWorker.run(SuiteRunner.java:418)
at org.testng.internal.thread.ThreadUtil.lambda$execute$0(ThreadUtil.java:64)
at java.base/java.util.concurrent.FutureTask.run(FutureTask.java:264)
at java.base/java.util.concurrent.ThreadPoolExecutor.runWorker(ThreadPoolExecutor.java:1136)
at java.base/java.util.concurrent.ThreadPoolExecutor$Worker.run(ThreadPoolExecutor.java:635)
at java.base/java.lang.Thread.run(Thread.java:833)
]]>
    </error>
  </testcase> <!-- Payment_Method -->
  <system-out/>
  <testcase classname="NYKAA_TestNG.Parallel_Chrome" name="log_Out" time="5.537"/>
  <system-out/>
</testsuite> <!-- NYKAA_TestNG.Parallel_Chrome -->
