<?xml version="1.0" encoding="UTF-8"?>
<!-- Generated by org.testng.reporters.JUnitReportReporter -->
<testsuite hostname="DESKTOP-AD1H9CQ" failures="0" tests="10" name="NYKAA_TestNG.TestNG" time="115.459" errors="0" timestamp="2023-05-19T11:08:45 IST" skipped="0">
  <testcase classname="NYKAA_TestNG.TestNG" name="browser_Launch" time="8.454"/>
  <system-out/>
  <testcase classname="NYKAA_TestNG.TestNG" name="window_Manage_Max" time="0.327"/>
  <system-out/>
  <testcase classname="NYKAA_TestNG.TestNG" name="log_In" time="23.496"/>
  <system-out/>
  <testcase classname="NYKAA_TestNG.TestNG" name="Makeup_Product" time="15.119"/>
  <system-out/>
  <testcase classname="NYKAA_TestNG.TestNG" name="Makeup_Remover_Product" time="6.874"/>
  <system-out/>
  <testcase classname="NYKAA_TestNG.TestNG" name="product_Click" time="7.792"/>
  <system-out/>
  <testcase classname="NYKAA_TestNG.TestNG" name="Product_Page_TO_Cart" time="36.445"/>
  <system-out/>
  <testcase classname="NYKAA_TestNG.TestNG" name="Payment_Method" time="10.906"/>
  <system-out/>
  <testcase classname="NYKAA_TestNG.TestNG" name="window_Manage_Mini" time="0.182"/>
  <system-out/>
  <testcase classname="NYKAA_TestNG.TestNG" name="log_Out" time="5.864"/>
  <system-out/>
</testsuite> <!-- NYKAA_TestNG.TestNG -->
