<?xml version="1.0" encoding="UTF-8"?>
<!-- Generated by org.testng.reporters.JUnitReportReporter -->
<testsuite hostname="DESKTOP-AD1H9CQ" failures="0" tests="9" name="NYKAA_TestNG.TestNG" time="74.223" errors="1" timestamp="2023-05-25T09:06:49 IST" skipped="0">
  <testcase classname="NYKAA_TestNG.TestNG" name="browser_Launch" time="7.900"/>
  <system-out/>
  <testcase classname="NYKAA_TestNG.TestNG" name="log_In" time="17.481"/>
  <system-out/>
  <testcase classname="NYKAA_TestNG.TestNG" name="Makeup_Product" time="14.905"/>
  <system-out/>
  <testcase classname="NYKAA_TestNG.TestNG" name="Makeup_Remover_Product" time="3.418"/>
  <system-out/>
  <testcase classname="NYKAA_TestNG.TestNG" name="product_Click" time="7.269"/>
  <system-out/>
  <testcase classname="NYKAA_TestNG.TestNG" name="browser_quit" time="0.034">
    <error type="java.lang.StackOverflowError">
      <![CDATA[java.lang.StackOverflowError
at NYKAA_TestNG.TestNG.browser_quit(TestNG.java:202)
at NYKAA_TestNG.TestNG.browser_quit(TestNG.java:202)
at NYKAA_TestNG.TestNG.browser_quit(TestNG.java:202)
at NYKAA_TestNG.TestNG.browser_quit(TestNG.java:202)
at NYKAA_TestNG.TestNG.browser_quit(TestNG.java:202)
at NYKAA_TestNG.TestNG.browser_quit(TestNG.java:202)
at NYKAA_TestNG.TestNG.browser_quit(TestNG.java:202)
at NYKAA_TestNG.TestNG.browser_quit(TestNG.java:202)
at NYKAA_TestNG.TestNG.browser_quit(TestNG.java:202)
at NYKAA_TestNG.TestNG.browser_quit(TestNG.java:202)
at NYKAA_TestNG.TestNG.browser_quit(TestNG.java:202)
at NYKAA_TestNG.TestNG.browser_quit(TestNG.java:202)
at NYKAA_TestNG.TestNG.browser_quit(TestNG.java:202)
at NYKAA_TestNG.TestNG.browser_quit(TestNG.java:202)
at NYKAA_TestNG.TestNG.browser_quit(TestNG.java:202)
at NYKAA_TestNG.TestNG.browser_quit(TestNG.java:202)
at NYKAA_TestNG.TestNG.browser_quit(TestNG.java:202)
at NYKAA_TestNG.TestNG.browser_quit(TestNG.java:202)
at NYKAA_TestNG.TestNG.browser_quit(TestNG.java:202)
at NYKAA_TestNG.TestNG.browser_quit(TestNG.java:202)
at NYKAA_TestNG.TestNG.browser_quit(TestNG.java:202)
at NYKAA_TestNG.TestNG.browser_quit(TestNG.java:202)
at NYKAA_TestNG.TestNG.browser_quit(TestNG.java:202)
at NYKAA_TestNG.TestNG.browser_quit(TestNG.java:202)
at NYKAA_TestNG.TestNG.browser_quit(TestNG.java:202)
at NYKAA_TestNG.TestNG.browser_quit(TestNG.java:202)
at NYKAA_TestNG.TestNG.browser_quit(TestNG.java:202)
at NYKAA_TestNG.TestNG.browser_quit(TestNG.java:202)
at NYKAA_TestNG.TestNG.browser_quit(TestNG.java:202)
at NYKAA_TestNG.TestNG.browser_quit(TestNG.java:202)
at NYKAA_TestNG.TestNG.browser_quit(TestNG.java:202)
at NYKAA_TestNG.TestNG.browser_quit(TestNG.java:202)
at NYKAA_TestNG.TestNG.browser_quit(TestNG.java:202)
at NYKAA_TestNG.TestNG.browser_quit(TestNG.java:202)
at NYKAA_TestNG.TestNG.browser_quit(TestNG.java:202)
at NYKAA_TestNG.TestNG.browser_quit(TestNG.java:202)
at NYKAA_TestNG.TestNG.browser_quit(TestNG.java:202)
at NYKAA_TestNG.TestNG.browser_quit(TestNG.java:202)
at NYKAA_TestNG.TestNG.browser_quit(TestNG.java:202)
at NYKAA_TestNG.TestNG.browser_quit(TestNG.java:202)
at NYKAA_TestNG.TestNG.browser_quit(TestNG.java:202)
at NYKAA_TestNG.TestNG.browser_quit(TestNG.java:202)
at NYKAA_TestNG.TestNG.browser_quit(TestNG.java:202)
at NYKAA_TestNG.TestNG.browser_quit(TestNG.java:202)
at NYKAA_TestNG.TestNG.browser_quit(TestNG.java:202)
at NYKAA_TestNG.TestNG.browser_quit(TestNG.java:202)
at NYKAA_TestNG.TestNG.browser_quit(TestNG.java:202)
at NYKAA_TestNG.TestNG.browser_quit(TestNG.java:202)
at NYKAA_TestNG.TestNG.browser_quit(TestNG.java:202)
at NYKAA_TestNG.TestNG.browser_quit(TestNG.java:202)
at NYKAA_TestNG.TestNG.browser_quit(TestNG.java:202)
at NYKAA_TestNG.TestNG.browser_quit(TestNG.java:202)
at NYKAA_TestNG.TestNG.browser_quit(TestNG.java:202)
at NYKAA_TestNG.TestNG.browser_quit(TestNG.java:202)
at NYKAA_TestNG.TestNG.browser_quit(TestNG.java:202)
at NYKAA_TestNG.TestNG.browser_quit(TestNG.java:202)
at NYKAA_TestNG.TestNG.browser_quit(TestNG.java:202)
at NYKAA_TestNG.TestNG.browser_quit(TestNG.java:202)
at NYKAA_TestNG.TestNG.browser_quit(TestNG.java:202)
at NYKAA_TestNG.TestNG.browser_quit(TestNG.java:202)
at NYKAA_TestNG.TestNG.browser_quit(TestNG.java:202)
at NYKAA_TestNG.TestNG.browser_quit(TestNG.java:202)
at NYKAA_TestNG.TestNG.browser_quit(TestNG.java:202)
at NYKAA_TestNG.TestNG.browser_quit(TestNG.java:202)
at NYKAA_TestNG.TestNG.browser_quit(TestNG.java:202)
at NYKAA_TestNG.TestNG.browser_quit(TestNG.java:202)
at NYKAA_TestNG.TestNG.browser_quit(TestNG.java:202)
at NYKAA_TestNG.TestNG.browser_quit(TestNG.java:202)
at NYKAA_TestNG.TestNG.browser_quit(TestNG.java:202)
at NYKAA_TestNG.TestNG.browser_quit(TestNG.java:202)
at NYKAA_TestNG.TestNG.browser_quit(TestNG.java:202)
at NYKAA_TestNG.TestNG.browser_quit(TestNG.java:202)
at NYKAA_TestNG.TestNG.browser_quit(TestNG.java:202)
at NYKAA_TestNG.TestNG.browser_quit(TestNG.java:202)
at NYKAA_TestNG.TestNG.browser_quit(TestNG.java:202)
at NYKAA_TestNG.TestNG.browser_quit(TestNG.java:202)
at NYKAA_TestNG.TestNG.browser_quit(TestNG.java:202)
at NYKAA_TestNG.TestNG.browser_quit(TestNG.java:202)
at NYKAA_TestNG.TestNG.browser_quit(TestNG.java:202)
at NYKAA_TestNG.TestNG.browser_quit(TestNG.java:202)
at NYKAA_TestNG.TestNG.browser_quit(TestNG.java:202)
at NYKAA_TestNG.TestNG.browser_quit(TestNG.java:202)
at NYKAA_TestNG.TestNG.browser_quit(TestNG.java:202)
at NYKAA_TestNG.TestNG.browser_quit(TestNG.java:202)
at NYKAA_TestNG.TestNG.browser_quit(TestNG.java:202)
at NYKAA_TestNG.TestNG.browser_quit(TestNG.java:202)
at NYKAA_TestNG.TestNG.browser_quit(TestNG.java:202)
at NYKAA_TestNG.TestNG.browser_quit(TestNG.java:202)
at NYKAA_TestNG.TestNG.browser_quit(TestNG.java:202)
at NYKAA_TestNG.TestNG.browser_quit(TestNG.java:202)
at NYKAA_TestNG.TestNG.browser_quit(TestNG.java:202)
at NYKAA_TestNG.TestNG.browser_quit(TestNG.java:202)
at NYKAA_TestNG.TestNG.browser_quit(TestNG.java:202)
at NYKAA_TestNG.TestNG.browser_quit(TestNG.java:202)
at NYKAA_TestNG.TestNG.browser_quit(TestNG.java:202)
at NYKAA_TestNG.TestNG.browser_quit(TestNG.java:202)
at NYKAA_TestNG.TestNG.browser_quit(TestNG.java:202)
at NYKAA_TestNG.TestNG.browser_quit(TestNG.java:202)
at NYKAA_TestNG.TestNG.browser_quit(TestNG.java:202)
at NYKAA_TestNG.TestNG.browser_quit(TestNG.java:202)
at NYKAA_TestNG.TestNG.browser_quit(TestNG.java:202)
at NYKAA_TestNG.TestNG.browser_quit(TestNG.java:202)
at NYKAA_TestNG.TestNG.browser_quit(TestNG.java:202)
at NYKAA_TestNG.TestNG.browser_quit(TestNG.java:202)
at NYKAA_TestNG.TestNG.browser_quit(TestNG.java:202)
at NYKAA_TestNG.TestNG.browser_quit(TestNG.java:202)
at NYKAA_TestNG.TestNG.browser_quit(TestNG.java:202)
at NYKAA_TestNG.TestNG.browser_quit(TestNG.java:202)
at NYKAA_TestNG.TestNG.browser_quit(TestNG.java:202)
at NYKAA_TestNG.TestNG.browser_quit(TestNG.java:202)
at NYKAA_TestNG.TestNG.browser_quit(TestNG.java:202)
at NYKAA_TestNG.TestNG.browser_quit(TestNG.java:202)
at NYKAA_TestNG.TestNG.browser_quit(TestNG.java:202)
at NYKAA_TestNG.TestNG.browser_quit(TestNG.java:202)
at NYKAA_TestNG.TestNG.browser_quit(TestNG.java:202)
at NYKAA_TestNG.TestNG.browser_quit(TestNG.java:202)
at NYKAA_TestNG.TestNG.browser_quit(TestNG.java:202)
at NYKAA_TestNG.TestNG.browser_quit(TestNG.java:202)
at NYKAA_TestNG.TestNG.browser_quit(TestNG.java:202)
at NYKAA_TestNG.TestNG.browser_quit(TestNG.java:202)
at NYKAA_TestNG.TestNG.browser_quit(TestNG.java:202)
at NYKAA_TestNG.TestNG.browser_quit(TestNG.java:202)
at NYKAA_TestNG.TestNG.browser_quit(TestNG.java:202)
at NYKAA_TestNG.TestNG.browser_quit(TestNG.java:202)
at NYKAA_TestNG.TestNG.browser_quit(TestNG.java:202)
at NYKAA_TestNG.TestNG.browser_quit(TestNG.java:202)
at NYKAA_TestNG.TestNG.browser_quit(TestNG.java:202)
at NYKAA_TestNG.TestNG.browser_quit(TestNG.java:202)
at NYKAA_TestNG.TestNG.browser_quit(TestNG.java:202)
at NYKAA_TestNG.TestNG.browser_quit(TestNG.java:202)
at NYKAA_TestNG.TestNG.browser_quit(TestNG.java:202)
at NYKAA_TestNG.TestNG.browser_quit(TestNG.java:202)
at NYKAA_TestNG.TestNG.browser_quit(TestNG.java:202)
at NYKAA_TestNG.TestNG.browser_quit(TestNG.java:202)
at NYKAA_TestNG.TestNG.browser_quit(TestNG.java:202)
at NYKAA_TestNG.TestNG.browser_quit(TestNG.java:202)
at NYKAA_TestNG.TestNG.browser_quit(TestNG.java:202)
at NYKAA_TestNG.TestNG.browser_quit(TestNG.java:202)
at NYKAA_TestNG.TestNG.browser_quit(TestNG.java:202)
at NYKAA_TestNG.TestNG.browser_quit(TestNG.java:202)
at NYKAA_TestNG.TestNG.browser_quit(TestNG.java:202)
at NYKAA_TestNG.TestNG.browser_quit(TestNG.java:202)
at NYKAA_TestNG.TestNG.browser_quit(TestNG.java:202)
at NYKAA_TestNG.TestNG.browser_quit(TestNG.java:202)
at NYKAA_TestNG.TestNG.browser_quit(TestNG.java:202)
at NYKAA_TestNG.TestNG.browser_quit(TestNG.java:202)
at NYKAA_TestNG.TestNG.browser_quit(TestNG.java:202)
at NYKAA_TestNG.TestNG.browser_quit(TestNG.java:202)
at NYKAA_TestNG.TestNG.browser_quit(TestNG.java:202)
at NYKAA_TestNG.TestNG.browser_quit(TestNG.java:202)
at NYKAA_TestNG.TestNG.browser_quit(TestNG.java:202)
at NYKAA_TestNG.TestNG.browser_quit(TestNG.java:202)
at NYKAA_TestNG.TestNG.browser_quit(TestNG.java:202)
at NYKAA_TestNG.TestNG.browser_quit(TestNG.java:202)
at NYKAA_TestNG.TestNG.browser_quit(TestNG.java:202)
at NYKAA_TestNG.TestNG.browser_quit(TestNG.java:202)
at NYKAA_TestNG.TestNG.browser_quit(TestNG.java:202)
at NYKAA_TestNG.TestNG.browser_quit(TestNG.java:202)
at NYKAA_TestNG.TestNG.browser_quit(TestNG.java:202)
at NYKAA_TestNG.TestNG.browser_quit(TestNG.java:202)
at NYKAA_TestNG.TestNG.browser_quit(TestNG.java:202)
at NYKAA_TestNG.TestNG.browser_quit(TestNG.java:202)
at NYKAA_TestNG.TestNG.browser_quit(TestNG.java:202)
at NYKAA_TestNG.TestNG.browser_quit(TestNG.java:202)
at NYKAA_TestNG.TestNG.browser_quit(TestNG.java:202)
at NYKAA_TestNG.TestNG.browser_quit(TestNG.java:202)
at NYKAA_TestNG.TestNG.browser_quit(TestNG.java:202)
at NYKAA_TestNG.TestNG.browser_quit(TestNG.java:202)
at NYKAA_TestNG.TestNG.browser_quit(TestNG.java:202)
at NYKAA_TestNG.TestNG.browser_quit(TestNG.java:202)
at NYKAA_TestNG.TestNG.browser_quit(TestNG.java:202)
at NYKAA_TestNG.TestNG.browser_quit(TestNG.java:202)
at NYKAA_TestNG.TestNG.browser_quit(TestNG.java:202)
at NYKAA_TestNG.TestNG.browser_quit(TestNG.java:202)
at NYKAA_TestNG.TestNG.browser_quit(TestNG.java:202)
at NYKAA_TestNG.TestNG.browser_quit(TestNG.java:202)
at NYKAA_TestNG.TestNG.browser_quit(TestNG.java:202)
at NYKAA_TestNG.TestNG.browser_quit(TestNG.java:202)
at NYKAA_TestNG.TestNG.browser_quit(TestNG.java:202)
at NYKAA_TestNG.TestNG.browser_quit(TestNG.java:202)
at NYKAA_TestNG.TestNG.browser_quit(TestNG.java:202)
at NYKAA_TestNG.TestNG.browser_quit(TestNG.java:202)
at NYKAA_TestNG.TestNG.browser_quit(TestNG.java:202)
at NYKAA_TestNG.TestNG.browser_quit(TestNG.java:202)
at NYKAA_TestNG.TestNG.browser_quit(TestNG.java:202)
at NYKAA_TestNG.TestNG.browser_quit(TestNG.java:202)
at NYKAA_TestNG.TestNG.browser_quit(TestNG.java:202)
at NYKAA_TestNG.TestNG.browser_quit(TestNG.java:202)
at NYKAA_TestNG.TestNG.browser_quit(TestNG.java:202)
at NYKAA_TestNG.TestNG.browser_quit(TestNG.java:202)
at NYKAA_TestNG.TestNG.browser_quit(TestNG.java:202)
at NYKAA_TestNG.TestNG.browser_quit(TestNG.java:202)
at NYKAA_TestNG.TestNG.browser_quit(TestNG.java:202)
at NYKAA_TestNG.TestNG.browser_quit(TestNG.java:202)
at NYKAA_TestNG.TestNG.browser_quit(TestNG.java:202)
at NYKAA_TestNG.TestNG.browser_quit(TestNG.java:202)
at NYKAA_TestNG.TestNG.browser_quit(TestNG.java:202)
at NYKAA_TestNG.TestNG.browser_quit(TestNG.java:202)
at NYKAA_TestNG.TestNG.browser_quit(TestNG.java:202)
at NYKAA_TestNG.TestNG.browser_quit(TestNG.java:202)
at NYKAA_TestNG.TestNG.browser_quit(TestNG.java:202)
at NYKAA_TestNG.TestNG.browser_quit(TestNG.java:202)
at NYKAA_TestNG.TestNG.browser_quit(TestNG.java:202)
at NYKAA_TestNG.TestNG.browser_quit(TestNG.java:202)
at NYKAA_TestNG.TestNG.browser_quit(TestNG.java:202)
at NYKAA_TestNG.TestNG.browser_quit(TestNG.java:202)
at NYKAA_TestNG.TestNG.browser_quit(TestNG.java:202)
at NYKAA_TestNG.TestNG.browser_quit(TestNG.java:202)
at NYKAA_TestNG.TestNG.browser_quit(TestNG.java:202)
at NYKAA_TestNG.TestNG.browser_quit(TestNG.java:202)
at NYKAA_TestNG.TestNG.browser_quit(TestNG.java:202)
at NYKAA_TestNG.TestNG.browser_quit(TestNG.java:202)
at NYKAA_TestNG.TestNG.browser_quit(TestNG.java:202)
at NYKAA_TestNG.TestNG.browser_quit(TestNG.java:202)
at NYKAA_TestNG.TestNG.browser_quit(TestNG.java:202)
at NYKAA_TestNG.TestNG.browser_quit(TestNG.java:202)
at NYKAA_TestNG.TestNG.browser_quit(TestNG.java:202)
at NYKAA_TestNG.TestNG.browser_quit(TestNG.java:202)
at NYKAA_TestNG.TestNG.browser_quit(TestNG.java:202)
at NYKAA_TestNG.TestNG.browser_quit(TestNG.java:202)
at NYKAA_TestNG.TestNG.browser_quit(TestNG.java:202)
at NYKAA_TestNG.TestNG.browser_quit(TestNG.java:202)
at NYKAA_TestNG.TestNG.browser_quit(TestNG.java:202)
at NYKAA_TestNG.TestNG.browser_quit(TestNG.java:202)
at NYKAA_TestNG.TestNG.browser_quit(TestNG.java:202)
at NYKAA_TestNG.TestNG.browser_quit(TestNG.java:202)
at NYKAA_TestNG.TestNG.browser_quit(TestNG.java:202)
at NYKAA_TestNG.TestNG.browser_quit(TestNG.java:202)
at NYKAA_TestNG.TestNG.browser_quit(TestNG.java:202)
at NYKAA_TestNG.TestNG.browser_quit(TestNG.java:202)
at NYKAA_TestNG.TestNG.browser_quit(TestNG.java:202)
at NYKAA_TestNG.TestNG.browser_quit(TestNG.java:202)
at NYKAA_TestNG.TestNG.browser_quit(TestNG.java:202)
at NYKAA_TestNG.TestNG.browser_quit(TestNG.java:202)
at NYKAA_TestNG.TestNG.browser_quit(TestNG.java:202)
at NYKAA_TestNG.TestNG.browser_quit(TestNG.java:202)
at NYKAA_TestNG.TestNG.browser_quit(TestNG.java:202)
at NYKAA_TestNG.TestNG.browser_quit(TestNG.java:202)
at NYKAA_TestNG.TestNG.browser_quit(TestNG.java:202)
at NYKAA_TestNG.TestNG.browser_quit(TestNG.java:202)
at NYKAA_TestNG.TestNG.browser_quit(TestNG.java:202)
at NYKAA_TestNG.TestNG.browser_quit(TestNG.java:202)
at NYKAA_TestNG.TestNG.browser_quit(TestNG.java:202)
at NYKAA_TestNG.TestNG.browser_quit(TestNG.java:202)
at NYKAA_TestNG.TestNG.browser_quit(TestNG.java:202)
at NYKAA_TestNG.TestNG.browser_quit(TestNG.java:202)
at NYKAA_TestNG.TestNG.browser_quit(TestNG.java:202)
at NYKAA_TestNG.TestNG.browser_quit(TestNG.java:202)
at NYKAA_TestNG.TestNG.browser_quit(TestNG.java:202)
at NYKAA_TestNG.TestNG.browser_quit(TestNG.java:202)
at NYKAA_TestNG.TestNG.browser_quit(TestNG.java:202)
at NYKAA_TestNG.TestNG.browser_quit(TestNG.java:202)
at NYKAA_TestNG.TestNG.browser_quit(TestNG.java:202)
at NYKAA_TestNG.TestNG.browser_quit(TestNG.java:202)
at NYKAA_TestNG.TestNG.browser_quit(TestNG.java:202)
at NYKAA_TestNG.TestNG.browser_quit(TestNG.java:202)
at NYKAA_TestNG.TestNG.browser_quit(TestNG.java:202)
at NYKAA_TestNG.TestNG.browser_quit(TestNG.java:202)
at NYKAA_TestNG.TestNG.browser_quit(TestNG.java:202)
at NYKAA_TestNG.TestNG.browser_quit(TestNG.java:202)
at NYKAA_TestNG.TestNG.browser_quit(TestNG.java:202)
at NYKAA_TestNG.TestNG.browser_quit(TestNG.java:202)
at NYKAA_TestNG.TestNG.browser_quit(TestNG.java:202)
at NYKAA_TestNG.TestNG.browser_quit(TestNG.java:202)
at NYKAA_TestNG.TestNG.browser_quit(TestNG.java:202)
at NYKAA_TestNG.TestNG.browser_quit(TestNG.java:202)
at NYKAA_TestNG.TestNG.browser_quit(TestNG.java:202)
at NYKAA_TestNG.TestNG.browser_quit(TestNG.java:202)
at NYKAA_TestNG.TestNG.browser_quit(TestNG.java:202)
at NYKAA_TestNG.TestNG.browser_quit(TestNG.java:202)
at NYKAA_TestNG.TestNG.browser_quit(TestNG.java:202)
at NYKAA_TestNG.TestNG.browser_quit(TestNG.java:202)
at NYKAA_TestNG.TestNG.browser_quit(TestNG.java:202)
at NYKAA_TestNG.TestNG.browser_quit(TestNG.java:202)
at NYKAA_TestNG.TestNG.browser_quit(TestNG.java:202)
at NYKAA_TestNG.TestNG.browser_quit(TestNG.java:202)
at NYKAA_TestNG.TestNG.browser_quit(TestNG.java:202)
at NYKAA_TestNG.TestNG.browser_quit(TestNG.java:202)
at NYKAA_TestNG.TestNG.browser_quit(TestNG.java:202)
at NYKAA_TestNG.TestNG.browser_quit(TestNG.java:202)
at NYKAA_TestNG.TestNG.browser_quit(TestNG.java:202)
at NYKAA_TestNG.TestNG.browser_quit(TestNG.java:202)
at NYKAA_TestNG.TestNG.browser_quit(TestNG.java:202)
at NYKAA_TestNG.TestNG.browser_quit(TestNG.java:202)
at NYKAA_TestNG.TestNG.browser_quit(TestNG.java:202)
at NYKAA_TestNG.TestNG.browser_quit(TestNG.java:202)
at NYKAA_TestNG.TestNG.browser_quit(TestNG.java:202)
at NYKAA_TestNG.TestNG.browser_quit(TestNG.java:202)
at NYKAA_TestNG.TestNG.browser_quit(TestNG.java:202)
at NYKAA_TestNG.TestNG.browser_quit(TestNG.java:202)
at NYKAA_TestNG.TestNG.browser_quit(TestNG.java:202)
at NYKAA_TestNG.TestNG.browser_quit(TestNG.java:202)
at NYKAA_TestNG.TestNG.browser_quit(TestNG.java:202)
at NYKAA_TestNG.TestNG.browser_quit(TestNG.java:202)
at NYKAA_TestNG.TestNG.browser_quit(TestNG.java:202)
at NYKAA_TestNG.TestNG.browser_quit(TestNG.java:202)
at NYKAA_TestNG.TestNG.browser_quit(TestNG.java:202)
at NYKAA_TestNG.TestNG.browser_quit(TestNG.java:202)
at NYKAA_TestNG.TestNG.browser_quit(TestNG.java:202)
at NYKAA_TestNG.TestNG.browser_quit(TestNG.java:202)
at NYKAA_TestNG.TestNG.browser_quit(TestNG.java:202)
at NYKAA_TestNG.TestNG.browser_quit(TestNG.java:202)
at NYKAA_TestNG.TestNG.browser_quit(TestNG.java:202)
at NYKAA_TestNG.TestNG.browser_quit(TestNG.java:202)
at NYKAA_TestNG.TestNG.browser_quit(TestNG.java:202)
at NYKAA_TestNG.TestNG.browser_quit(TestNG.java:202)
at NYKAA_TestNG.TestNG.browser_quit(TestNG.java:202)
at NYKAA_TestNG.TestNG.browser_quit(TestNG.java:202)
at NYKAA_TestNG.TestNG.browser_quit(TestNG.java:202)
at NYKAA_TestNG.TestNG.browser_quit(TestNG.java:202)
at NYKAA_TestNG.TestNG.browser_quit(TestNG.java:202)
at NYKAA_TestNG.TestNG.browser_quit(TestNG.java:202)
at NYKAA_TestNG.TestNG.browser_quit(TestNG.java:202)
at NYKAA_TestNG.TestNG.browser_quit(TestNG.java:202)
at NYKAA_TestNG.TestNG.browser_quit(TestNG.java:202)
at NYKAA_TestNG.TestNG.browser_quit(TestNG.java:202)
at NYKAA_TestNG.TestNG.browser_quit(TestNG.java:202)
at NYKAA_TestNG.TestNG.browser_quit(TestNG.java:202)
at NYKAA_TestNG.TestNG.browser_quit(TestNG.java:202)
at NYKAA_TestNG.TestNG.browser_quit(TestNG.java:202)
at NYKAA_TestNG.TestNG.browser_quit(TestNG.java:202)
at NYKAA_TestNG.TestNG.browser_quit(TestNG.java:202)
at NYKAA_TestNG.TestNG.browser_quit(TestNG.java:202)
at NYKAA_TestNG.TestNG.browser_quit(TestNG.java:202)
at NYKAA_TestNG.TestNG.browser_quit(TestNG.java:202)
at NYKAA_TestNG.TestNG.browser_quit(TestNG.java:202)
at NYKAA_TestNG.TestNG.browser_quit(TestNG.java:202)
at NYKAA_TestNG.TestNG.browser_quit(TestNG.java:202)
at NYKAA_TestNG.TestNG.browser_quit(TestNG.java:202)
at NYKAA_TestNG.TestNG.browser_quit(TestNG.java:202)
at NYKAA_TestNG.TestNG.browser_quit(TestNG.java:202)
at NYKAA_TestNG.TestNG.browser_quit(TestNG.java:202)
at NYKAA_TestNG.TestNG.browser_quit(TestNG.java:202)
at NYKAA_TestNG.TestNG.browser_quit(TestNG.java:202)
at NYKAA_TestNG.TestNG.browser_quit(TestNG.java:202)
at NYKAA_TestNG.TestNG.browser_quit(TestNG.java:202)
at NYKAA_TestNG.TestNG.browser_quit(TestNG.java:202)
at NYKAA_TestNG.TestNG.browser_quit(TestNG.java:202)
at NYKAA_TestNG.TestNG.browser_quit(TestNG.java:202)
at NYKAA_TestNG.TestNG.browser_quit(TestNG.java:202)
at NYKAA_TestNG.TestNG.browser_quit(TestNG.java:202)
at NYKAA_TestNG.TestNG.browser_quit(TestNG.java:202)
at NYKAA_TestNG.TestNG.browser_quit(TestNG.java:202)
at NYKAA_TestNG.TestNG.browser_quit(TestNG.java:202)
at NYKAA_TestNG.TestNG.browser_quit(TestNG.java:202)
at NYKAA_TestNG.TestNG.browser_quit(TestNG.java:202)
at NYKAA_TestNG.TestNG.browser_quit(TestNG.java:202)
at NYKAA_TestNG.TestNG.browser_quit(TestNG.java:202)
at NYKAA_TestNG.TestNG.browser_quit(TestNG.java:202)
at NYKAA_TestNG.TestNG.browser_quit(TestNG.java:202)
at NYKAA_TestNG.TestNG.browser_quit(TestNG.java:202)
at NYKAA_TestNG.TestNG.browser_quit(TestNG.java:202)
at NYKAA_TestNG.TestNG.browser_quit(TestNG.java:202)
at NYKAA_TestNG.TestNG.browser_quit(TestNG.java:202)
at NYKAA_TestNG.TestNG.browser_quit(TestNG.java:202)
at NYKAA_TestNG.TestNG.browser_quit(TestNG.java:202)
at NYKAA_TestNG.TestNG.browser_quit(TestNG.java:202)
at NYKAA_TestNG.TestNG.browser_quit(TestNG.java:202)
at NYKAA_TestNG.TestNG.browser_quit(TestNG.java:202)
at NYKAA_TestNG.TestNG.browser_quit(TestNG.java:202)
at NYKAA_TestNG.TestNG.browser_quit(TestNG.java:202)
at NYKAA_TestNG.TestNG.browser_quit(TestNG.java:202)
at NYKAA_TestNG.TestNG.browser_quit(TestNG.java:202)
at NYKAA_TestNG.TestNG.browser_quit(TestNG.java:202)
at NYKAA_TestNG.TestNG.browser_quit(TestNG.java:202)
at NYKAA_TestNG.TestNG.browser_quit(TestNG.java:202)
at NYKAA_TestNG.TestNG.browser_quit(TestNG.java:202)
at NYKAA_TestNG.TestNG.browser_quit(TestNG.java:202)
at NYKAA_TestNG.TestNG.browser_quit(TestNG.java:202)
at NYKAA_TestNG.TestNG.browser_quit(TestNG.java:202)
at NYKAA_TestNG.TestNG.browser_quit(TestNG.java:202)
at NYKAA_TestNG.TestNG.browser_quit(TestNG.java:202)
at NYKAA_TestNG.TestNG.browser_quit(TestNG.java:202)
at NYKAA_TestNG.TestNG.browser_quit(TestNG.java:202)
at NYKAA_TestNG.TestNG.browser_quit(TestNG.java:202)
at NYKAA_TestNG.TestNG.browser_quit(TestNG.java:202)
at NYKAA_TestNG.TestNG.browser_quit(TestNG.java:202)
at NYKAA_TestNG.TestNG.browser_quit(TestNG.java:202)
at NYKAA_TestNG.TestNG.browser_quit(TestNG.java:202)
at NYKAA_TestNG.TestNG.browser_quit(TestNG.java:202)
at NYKAA_TestNG.TestNG.browser_quit(TestNG.java:202)
at NYKAA_TestNG.TestNG.browser_quit(TestNG.java:202)
at NYKAA_TestNG.TestNG.browser_quit(TestNG.java:202)
at NYKAA_TestNG.TestNG.browser_quit(TestNG.java:202)
at NYKAA_TestNG.TestNG.browser_quit(TestNG.java:202)
at NYKAA_TestNG.TestNG.browser_quit(TestNG.java:202)
at NYKAA_TestNG.TestNG.browser_quit(TestNG.java:202)
at NYKAA_TestNG.TestNG.browser_quit(TestNG.java:202)
at NYKAA_TestNG.TestNG.browser_quit(TestNG.java:202)
at NYKAA_TestNG.TestNG.browser_quit(TestNG.java:202)
at NYKAA_TestNG.TestNG.browser_quit(TestNG.java:202)
at NYKAA_TestNG.TestNG.browser_quit(TestNG.java:202)
at NYKAA_TestNG.TestNG.browser_quit(TestNG.java:202)
at NYKAA_TestNG.TestNG.browser_quit(TestNG.java:202)
at NYKAA_TestNG.TestNG.browser_quit(TestNG.java:202)
at NYKAA_TestNG.TestNG.browser_quit(TestNG.java:202)
at NYKAA_TestNG.TestNG.browser_quit(TestNG.java:202)
at NYKAA_TestNG.TestNG.browser_quit(TestNG.java:202)
at NYKAA_TestNG.TestNG.browser_quit(TestNG.java:202)
at NYKAA_TestNG.TestNG.browser_quit(TestNG.java:202)
at NYKAA_TestNG.TestNG.browser_quit(TestNG.java:202)
at NYKAA_TestNG.TestNG.browser_quit(TestNG.java:202)
at NYKAA_TestNG.TestNG.browser_quit(TestNG.java:202)
at NYKAA_TestNG.TestNG.browser_quit(TestNG.java:202)
at NYKAA_TestNG.TestNG.browser_quit(TestNG.java:202)
at NYKAA_TestNG.TestNG.browser_quit(TestNG.java:202)
at NYKAA_TestNG.TestNG.browser_quit(TestNG.java:202)
at NYKAA_TestNG.TestNG.browser_quit(TestNG.java:202)
at NYKAA_TestNG.TestNG.browser_quit(TestNG.java:202)
at NYKAA_TestNG.TestNG.browser_quit(TestNG.java:202)
at NYKAA_TestNG.TestNG.browser_quit(TestNG.java:202)
at NYKAA_TestNG.TestNG.browser_quit(TestNG.java:202)
at NYKAA_TestNG.TestNG.browser_quit(TestNG.java:202)
at NYKAA_TestNG.TestNG.browser_quit(TestNG.java:202)
at NYKAA_TestNG.TestNG.browser_quit(TestNG.java:202)
at NYKAA_TestNG.TestNG.browser_quit(TestNG.java:202)
at NYKAA_TestNG.TestNG.browser_quit(TestNG.java:202)
at NYKAA_TestNG.TestNG.browser_quit(TestNG.java:202)
at NYKAA_TestNG.TestNG.browser_quit(TestNG.java:202)
at NYKAA_TestNG.TestNG.browser_quit(TestNG.java:202)
at NYKAA_TestNG.TestNG.browser_quit(TestNG.java:202)
at NYKAA_TestNG.TestNG.browser_quit(TestNG.java:202)
at NYKAA_TestNG.TestNG.browser_quit(TestNG.java:202)
at NYKAA_TestNG.TestNG.browser_quit(TestNG.java:202)
at NYKAA_TestNG.TestNG.browser_quit(TestNG.java:202)
at NYKAA_TestNG.TestNG.browser_quit(TestNG.java:202)
at NYKAA_TestNG.TestNG.browser_quit(TestNG.java:202)
at NYKAA_TestNG.TestNG.browser_quit(TestNG.java:202)
at NYKAA_TestNG.TestNG.browser_quit(TestNG.java:202)
at NYKAA_TestNG.TestNG.browser_quit(TestNG.java:202)
at NYKAA_TestNG.TestNG.browser_quit(TestNG.java:202)
at NYKAA_TestNG.TestNG.browser_quit(TestNG.java:202)
at NYKAA_TestNG.TestNG.browser_quit(TestNG.java:202)
at NYKAA_TestNG.TestNG.browser_quit(TestNG.java:202)
at NYKAA_TestNG.TestNG.browser_quit(TestNG.java:202)
at NYKAA_TestNG.TestNG.browser_quit(TestNG.java:202)
at NYKAA_TestNG.TestNG.browser_quit(TestNG.java:202)
at NYKAA_TestNG.TestNG.browser_quit(TestNG.java:202)
at NYKAA_TestNG.TestNG.browser_quit(TestNG.java:202)
at NYKAA_TestNG.TestNG.browser_quit(TestNG.java:202)
at NYKAA_TestNG.TestNG.browser_quit(TestNG.java:202)
at NYKAA_TestNG.TestNG.browser_quit(TestNG.java:202)
at NYKAA_TestNG.TestNG.browser_quit(TestNG.java:202)
at NYKAA_TestNG.TestNG.browser_quit(TestNG.java:202)
at NYKAA_TestNG.TestNG.browser_quit(TestNG.java:202)
at NYKAA_TestNG.TestNG.browser_quit(TestNG.java:202)
at NYKAA_TestNG.TestNG.browser_quit(TestNG.java:202)
at NYKAA_TestNG.TestNG.browser_quit(TestNG.java:202)
at NYKAA_TestNG.TestNG.browser_quit(TestNG.java:202)
at NYKAA_TestNG.TestNG.browser_quit(TestNG.java:202)
at NYKAA_TestNG.TestNG.browser_quit(TestNG.java:202)
at NYKAA_TestNG.TestNG.browser_quit(TestNG.java:202)
at NYKAA_TestNG.TestNG.browser_quit(TestNG.java:202)
at NYKAA_TestNG.TestNG.browser_quit(TestNG.java:202)
at NYKAA_TestNG.TestNG.browser_quit(TestNG.java:202)
at NYKAA_TestNG.TestNG.browser_quit(TestNG.java:202)
at NYKAA_TestNG.TestNG.browser_quit(TestNG.java:202)
at NYKAA_TestNG.TestNG.browser_quit(TestNG.java:202)
at NYKAA_TestNG.TestNG.browser_quit(TestNG.java:202)
at NYKAA_TestNG.TestNG.browser_quit(TestNG.java:202)
at NYKAA_TestNG.TestNG.browser_quit(TestNG.java:202)
at NYKAA_TestNG.TestNG.browser_quit(TestNG.java:202)
at NYKAA_TestNG.TestNG.browser_quit(TestNG.java:202)
at NYKAA_TestNG.TestNG.browser_quit(TestNG.java:202)
at NYKAA_TestNG.TestNG.browser_quit(TestNG.java:202)
at NYKAA_TestNG.TestNG.browser_quit(TestNG.java:202)
at NYKAA_TestNG.TestNG.browser_quit(TestNG.java:202)
at NYKAA_TestNG.TestNG.browser_quit(TestNG.java:202)
at NYKAA_TestNG.TestNG.browser_quit(TestNG.java:202)
at NYKAA_TestNG.TestNG.browser_quit(TestNG.java:202)
at NYKAA_TestNG.TestNG.browser_quit(TestNG.java:202)
at NYKAA_TestNG.TestNG.browser_quit(TestNG.java:202)
at NYKAA_TestNG.TestNG.browser_quit(TestNG.java:202)
at NYKAA_TestNG.TestNG.browser_quit(TestNG.java:202)
at NYKAA_TestNG.TestNG.browser_quit(TestNG.java:202)
at NYKAA_TestNG.TestNG.browser_quit(TestNG.java:202)
at NYKAA_TestNG.TestNG.browser_quit(TestNG.java:202)
at NYKAA_TestNG.TestNG.browser_quit(TestNG.java:202)
at NYKAA_TestNG.TestNG.browser_quit(TestNG.java:202)
at NYKAA_TestNG.TestNG.browser_quit(TestNG.java:202)
at NYKAA_TestNG.TestNG.browser_quit(TestNG.java:202)
at NYKAA_TestNG.TestNG.browser_quit(TestNG.java:202)
at NYKAA_TestNG.TestNG.browser_quit(TestNG.java:202)
at NYKAA_TestNG.TestNG.browser_quit(TestNG.java:202)
at NYKAA_TestNG.TestNG.browser_quit(TestNG.java:202)
at NYKAA_TestNG.TestNG.browser_quit(TestNG.java:202)
at NYKAA_TestNG.TestNG.browser_quit(TestNG.java:202)
at NYKAA_TestNG.TestNG.browser_quit(TestNG.java:202)
at NYKAA_TestNG.TestNG.browser_quit(TestNG.java:202)
at NYKAA_TestNG.TestNG.browser_quit(TestNG.java:202)
at NYKAA_TestNG.TestNG.browser_quit(TestNG.java:202)
at NYKAA_TestNG.TestNG.browser_quit(TestNG.java:202)
at NYKAA_TestNG.TestNG.browser_quit(TestNG.java:202)
at NYKAA_TestNG.TestNG.browser_quit(TestNG.java:202)
at NYKAA_TestNG.TestNG.browser_quit(TestNG.java:202)
at NYKAA_TestNG.TestNG.browser_quit(TestNG.java:202)
at NYKAA_TestNG.TestNG.browser_quit(TestNG.java:202)
at NYKAA_TestNG.TestNG.browser_quit(TestNG.java:202)
at NYKAA_TestNG.TestNG.browser_quit(TestNG.java:202)
at NYKAA_TestNG.TestNG.browser_quit(TestNG.java:202)
at NYKAA_TestNG.TestNG.browser_quit(TestNG.java:202)
at NYKAA_TestNG.TestNG.browser_quit(TestNG.java:202)
at NYKAA_TestNG.TestNG.browser_quit(TestNG.java:202)
at NYKAA_TestNG.TestNG.browser_quit(TestNG.java:202)
at NYKAA_TestNG.TestNG.browser_quit(TestNG.java:202)
at NYKAA_TestNG.TestNG.browser_quit(TestNG.java:202)
at NYKAA_TestNG.TestNG.browser_quit(TestNG.java:202)
at NYKAA_TestNG.TestNG.browser_quit(TestNG.java:202)
at NYKAA_TestNG.TestNG.browser_quit(TestNG.java:202)
at NYKAA_TestNG.TestNG.browser_quit(TestNG.java:202)
at NYKAA_TestNG.TestNG.browser_quit(TestNG.java:202)
at NYKAA_TestNG.TestNG.browser_quit(TestNG.java:202)
at NYKAA_TestNG.TestNG.browser_quit(TestNG.java:202)
at NYKAA_TestNG.TestNG.browser_quit(TestNG.java:202)
at NYKAA_TestNG.TestNG.browser_quit(TestNG.java:202)
at NYKAA_TestNG.TestNG.browser_quit(TestNG.java:202)
at NYKAA_TestNG.TestNG.browser_quit(TestNG.java:202)
at NYKAA_TestNG.TestNG.browser_quit(TestNG.java:202)
at NYKAA_TestNG.TestNG.browser_quit(TestNG.java:202)
at NYKAA_TestNG.TestNG.browser_quit(TestNG.java:202)
at NYKAA_TestNG.TestNG.browser_quit(TestNG.java:202)
at NYKAA_TestNG.TestNG.browser_quit(TestNG.java:202)
at NYKAA_TestNG.TestNG.browser_quit(TestNG.java:202)
at NYKAA_TestNG.TestNG.browser_quit(TestNG.java:202)
at NYKAA_TestNG.TestNG.browser_quit(TestNG.java:202)
at NYKAA_TestNG.TestNG.browser_quit(TestNG.java:202)
at NYKAA_TestNG.TestNG.browser_quit(TestNG.java:202)
at NYKAA_TestNG.TestNG.browser_quit(TestNG.java:202)
at NYKAA_TestNG.TestNG.browser_quit(TestNG.java:202)
at NYKAA_TestNG.TestNG.browser_quit(TestNG.java:202)
at NYKAA_TestNG.TestNG.browser_quit(TestNG.java:202)
at NYKAA_TestNG.TestNG.browser_quit(TestNG.java:202)
at NYKAA_TestNG.TestNG.browser_quit(TestNG.java:202)
at NYKAA_TestNG.TestNG.browser_quit(TestNG.java:202)
at NYKAA_TestNG.TestNG.browser_quit(TestNG.java:202)
at NYKAA_TestNG.TestNG.browser_quit(TestNG.java:202)
at NYKAA_TestNG.TestNG.browser_quit(TestNG.java:202)
at NYKAA_TestNG.TestNG.browser_quit(TestNG.java:202)
at NYKAA_TestNG.TestNG.browser_quit(TestNG.java:202)
at NYKAA_TestNG.TestNG.browser_quit(TestNG.java:202)
at NYKAA_TestNG.TestNG.browser_quit(TestNG.java:202)
at NYKAA_TestNG.TestNG.browser_quit(TestNG.java:202)
at NYKAA_TestNG.TestNG.browser_quit(TestNG.java:202)
at NYKAA_TestNG.TestNG.browser_quit(TestNG.java:202)
at NYKAA_TestNG.TestNG.browser_quit(TestNG.java:202)
at NYKAA_TestNG.TestNG.browser_quit(TestNG.java:202)
at NYKAA_TestNG.TestNG.browser_quit(TestNG.java:202)
at NYKAA_TestNG.TestNG.browser_quit(TestNG.java:202)
at NYKAA_TestNG.TestNG.browser_quit(TestNG.java:202)
at NYKAA_TestNG.TestNG.browser_quit(TestNG.java:202)
at NYKAA_TestNG.TestNG.browser_quit(TestNG.java:202)
at NYKAA_TestNG.TestNG.browser_quit(TestNG.java:202)
at NYKAA_TestNG.TestNG.browser_quit(TestNG.java:202)
at NYKAA_TestNG.TestNG.browser_quit(TestNG.java:202)
at NYKAA_TestNG.TestNG.browser_quit(TestNG.java:202)
at NYKAA_TestNG.TestNG.browser_quit(TestNG.java:202)
at NYKAA_TestNG.TestNG.browser_quit(TestNG.java:202)
at NYKAA_TestNG.TestNG.browser_quit(TestNG.java:202)
at NYKAA_TestNG.TestNG.browser_quit(TestNG.java:202)
at NYKAA_TestNG.TestNG.browser_quit(TestNG.java:202)
at NYKAA_TestNG.TestNG.browser_quit(TestNG.java:202)
at NYKAA_TestNG.TestNG.browser_quit(TestNG.java:202)
at NYKAA_TestNG.TestNG.browser_quit(TestNG.java:202)
at NYKAA_TestNG.TestNG.browser_quit(TestNG.java:202)
at NYKAA_TestNG.TestNG.browser_quit(TestNG.java:202)
at NYKAA_TestNG.TestNG.browser_quit(TestNG.java:202)
at NYKAA_TestNG.TestNG.browser_quit(TestNG.java:202)
at NYKAA_TestNG.TestNG.browser_quit(TestNG.java:202)
at NYKAA_TestNG.TestNG.browser_quit(TestNG.java:202)
at NYKAA_TestNG.TestNG.browser_quit(TestNG.java:202)
at NYKAA_TestNG.TestNG.browser_quit(TestNG.java:202)
at NYKAA_TestNG.TestNG.browser_quit(TestNG.java:202)
at NYKAA_TestNG.TestNG.browser_quit(TestNG.java:202)
at NYKAA_TestNG.TestNG.browser_quit(TestNG.java:202)
at NYKAA_TestNG.TestNG.browser_quit(TestNG.java:202)
at NYKAA_TestNG.TestNG.browser_quit(TestNG.java:202)
at NYKAA_TestNG.TestNG.browser_quit(TestNG.java:202)
at NYKAA_TestNG.TestNG.browser_quit(TestNG.java:202)
at NYKAA_TestNG.TestNG.browser_quit(TestNG.java:202)
at NYKAA_TestNG.TestNG.browser_quit(TestNG.java:202)
at NYKAA_TestNG.TestNG.browser_quit(TestNG.java:202)
at NYKAA_TestNG.TestNG.browser_quit(TestNG.java:202)
at NYKAA_TestNG.TestNG.browser_quit(TestNG.java:202)
at NYKAA_TestNG.TestNG.browser_quit(TestNG.java:202)
at NYKAA_TestNG.TestNG.browser_quit(TestNG.java:202)
at NYKAA_TestNG.TestNG.browser_quit(TestNG.java:202)
at NYKAA_TestNG.TestNG.browser_quit(TestNG.java:202)
at NYKAA_TestNG.TestNG.browser_quit(TestNG.java:202)
at NYKAA_TestNG.TestNG.browser_quit(TestNG.java:202)
at NYKAA_TestNG.TestNG.browser_quit(TestNG.java:202)
at NYKAA_TestNG.TestNG.browser_quit(TestNG.java:202)
at NYKAA_TestNG.TestNG.browser_quit(TestNG.java:202)
at NYKAA_TestNG.TestNG.browser_quit(TestNG.java:202)
at NYKAA_TestNG.TestNG.browser_quit(TestNG.java:202)
at NYKAA_TestNG.TestNG.browser_quit(TestNG.java:202)
at NYKAA_TestNG.TestNG.browser_quit(TestNG.java:202)
at NYKAA_TestNG.TestNG.browser_quit(TestNG.java:202)
at NYKAA_TestNG.TestNG.browser_quit(TestNG.java:202)
at NYKAA_TestNG.TestNG.browser_quit(TestNG.java:202)
at NYKAA_TestNG.TestNG.browser_quit(TestNG.java:202)
at NYKAA_TestNG.TestNG.browser_quit(TestNG.java:202)
at NYKAA_TestNG.TestNG.browser_quit(TestNG.java:202)
at NYKAA_TestNG.TestNG.browser_quit(TestNG.java:202)
at NYKAA_TestNG.TestNG.browser_quit(TestNG.java:202)
at NYKAA_TestNG.TestNG.browser_quit(TestNG.java:202)
at NYKAA_TestNG.TestNG.browser_quit(TestNG.java:202)
at NYKAA_TestNG.TestNG.browser_quit(TestNG.java:202)
at NYKAA_TestNG.TestNG.browser_quit(TestNG.java:202)
at NYKAA_TestNG.TestNG.browser_quit(TestNG.java:202)
at NYKAA_TestNG.TestNG.browser_quit(TestNG.java:202)
at NYKAA_TestNG.TestNG.browser_quit(TestNG.java:202)
at NYKAA_TestNG.TestNG.browser_quit(TestNG.java:202)
at NYKAA_TestNG.TestNG.browser_quit(TestNG.java:202)
at NYKAA_TestNG.TestNG.browser_quit(TestNG.java:202)
at NYKAA_TestNG.TestNG.browser_quit(TestNG.java:202)
at NYKAA_TestNG.TestNG.browser_quit(TestNG.java:202)
at NYKAA_TestNG.TestNG.browser_quit(TestNG.java:202)
at NYKAA_TestNG.TestNG.browser_quit(TestNG.java:202)
at NYKAA_TestNG.TestNG.browser_quit(TestNG.java:202)
at NYKAA_TestNG.TestNG.browser_quit(TestNG.java:202)
at NYKAA_TestNG.TestNG.browser_quit(TestNG.java:202)
at NYKAA_TestNG.TestNG.browser_quit(TestNG.java:202)
at NYKAA_TestNG.TestNG.browser_quit(TestNG.java:202)
at NYKAA_TestNG.TestNG.browser_quit(TestNG.java:202)
at NYKAA_TestNG.TestNG.browser_quit(TestNG.java:202)
at NYKAA_TestNG.TestNG.browser_quit(TestNG.java:202)
at NYKAA_TestNG.TestNG.browser_quit(TestNG.java:202)
at NYKAA_TestNG.TestNG.browser_quit(TestNG.java:202)
at NYKAA_TestNG.TestNG.browser_quit(TestNG.java:202)
at NYKAA_TestNG.TestNG.browser_quit(TestNG.java:202)
at NYKAA_TestNG.TestNG.browser_quit(TestNG.java:202)
at NYKAA_TestNG.TestNG.browser_quit(TestNG.java:202)
at NYKAA_TestNG.TestNG.browser_quit(TestNG.java:202)
at NYKAA_TestNG.TestNG.browser_quit(TestNG.java:202)
at NYKAA_TestNG.TestNG.browser_quit(TestNG.java:202)
at NYKAA_TestNG.TestNG.browser_quit(TestNG.java:202)
at NYKAA_TestNG.TestNG.browser_quit(TestNG.java:202)
at NYKAA_TestNG.TestNG.browser_quit(TestNG.java:202)
at NYKAA_TestNG.TestNG.browser_quit(TestNG.java:202)
at NYKAA_TestNG.TestNG.browser_quit(TestNG.java:202)
at NYKAA_TestNG.TestNG.browser_quit(TestNG.java:202)
at NYKAA_TestNG.TestNG.browser_quit(TestNG.java:202)
at NYKAA_TestNG.TestNG.browser_quit(TestNG.java:202)
at NYKAA_TestNG.TestNG.browser_quit(TestNG.java:202)
at NYKAA_TestNG.TestNG.browser_quit(TestNG.java:202)
at NYKAA_TestNG.TestNG.browser_quit(TestNG.java:202)
at NYKAA_TestNG.TestNG.browser_quit(TestNG.java:202)
at NYKAA_TestNG.TestNG.browser_quit(TestNG.java:202)
at NYKAA_TestNG.TestNG.browser_quit(TestNG.java:202)
at NYKAA_TestNG.TestNG.browser_quit(TestNG.java:202)
at NYKAA_TestNG.TestNG.browser_quit(TestNG.java:202)
at NYKAA_TestNG.TestNG.browser_quit(TestNG.java:202)
at NYKAA_TestNG.TestNG.browser_quit(TestNG.java:202)
at NYKAA_TestNG.TestNG.browser_quit(TestNG.java:202)
at NYKAA_TestNG.TestNG.browser_quit(TestNG.java:202)
at NYKAA_TestNG.TestNG.browser_quit(TestNG.java:202)
at NYKAA_TestNG.TestNG.browser_quit(TestNG.java:202)
at NYKAA_TestNG.TestNG.browser_quit(TestNG.java:202)
at NYKAA_TestNG.TestNG.browser_quit(TestNG.java:202)
at NYKAA_TestNG.TestNG.browser_quit(TestNG.java:202)
at NYKAA_TestNG.TestNG.browser_quit(TestNG.java:202)
at NYKAA_TestNG.TestNG.browser_quit(TestNG.java:202)
at NYKAA_TestNG.TestNG.browser_quit(TestNG.java:202)
at NYKAA_TestNG.TestNG.browser_quit(TestNG.java:202)
at NYKAA_TestNG.TestNG.browser_quit(TestNG.java:202)
at NYKAA_TestNG.TestNG.browser_quit(TestNG.java:202)
at NYKAA_TestNG.TestNG.browser_quit(TestNG.java:202)
at NYKAA_TestNG.TestNG.browser_quit(TestNG.java:202)
at NYKAA_TestNG.TestNG.browser_quit(TestNG.java:202)
at NYKAA_TestNG.TestNG.browser_quit(TestNG.java:202)
at NYKAA_TestNG.TestNG.browser_quit(TestNG.java:202)
at NYKAA_TestNG.TestNG.browser_quit(TestNG.java:202)
at NYKAA_TestNG.TestNG.browser_quit(TestNG.java:202)
at NYKAA_TestNG.TestNG.browser_quit(TestNG.java:202)
at NYKAA_TestNG.TestNG.browser_quit(TestNG.java:202)
at NYKAA_TestNG.TestNG.browser_quit(TestNG.java:202)
at NYKAA_TestNG.TestNG.browser_quit(TestNG.java:202)
at NYKAA_TestNG.TestNG.browser_quit(TestNG.java:202)
at NYKAA_TestNG.TestNG.browser_quit(TestNG.java:202)
at NYKAA_TestNG.TestNG.browser_quit(TestNG.java:202)
at NYKAA_TestNG.TestNG.browser_quit(TestNG.java:202)
at NYKAA_TestNG.TestNG.browser_quit(TestNG.java:202)
at NYKAA_TestNG.TestNG.browser_quit(TestNG.java:202)
at NYKAA_TestNG.TestNG.browser_quit(TestNG.java:202)
at NYKAA_TestNG.TestNG.browser_quit(TestNG.java:202)
at NYKAA_TestNG.TestNG.browser_quit(TestNG.java:202)
at NYKAA_TestNG.TestNG.browser_quit(TestNG.java:202)
at NYKAA_TestNG.TestNG.browser_quit(TestNG.java:202)
at NYKAA_TestNG.TestNG.browser_quit(TestNG.java:202)
at NYKAA_TestNG.TestNG.browser_quit(TestNG.java:202)
at NYKAA_TestNG.TestNG.browser_quit(TestNG.java:202)
at NYKAA_TestNG.TestNG.browser_quit(TestNG.java:202)
at NYKAA_TestNG.TestNG.browser_quit(TestNG.java:202)
at NYKAA_TestNG.TestNG.browser_quit(TestNG.java:202)
at NYKAA_TestNG.TestNG.browser_quit(TestNG.java:202)
at NYKAA_TestNG.TestNG.browser_quit(TestNG.java:202)
at NYKAA_TestNG.TestNG.browser_quit(TestNG.java:202)
at NYKAA_TestNG.TestNG.browser_quit(TestNG.java:202)
at NYKAA_TestNG.TestNG.browser_quit(TestNG.java:202)
at NYKAA_TestNG.TestNG.browser_quit(TestNG.java:202)
at NYKAA_TestNG.TestNG.browser_quit(TestNG.java:202)
at NYKAA_TestNG.TestNG.browser_quit(TestNG.java:202)
at NYKAA_TestNG.TestNG.browser_quit(TestNG.java:202)
at NYKAA_TestNG.TestNG.browser_quit(TestNG.java:202)
at NYKAA_TestNG.TestNG.browser_quit(TestNG.java:202)
at NYKAA_TestNG.TestNG.browser_quit(TestNG.java:202)
at NYKAA_TestNG.TestNG.browser_quit(TestNG.java:202)
at NYKAA_TestNG.TestNG.browser_quit(TestNG.java:202)
at NYKAA_TestNG.TestNG.browser_quit(TestNG.java:202)
at NYKAA_TestNG.TestNG.browser_quit(TestNG.java:202)
at NYKAA_TestNG.TestNG.browser_quit(TestNG.java:202)
at NYKAA_TestNG.TestNG.browser_quit(TestNG.java:202)
at NYKAA_TestNG.TestNG.browser_quit(TestNG.java:202)
at NYKAA_TestNG.TestNG.browser_quit(TestNG.java:202)
at NYKAA_TestNG.TestNG.browser_quit(TestNG.java:202)
at NYKAA_TestNG.TestNG.browser_quit(TestNG.java:202)
at NYKAA_TestNG.TestNG.browser_quit(TestNG.java:202)
at NYKAA_TestNG.TestNG.browser_quit(TestNG.java:202)
at NYKAA_TestNG.TestNG.browser_quit(TestNG.java:202)
at NYKAA_TestNG.TestNG.browser_quit(TestNG.java:202)
at NYKAA_TestNG.TestNG.browser_quit(TestNG.java:202)
at NYKAA_TestNG.TestNG.browser_quit(TestNG.java:202)
at NYKAA_TestNG.TestNG.browser_quit(TestNG.java:202)
at NYKAA_TestNG.TestNG.browser_quit(TestNG.java:202)
at NYKAA_TestNG.TestNG.browser_quit(TestNG.java:202)
at NYKAA_TestNG.TestNG.browser_quit(TestNG.java:202)
at NYKAA_TestNG.TestNG.browser_quit(TestNG.java:202)
at NYKAA_TestNG.TestNG.browser_quit(TestNG.java:202)
at NYKAA_TestNG.TestNG.browser_quit(TestNG.java:202)
at NYKAA_TestNG.TestNG.browser_quit(TestNG.java:202)
at NYKAA_TestNG.TestNG.browser_quit(TestNG.java:202)
at NYKAA_TestNG.TestNG.browser_quit(TestNG.java:202)
at NYKAA_TestNG.TestNG.browser_quit(TestNG.java:202)
at NYKAA_TestNG.TestNG.browser_quit(TestNG.java:202)
at NYKAA_TestNG.TestNG.browser_quit(TestNG.java:202)
at NYKAA_TestNG.TestNG.browser_quit(TestNG.java:202)
at NYKAA_TestNG.TestNG.browser_quit(TestNG.java:202)
at NYKAA_TestNG.TestNG.browser_quit(TestNG.java:202)
at NYKAA_TestNG.TestNG.browser_quit(TestNG.java:202)
at NYKAA_TestNG.TestNG.browser_quit(TestNG.java:202)
at NYKAA_TestNG.TestNG.browser_quit(TestNG.java:202)
at NYKAA_TestNG.TestNG.browser_quit(TestNG.java:202)
at NYKAA_TestNG.TestNG.browser_quit(TestNG.java:202)
at NYKAA_TestNG.TestNG.browser_quit(TestNG.java:202)
at NYKAA_TestNG.TestNG.browser_quit(TestNG.java:202)
at NYKAA_TestNG.TestNG.browser_quit(TestNG.java:202)
at NYKAA_TestNG.TestNG.browser_quit(TestNG.java:202)
at NYKAA_TestNG.TestNG.browser_quit(TestNG.java:202)
at NYKAA_TestNG.TestNG.browser_quit(TestNG.java:202)
at NYKAA_TestNG.TestNG.browser_quit(TestNG.java:202)
at NYKAA_TestNG.TestNG.browser_quit(TestNG.java:202)
at NYKAA_TestNG.TestNG.browser_quit(TestNG.java:202)
at NYKAA_TestNG.TestNG.browser_quit(TestNG.java:202)
at NYKAA_TestNG.TestNG.browser_quit(TestNG.java:202)
at NYKAA_TestNG.TestNG.browser_quit(TestNG.java:202)
at NYKAA_TestNG.TestNG.browser_quit(TestNG.java:202)
at NYKAA_TestNG.TestNG.browser_quit(TestNG.java:202)
at NYKAA_TestNG.TestNG.browser_quit(TestNG.java:202)
at NYKAA_TestNG.TestNG.browser_quit(TestNG.java:202)
at NYKAA_TestNG.TestNG.browser_quit(TestNG.java:202)
at NYKAA_TestNG.TestNG.browser_quit(TestNG.java:202)
at NYKAA_TestNG.TestNG.browser_quit(TestNG.java:202)
at NYKAA_TestNG.TestNG.browser_quit(TestNG.java:202)
at NYKAA_TestNG.TestNG.browser_quit(TestNG.java:202)
at NYKAA_TestNG.TestNG.browser_quit(TestNG.java:202)
at NYKAA_TestNG.TestNG.browser_quit(TestNG.java:202)
at NYKAA_TestNG.TestNG.browser_quit(TestNG.java:202)
at NYKAA_TestNG.TestNG.browser_quit(TestNG.java:202)
at NYKAA_TestNG.TestNG.browser_quit(TestNG.java:202)
at NYKAA_TestNG.TestNG.browser_quit(TestNG.java:202)
at NYKAA_TestNG.TestNG.browser_quit(TestNG.java:202)
at NYKAA_TestNG.TestNG.browser_quit(TestNG.java:202)
at NYKAA_TestNG.TestNG.browser_quit(TestNG.java:202)
at NYKAA_TestNG.TestNG.browser_quit(TestNG.java:202)
at NYKAA_TestNG.TestNG.browser_quit(TestNG.java:202)
at NYKAA_TestNG.TestNG.browser_quit(TestNG.java:202)
at NYKAA_TestNG.TestNG.browser_quit(TestNG.java:202)
at NYKAA_TestNG.TestNG.browser_quit(TestNG.java:202)
at NYKAA_TestNG.TestNG.browser_quit(TestNG.java:202)
at NYKAA_TestNG.TestNG.browser_quit(TestNG.java:202)
at NYKAA_TestNG.TestNG.browser_quit(TestNG.java:202)
at NYKAA_TestNG.TestNG.browser_quit(TestNG.java:202)
at NYKAA_TestNG.TestNG.browser_quit(TestNG.java:202)
at NYKAA_TestNG.TestNG.browser_quit(TestNG.java:202)
at NYKAA_TestNG.TestNG.browser_quit(TestNG.java:202)
at NYKAA_TestNG.TestNG.browser_quit(TestNG.java:202)
at NYKAA_TestNG.TestNG.browser_quit(TestNG.java:202)
at NYKAA_TestNG.TestNG.browser_quit(TestNG.java:202)
at NYKAA_TestNG.TestNG.browser_quit(TestNG.java:202)
at NYKAA_TestNG.TestNG.browser_quit(TestNG.java:202)
at NYKAA_TestNG.TestNG.browser_quit(TestNG.java:202)
at NYKAA_TestNG.TestNG.browser_quit(TestNG.java:202)
at NYKAA_TestNG.TestNG.browser_quit(TestNG.java:202)
at NYKAA_TestNG.TestNG.browser_quit(TestNG.java:202)
at NYKAA_TestNG.TestNG.browser_quit(TestNG.java:202)
at NYKAA_TestNG.TestNG.browser_quit(TestNG.java:202)
at NYKAA_TestNG.TestNG.browser_quit(TestNG.java:202)
at NYKAA_TestNG.TestNG.browser_quit(TestNG.java:202)
at NYKAA_TestNG.TestNG.browser_quit(TestNG.java:202)
at NYKAA_TestNG.TestNG.browser_quit(TestNG.java:202)
at NYKAA_TestNG.TestNG.browser_quit(TestNG.java:202)
at NYKAA_TestNG.TestNG.browser_quit(TestNG.java:202)
at NYKAA_TestNG.TestNG.browser_quit(TestNG.java:202)
at NYKAA_TestNG.TestNG.browser_quit(TestNG.java:202)
at NYKAA_TestNG.TestNG.browser_quit(TestNG.java:202)
at NYKAA_TestNG.TestNG.browser_quit(TestNG.java:202)
at NYKAA_TestNG.TestNG.browser_quit(TestNG.java:202)
at NYKAA_TestNG.TestNG.browser_quit(TestNG.java:202)
at NYKAA_TestNG.TestNG.browser_quit(TestNG.java:202)
at NYKAA_TestNG.TestNG.browser_quit(TestNG.java:202)
at NYKAA_TestNG.TestNG.browser_quit(TestNG.java:202)
at NYKAA_TestNG.TestNG.browser_quit(TestNG.java:202)
at NYKAA_TestNG.TestNG.browser_quit(TestNG.java:202)
at NYKAA_TestNG.TestNG.browser_quit(TestNG.java:202)
at NYKAA_TestNG.TestNG.browser_quit(TestNG.java:202)
at NYKAA_TestNG.TestNG.browser_quit(TestNG.java:202)
at NYKAA_TestNG.TestNG.browser_quit(TestNG.java:202)
at NYKAA_TestNG.TestNG.browser_quit(TestNG.java:202)
at NYKAA_TestNG.TestNG.browser_quit(TestNG.java:202)
at NYKAA_TestNG.TestNG.browser_quit(TestNG.java:202)
at NYKAA_TestNG.TestNG.browser_quit(TestNG.java:202)
at NYKAA_TestNG.TestNG.browser_quit(TestNG.java:202)
at NYKAA_TestNG.TestNG.browser_quit(TestNG.java:202)
at NYKAA_TestNG.TestNG.browser_quit(TestNG.java:202)
at NYKAA_TestNG.TestNG.browser_quit(TestNG.java:202)
at NYKAA_TestNG.TestNG.browser_quit(TestNG.java:202)
at NYKAA_TestNG.TestNG.browser_quit(TestNG.java:202)
at NYKAA_TestNG.TestNG.browser_quit(TestNG.java:202)
at NYKAA_TestNG.TestNG.browser_quit(TestNG.java:202)
at NYKAA_TestNG.TestNG.browser_quit(TestNG.java:202)
at NYKAA_TestNG.TestNG.browser_quit(TestNG.java:202)
at NYKAA_TestNG.TestNG.browser_quit(TestNG.java:202)
at NYKAA_TestNG.TestNG.browser_quit(TestNG.java:202)
at NYKAA_TestNG.TestNG.browser_quit(TestNG.java:202)
at NYKAA_TestNG.TestNG.browser_quit(TestNG.java:202)
at NYKAA_TestNG.TestNG.browser_quit(TestNG.java:202)
at NYKAA_TestNG.TestNG.browser_quit(TestNG.java:202)
at NYKAA_TestNG.TestNG.browser_quit(TestNG.java:202)
at NYKAA_TestNG.TestNG.browser_quit(TestNG.java:202)
at NYKAA_TestNG.TestNG.browser_quit(TestNG.java:202)
at NYKAA_TestNG.TestNG.browser_quit(TestNG.java:202)
at NYKAA_TestNG.TestNG.browser_quit(TestNG.java:202)
at NYKAA_TestNG.TestNG.browser_quit(TestNG.java:202)
at NYKAA_TestNG.TestNG.browser_quit(TestNG.java:202)
at NYKAA_TestNG.TestNG.browser_quit(TestNG.java:202)
at NYKAA_TestNG.TestNG.browser_quit(TestNG.java:202)
at NYKAA_TestNG.TestNG.browser_quit(TestNG.java:202)
at NYKAA_TestNG.TestNG.browser_quit(TestNG.java:202)
at NYKAA_TestNG.TestNG.browser_quit(TestNG.java:202)
at NYKAA_TestNG.TestNG.browser_quit(TestNG.java:202)
at NYKAA_TestNG.TestNG.browser_quit(TestNG.java:202)
at NYKAA_TestNG.TestNG.browser_quit(TestNG.java:202)
at NYKAA_TestNG.TestNG.browser_quit(TestNG.java:202)
at NYKAA_TestNG.TestNG.browser_quit(TestNG.java:202)
at NYKAA_TestNG.TestNG.browser_quit(TestNG.java:202)
at NYKAA_TestNG.TestNG.browser_quit(TestNG.java:202)
at NYKAA_TestNG.TestNG.browser_quit(TestNG.java:202)
at NYKAA_TestNG.TestNG.browser_quit(TestNG.java:202)
at NYKAA_TestNG.TestNG.browser_quit(TestNG.java:202)
at NYKAA_TestNG.TestNG.browser_quit(TestNG.java:202)
at NYKAA_TestNG.TestNG.browser_quit(TestNG.java:202)
at NYKAA_TestNG.TestNG.browser_quit(TestNG.java:202)
at NYKAA_TestNG.TestNG.browser_quit(TestNG.java:202)
at NYKAA_TestNG.TestNG.browser_quit(TestNG.java:202)
at NYKAA_TestNG.TestNG.browser_quit(TestNG.java:202)
at NYKAA_TestNG.TestNG.browser_quit(TestNG.java:202)
at NYKAA_TestNG.TestNG.browser_quit(TestNG.java:202)
at NYKAA_TestNG.TestNG.browser_quit(TestNG.java:202)
at NYKAA_TestNG.TestNG.browser_quit(TestNG.java:202)
at NYKAA_TestNG.TestNG.browser_quit(TestNG.java:202)
at NYKAA_TestNG.TestNG.browser_quit(TestNG.java:202)
at NYKAA_TestNG.TestNG.browser_quit(TestNG.java:202)
at NYKAA_TestNG.TestNG.browser_quit(TestNG.java:202)
at NYKAA_TestNG.TestNG.browser_quit(TestNG.java:202)
at NYKAA_TestNG.TestNG.browser_quit(TestNG.java:202)
at NYKAA_TestNG.TestNG.browser_quit(TestNG.java:202)
at NYKAA_TestNG.TestNG.browser_quit(TestNG.java:202)
at NYKAA_TestNG.TestNG.browser_quit(TestNG.java:202)
at NYKAA_TestNG.TestNG.browser_quit(TestNG.java:202)
at NYKAA_TestNG.TestNG.browser_quit(TestNG.java:202)
at NYKAA_TestNG.TestNG.browser_quit(TestNG.java:202)
at NYKAA_TestNG.TestNG.browser_quit(TestNG.java:202)
at NYKAA_TestNG.TestNG.browser_quit(TestNG.java:202)
at NYKAA_TestNG.TestNG.browser_quit(TestNG.java:202)
at NYKAA_TestNG.TestNG.browser_quit(TestNG.java:202)
at NYKAA_TestNG.TestNG.browser_quit(TestNG.java:202)
at NYKAA_TestNG.TestNG.browser_quit(TestNG.java:202)
at NYKAA_TestNG.TestNG.browser_quit(TestNG.java:202)
at NYKAA_TestNG.TestNG.browser_quit(TestNG.java:202)
at NYKAA_TestNG.TestNG.browser_quit(TestNG.java:202)
at NYKAA_TestNG.TestNG.browser_quit(TestNG.java:202)
at NYKAA_TestNG.TestNG.browser_quit(TestNG.java:202)
at NYKAA_TestNG.TestNG.browser_quit(TestNG.java:202)
at NYKAA_TestNG.TestNG.browser_quit(TestNG.java:202)
at NYKAA_TestNG.TestNG.browser_quit(TestNG.java:202)
at NYKAA_TestNG.TestNG.browser_quit(TestNG.java:202)
at NYKAA_TestNG.TestNG.browser_quit(TestNG.java:202)
at NYKAA_TestNG.TestNG.browser_quit(TestNG.java:202)
at NYKAA_TestNG.TestNG.browser_quit(TestNG.java:202)
at NYKAA_TestNG.TestNG.browser_quit(TestNG.java:202)
at NYKAA_TestNG.TestNG.browser_quit(TestNG.java:202)
at NYKAA_TestNG.TestNG.browser_quit(TestNG.java:202)
at NYKAA_TestNG.TestNG.browser_quit(TestNG.java:202)
at NYKAA_TestNG.TestNG.browser_quit(TestNG.java:202)
at NYKAA_TestNG.TestNG.browser_quit(TestNG.java:202)
at NYKAA_TestNG.TestNG.browser_quit(TestNG.java:202)
at NYKAA_TestNG.TestNG.browser_quit(TestNG.java:202)
at NYKAA_TestNG.TestNG.browser_quit(TestNG.java:202)
at NYKAA_TestNG.TestNG.browser_quit(TestNG.java:202)
at NYKAA_TestNG.TestNG.browser_quit(TestNG.java:202)
at NYKAA_TestNG.TestNG.browser_quit(TestNG.java:202)
at NYKAA_TestNG.TestNG.browser_quit(TestNG.java:202)
at NYKAA_TestNG.TestNG.browser_quit(TestNG.java:202)
at NYKAA_TestNG.TestNG.browser_quit(TestNG.java:202)
at NYKAA_TestNG.TestNG.browser_quit(TestNG.java:202)
at NYKAA_TestNG.TestNG.browser_quit(TestNG.java:202)
at NYKAA_TestNG.TestNG.browser_quit(TestNG.java:202)
at NYKAA_TestNG.TestNG.browser_quit(TestNG.java:202)
at NYKAA_TestNG.TestNG.browser_quit(TestNG.java:202)
at NYKAA_TestNG.TestNG.browser_quit(TestNG.java:202)
at NYKAA_TestNG.TestNG.browser_quit(TestNG.java:202)
at NYKAA_TestNG.TestNG.browser_quit(TestNG.java:202)
at NYKAA_TestNG.TestNG.browser_quit(TestNG.java:202)
at NYKAA_TestNG.TestNG.browser_quit(TestNG.java:202)
at NYKAA_TestNG.TestNG.browser_quit(TestNG.java:202)
at NYKAA_TestNG.TestNG.browser_quit(TestNG.java:202)
at NYKAA_TestNG.TestNG.browser_quit(TestNG.java:202)
at NYKAA_TestNG.TestNG.browser_quit(TestNG.java:202)
at NYKAA_TestNG.TestNG.browser_quit(TestNG.java:202)
at NYKAA_TestNG.TestNG.browser_quit(TestNG.java:202)
at NYKAA_TestNG.TestNG.browser_quit(TestNG.java:202)
at NYKAA_TestNG.TestNG.browser_quit(TestNG.java:202)
at NYKAA_TestNG.TestNG.browser_quit(TestNG.java:202)
at NYKAA_TestNG.TestNG.browser_quit(TestNG.java:202)
at NYKAA_TestNG.TestNG.browser_quit(TestNG.java:202)
at NYKAA_TestNG.TestNG.browser_quit(TestNG.java:202)
at NYKAA_TestNG.TestNG.browser_quit(TestNG.java:202)
at NYKAA_TestNG.TestNG.browser_quit(TestNG.java:202)
at NYKAA_TestNG.TestNG.browser_quit(TestNG.java:202)
at NYKAA_TestNG.TestNG.browser_quit(TestNG.java:202)
at NYKAA_TestNG.TestNG.browser_quit(TestNG.java:202)
at NYKAA_TestNG.TestNG.browser_quit(TestNG.java:202)
at NYKAA_TestNG.TestNG.browser_quit(TestNG.java:202)
at NYKAA_TestNG.TestNG.browser_quit(TestNG.java:202)
at NYKAA_TestNG.TestNG.browser_quit(TestNG.java:202)
at NYKAA_TestNG.TestNG.browser_quit(TestNG.java:202)
at NYKAA_TestNG.TestNG.browser_quit(TestNG.java:202)
at NYKAA_TestNG.TestNG.browser_quit(TestNG.java:202)
at NYKAA_TestNG.TestNG.browser_quit(TestNG.java:202)
at NYKAA_TestNG.TestNG.browser_quit(TestNG.java:202)
at NYKAA_TestNG.TestNG.browser_quit(TestNG.java:202)
at NYKAA_TestNG.TestNG.browser_quit(TestNG.java:202)
at NYKAA_TestNG.TestNG.browser_quit(TestNG.java:202)
at NYKAA_TestNG.TestNG.browser_quit(TestNG.java:202)
at NYKAA_TestNG.TestNG.browser_quit(TestNG.java:202)
at NYKAA_TestNG.TestNG.browser_quit(TestNG.java:202)
at NYKAA_TestNG.TestNG.browser_quit(TestNG.java:202)
at NYKAA_TestNG.TestNG.browser_quit(TestNG.java:202)
at NYKAA_TestNG.TestNG.browser_quit(TestNG.java:202)
at NYKAA_TestNG.TestNG.browser_quit(TestNG.java:202)
at NYKAA_TestNG.TestNG.browser_quit(TestNG.java:202)
at NYKAA_TestNG.TestNG.browser_quit(TestNG.java:202)
at NYKAA_TestNG.TestNG.browser_quit(TestNG.java:202)
at NYKAA_TestNG.TestNG.browser_quit(TestNG.java:202)
at NYKAA_TestNG.TestNG.browser_quit(TestNG.java:202)
at NYKAA_TestNG.TestNG.browser_quit(TestNG.java:202)
at NYKAA_TestNG.TestNG.browser_quit(TestNG.java:202)
at NYKAA_TestNG.TestNG.browser_quit(TestNG.java:202)
at NYKAA_TestNG.TestNG.browser_quit(TestNG.java:202)
at NYKAA_TestNG.TestNG.browser_quit(TestNG.java:202)
at NYKAA_TestNG.TestNG.browser_quit(TestNG.java:202)
at NYKAA_TestNG.TestNG.browser_quit(TestNG.java:202)
at NYKAA_TestNG.TestNG.browser_quit(TestNG.java:202)
at NYKAA_TestNG.TestNG.browser_quit(TestNG.java:202)
at NYKAA_TestNG.TestNG.browser_quit(TestNG.java:202)
at NYKAA_TestNG.TestNG.browser_quit(TestNG.java:202)
at NYKAA_TestNG.TestNG.browser_quit(TestNG.java:202)
at NYKAA_TestNG.TestNG.browser_quit(TestNG.java:202)
at NYKAA_TestNG.TestNG.browser_quit(TestNG.java:202)
at NYKAA_TestNG.TestNG.browser_quit(TestNG.java:202)
at NYKAA_TestNG.TestNG.browser_quit(TestNG.java:202)
at NYKAA_TestNG.TestNG.browser_quit(TestNG.java:202)
at NYKAA_TestNG.TestNG.browser_quit(TestNG.java:202)
at NYKAA_TestNG.TestNG.browser_quit(TestNG.java:202)
at NYKAA_TestNG.TestNG.browser_quit(TestNG.java:202)
at NYKAA_TestNG.TestNG.browser_quit(TestNG.java:202)
at NYKAA_TestNG.TestNG.browser_quit(TestNG.java:202)
at NYKAA_TestNG.TestNG.browser_quit(TestNG.java:202)
at NYKAA_TestNG.TestNG.browser_quit(TestNG.java:202)
at NYKAA_TestNG.TestNG.browser_quit(TestNG.java:202)
at NYKAA_TestNG.TestNG.browser_quit(TestNG.java:202)
at NYKAA_TestNG.TestNG.browser_quit(TestNG.java:202)
at NYKAA_TestNG.TestNG.browser_quit(TestNG.java:202)
at NYKAA_TestNG.TestNG.browser_quit(TestNG.java:202)
at NYKAA_TestNG.TestNG.browser_quit(TestNG.java:202)
at NYKAA_TestNG.TestNG.browser_quit(TestNG.java:202)
at NYKAA_TestNG.TestNG.browser_quit(TestNG.java:202)
at NYKAA_TestNG.TestNG.browser_quit(TestNG.java:202)
at NYKAA_TestNG.TestNG.browser_quit(TestNG.java:202)
at NYKAA_TestNG.TestNG.browser_quit(TestNG.java:202)
at NYKAA_TestNG.TestNG.browser_quit(TestNG.java:202)
at NYKAA_TestNG.TestNG.browser_quit(TestNG.java:202)
at NYKAA_TestNG.TestNG.browser_quit(TestNG.java:202)
at NYKAA_TestNG.TestNG.browser_quit(TestNG.java:202)
at NYKAA_TestNG.TestNG.browser_quit(TestNG.java:202)
at NYKAA_TestNG.TestNG.browser_quit(TestNG.java:202)
at NYKAA_TestNG.TestNG.browser_quit(TestNG.java:202)
at NYKAA_TestNG.TestNG.browser_quit(TestNG.java:202)
at NYKAA_TestNG.TestNG.browser_quit(TestNG.java:202)
at NYKAA_TestNG.TestNG.browser_quit(TestNG.java:202)
at NYKAA_TestNG.TestNG.browser_quit(TestNG.java:202)
at NYKAA_TestNG.TestNG.browser_quit(TestNG.java:202)
at NYKAA_TestNG.TestNG.browser_quit(TestNG.java:202)
at NYKAA_TestNG.TestNG.browser_quit(TestNG.java:202)
at NYKAA_TestNG.TestNG.browser_quit(TestNG.java:202)
at NYKAA_TestNG.TestNG.browser_quit(TestNG.java:202)
at NYKAA_TestNG.TestNG.browser_quit(TestNG.java:202)
at NYKAA_TestNG.TestNG.browser_quit(TestNG.java:202)
at NYKAA_TestNG.TestNG.browser_quit(TestNG.java:202)
at NYKAA_TestNG.TestNG.browser_quit(TestNG.java:202)
at NYKAA_TestNG.TestNG.browser_quit(TestNG.java:202)
at NYKAA_TestNG.TestNG.browser_quit(TestNG.java:202)
at NYKAA_TestNG.TestNG.browser_quit(TestNG.java:202)
at NYKAA_TestNG.TestNG.browser_quit(TestNG.java:202)
]]>
    </error>
  </testcase> <!-- browser_quit -->
  <system-out/>
  <testcase classname="NYKAA_TestNG.TestNG" name="Product_Page_TO_Cart" time="11.836"/>
  <system-out/>
  <testcase classname="NYKAA_TestNG.TestNG" name="Payment_Method" time="5.824"/>
  <system-out/>
  <testcase classname="NYKAA_TestNG.TestNG" name="log_Out" time="5.556"/>
  <system-out/>
</testsuite> <!-- NYKAA_TestNG.TestNG -->
