<?xml version="1.0" encoding="UTF-8"?>
<!-- Generated by org.testng.reporters.JUnitReportReporter -->
<testsuite hostname="DESKTOP-AD1H9CQ" failures="0" tests="2" name="NYKAA_TestNG.TestNG_Parallel" time="26.551" errors="0" timestamp="2023-05-19T11:58:31 IST" skipped="0">
  <testcase classname="NYKAA_TestNG.TestNG_Parallel" name="browser_Launch" time="13.281"/>
  <system-out/>
  <testcase classname="NYKAA_TestNG.TestNG_Parallel" name="browser_Launch1" time="13.270"/>
  <system-out/>
</testsuite> <!-- NYKAA_TestNG.TestNG_Parallel -->
